231,"GZ":0.028911,"LAT":0,"LNG":0,"GPS_ALT":0,"SAT":0,"SPD":0,"DIR":0,"MST":23.38715,"TS":252915}
{"TMP_BMP":24.4,"TMP_AHT":37.33978,"TMP_MPU1":42.41235,"TMP_MPU2":41.61235,"PRS":1002.333,"ALT":-1.751831,"AX":0.378284,"AY":0.454898,"AZ":9.763555,"GX":0.025647,"GY":0.087933,"GZ":0.027446,"LAT":0,"LNG":0,"GPS_ALT":0,"SAT":0,"SPD":0,"DIR":0,"MST":23.40622,"TS":253196}
{"TMP_BMP":24.4,"TMP_AHT":37.26931,"TMP_MPU#:424176,"TMP_MPU2":41.42412,"PRS":1002.316,"ALT":-1.759758,"AX":-0.32202,"AY":0.414197,"AZ":10.16099,"GX":-0.002931,"GY":0.051294,"GZ":0.0:0,"GPS_ALT":0,"SAT":0,"SPD":0,"DIR":0,"MST":23.38638,"TS":253630}
{"TMP_BMP":24.4,"TMP_AHT":37.21361,"TMP_MPU1":42.41235,"TMP_MPU2":41.56529,"PRS":1002.315,"ALT":-1.606506,"AX":-0.181959,"AY":0.379481,"AZ":10.01973,"GX":-0.000866,"GY":0.063485,"GZ":0.026846,"LAT":0,"LNG":0,"GPS_ALT":0,"SAT":0,"SPD":0,"DIR":0,"MST":23.39249,"TS":253912}
{"TMP_BMP":24.41,"TMP_AHT":37.07838,"TMP_MPU1":42.60059,"TMP_MPU2":41.56529,"PRS":1002.314,"ALT":-1.598579,"AX":-0.501585,"AY":0.517148,"AZ":10.24599,"GX":0.017587,"GY":0.170736,"GZ":0.027579,"LAT":0,"LNG":0,"GPS_ALT":0,"SAT":0,"SPD":0,"DIR":0,"MST":23.39535,"TS":254193}
{"TMP_BMP":24.4,"TMP_AHT":37.03957,"TMP_MPU1":42.60059,"TMP_MPU2":41.70647,"PRS":1002.317,"ALT":-1.62236,"AX":-0.581791,"AY":0.476446,"AZ":10.42316,"GX":0.01792,"GY":0.036905,"GZ":0.056423,"LAT":0,"LNG":0,"GPS_ALT":0,"SAT":0,"SPD":0,"DIR":0,"MST":23.40355,"TS":254620}
{"TMP_BMP":24.4,"TMP_AHT":36.96556,"TMP_MPU1":42.45941,"TMP_MPU2":41.61235,"PRS":1002.293,"ALT":-1.41626,"AX":-0.208296,"AY":0.482432,"AZ":10.08917,"GX":0.006528,"GY":0.031443,"GZ":0.032042,"LAT":0,"LNG":0,"GPS_ALT":0,"SAT":0,"SPD":0,"DIR":0,"MST":23.4148,"TS":254900}
{"TMP_BMP":24.4,"TMP_AHT":36.84063,"TMP_MPU1":42.50647,"TMP_MPU2":41.70647,"PRS":1002.29,"ALT":-1.395119,"AX":0.026336,"AY":0.489614,"AZ":9.946711,"GX":0.010592,"GY":0.059554,"GZ":0.024714,"LAT":0,"LNG":0,"GPS_ALT":0,"SAT":0,"SPD":0,"DIR":0,"MST":23.38696,"TS":255178}
{"TMP_BMP":24.4,"TMP_AHT":36.73906,"TMP_MPU1":42.31823,"TMP_MPU2":41.75353,"PRS":1002.296,"ALT":-1.445328,"AX":-0.105345,"AY":0.435745,"AZ":10.05325,"GX":0.016521,"GY":0.051294,"GZ":0.031176,"LAT":0,"LNG":0,"GPS_ALT":0,"SAT":0,"SPD":0,"DIR":0,"MST":23.37303,"TS":255559}
{"TMP_BMP":24.39,"TMP_AHT":36.68661,"TMP_MPU1":42.50647,"TMP_MPU2":41.70647,"PRS":1002.273,"ALT":-1.252441,"AX":-0.28491,"AY":0.502782,"AZ":10.18493,"GX":0.007528,"GY":0.03424,"GZ":0.028578,"LAT":0,"LNG":0,"GPS_ALT":0,"SAT":0,"SPD":0,"DIR":0,"MST":23.40584,"TS":255842}
{"TMP_BMP":24.4,"TMP_AHT":36.62672,"TMP_MPU1":42.60059,"TMP_MPU2":41.75353,"PRS":1002.31,"ALT":-1.558945,"AX":-0.457293,"AY":0.442927,"AZ":10.30464,"GX":0.013723,"GY":0.024581,"GZ":0.027446,"LAT":0,"LNG":0,"GPS_ALT":0,"SAT":0,"SPD":0,"DIR":0,"MST":23.39802,"TS":256121}
{"TMP_BMP":24.4,"TMP_AHT":36.54547,"TMP_MPU1":42.60059,"TMP_MPU2":41.89471,"PRS":1002.315,"ALT":-1.606506,"AX":-0.209493,"AY":0.453701,"AZ":10.14064,"GX":0.012457,"GY":0.041502,"GZ":0.027379,"LAT":0,"LNG":0,"GPS_ALT":0,"SAT":0,"SPD":0,"DIR":0,"MST":23.38047,"TS":256517}
{"TMP_BMP":24.4,"TMP_AHT":36.45849,"TMP_MPU1":42.27118,"TMP_MPU2":41.70647,"PRS":1002.305,"ALT":-1.51931,"AX":0.003591,"AY":0.379481,"AZ":10.00298,"GX":-0.014989,"GY":0.168404,"GZ":0.023116,"LAT":0,"LNG":0,"GPS_ALT":0,"SAT":0,"SPD":0,"DIR":0,"MST":23.40412,"TS":256814}
{"TMP_BMP":24.4,"TMP_AHT":36.40299,"TMP_MPU1":42.64764,"TMP_MPU2":41.47118,"PRS":1002.305,"ALT":-1.52195,"AX":0.326809,"AY":0.23942,"AZ":9.568427,"GX":-0.071412,"GY":0.271192,"GZ":0.020451,"LAT":0,"LNG":0,"GPS_ALT":0,"SAT":0,"SPD":0,"DIR":0,"MST":23.39859,"TS":257093}
{"TMP_BMP":24.41,"TMP_AHT":36.38039,"TMP_MPU1":42.45941,"TMP_MPU2":41.47118,"PRS":1002.306,"ALT":-1.527237,"AX":-0.02873,"AY":0.229843,"AZ":9.873688,"GX":-0.039303,"GY":0.075742,"GZ":0.032975,"LAT":0,"LNG":0,"GPS_ALT":0,"SAT":0,"SPD":0,"DIR":0,"MST":23.39001,"TS":257484}
{"TMP_BMP":24.42,"TMP_AHT":36.27644,"TMP_MPU1":42.41235,"TMP_MPU2":41.80059,"PRS":1002.312,"ALT":-1.582726,"AX":-0.432153,"AY":-0.011971,"AZ":10.09395,"GX":0.012057,"GY":0.030776,"GZ":0.042301,"LAT":0,"LNG":0,"GPS_ALT":0,"SAT":0,"SPD":0,"DIR":0,"MST":23.40183,"TS":257811}
{"TMP_BMP":24.41,"TMP_AHT":36.2237,"TMP_MPU1":42.41235,"TMP_MPU2":41.61235,"PRS":1002.327,"ALT":-1.704269,"AX":-0.344765,"AY":0.026336,"AZ":10.05804,"GX":0.011458,"GY":0.027246,"GZ":0.03051,"LAT":0,"LNG":0,"GPS_ALT":0,"SAT":0,"SPD":0,"DIR":0,"MST":23.39516,"TS":258094}
{"TMP_BMP":24.4,"TMP_AHT":36.16657,"TMP_MPU1":42.45941,"TMP_MPU2":41.28294,"PRS":1002.309,"ALT":-1.551018,"AX":-0.257377,"AY":0.125696,"AZ":10.09276,"GX":0.018786,"GY":0.039703,"GZ":0.030976,"LAT":0,"LNG":0,"GPS_ALT":0,"SAT":0,"SPD":0,"DIR":0,"MST":23.39973,"TS":258487}
{"TMP_BMP":24.4,"TMP_AHT":36.0755,"TMP_MPU1":42.41235,"TMP_MPU2":41.37706,"PRS":1002.31,"ALT":-1.564224,"AX":-0.283713,"AY":0.104148,"AZ":10.10353,"GX":0.013789,"GY":0.036239,"GZ":0.029377,"LAT":0,"LNG":0,"GPS_ALT":0,"SAT":0,"SPD":0,"DIR":0,"MST":23.37894,"TS":258817}
{"TMP_BMP":24.39,"TMP_AHT":35.98051,"TMP_MPU1":42.64764,"TMP_MPU2":41.56529,"PRS":1002.31,"ALT":-1.564224,"AX":-0.300472,"AY":0.134075,"AZ":10.1167,"GX":0.016254,"GY":0.044033,"GZ":0.028511,"LAT":0,"LNG":0,"GPS_ALT":0,"SAT":0,"SPD":0,"DIR":0,"MST":23.38638,"TS":259095}
{"TMP_BMP":24.38,"TMP_AHT":35.94532,"TMP_MPU1":42.31823,"TMP_MPU2":41.70647,"PRS":1002.308,"ALT":-1.545731,"AX":-0.312443,"AY":0.162806,"AZ":10.11071,"GX":0.014789,"GY":0.0435,"GZ":0.026313,"LAT":0,"LNG":0,"GPS_ALT":0,"SAT":0,"SPD":0,"DIR":0,"MST":23.37799,"TS":259487}
{"TMP_BMP":24.38,"TMP_AHT":35.89563,"TMP_MPU1":42.45941,"TMP_MPU2":41.70647,"PRS":1002.303,"ALT":-1.503456,"AX":-0.302867,"AY":0.138864,"AZ":10.1167,"GX":0.016721,"GY":0.03917,"GZ":0.024448,"LAT":0,"LNG":0,"GPS_ALT":0,"SAT":0,"SPD":0,"DIR":0,"MST":23.35892,"TS":259805}
{"TMP_BMP":24.39,"TMP_AHT":35.87503,"TMP_MPU1":42.74176,"TMP_MPU2":41.75353,"PRS":1002.303,"ALT":-1.500809,"AX":-0.300472,"AY":0.122104,"AZ":10.1155,"GX":0.016987,"GY":0.033907,"GZ":0.029644,"LAT":0,"LNG":0,"GPS_ALT":0,"SAT":0,"SPD":0,"DIR":0,"MST":23.39268,"TS":260084}
{"TMP_BMP":24.4,"TMP_AHT":35.79721,"TMP_MPU1":42.31823,"TMP_MPU2":41.42412,"PRS":1002.298,"ALT":-1.458534,"AX":-0.186748,"AY":0.189142,"AZ":11.40478,"GX":-0.019119,"GY":-0.026047,"GZ":0.368784,"LAT":0,"LNG":0,"GPS_ALT":0,"SAT":0,"SPD":0,"DIR":0,"MST":23.39916,"TS":260476}
{"TMP_BMP":24.4,"TMP_AHT":35.94265,"TMP_MPU1":42.41235,"TMP_MPU2":41.70647,"P*{"TMP_BMP":24.66,"TMP_AHT":36.63778,"TMP_MPU1":42.60059,"TMP_MPU2":41.75353,"PRS":1002.245,"ALT":-1.01992,"AX":-1.211466,"AY":-0.627281,"AZ":10.01255,"GX":0.136296,"GY":-0.037438,"GZ":-0.092#b5A}5AU":41.80059,"PRS":1002.268,"ALT":-1.20752,"AX":-0.325611,"AY":0.445322,"AZ":10.44471,"GX":-0.100456,"GY":0.107584,"GZ":0.018319,"LAT":0,"LNG":0,"GPS_ALT":0,"SAT":0,"SPD":0,"DIR":0,"MST":23.57712,"TS":264092}
{"TMP_BMP":24.71,"TMP_AHT":36.82957,"TMP_MPU1":42.41235,"TMP_MPU2":41.80059,"PRS":1002.275,"ALT":-1.273575,"AX":-0.530316,"AY":0.041899,"AZ":10.03889,"GX":0.007261,"GY":0.024048,"GZ":0.02578,"LAT":0,"LNG":0,"GPS_ALT":0,"SAT":0,"SPD":0,"DIR":0,"MST":23.57903,"TS":264487}
{"TMP_BMP":24.65,"TMP_AHT":36.94572,"TMP_MPU1":42.60059,"TMP_MPU2":41.75353,"PRS":1002.286,"ALT":-1.363411,"AX":-0.586579,"AY":0.135272,"AZ":10.20648,"GX":-0.01279,"GY":0.088599,"GZ":0.032642,"LAT":0,"LNG":0,"GPS_ALT":0,"SAT":0,"SPD":0,"DIR":0,"MST":23.5714,"TS":264804}
{"TMP_BMP":24.64,"TMP_AHT":36.87763,"TMP_MPU1":42.50647,"TMP_MPU2":41.70647,"PRS":1002.247,"ALT":-1.033127,"AX":-0.371101,"AY":0.187945,"AZ":10.11311,"GX":0.015322,"GY":0.03957,"GZ":0.029977,"LAT":0,"LNG":0,"GPS_ALT":0,"SAT":0,"SPD":0,"DIR":0,"MST":23.58608,"TS":265084}
{"TMP_BMP":24.62,"TMP_AHT":36.84406,"TMP_MPU1":42.50647,"TMP_MPU2":41.70647,"PRS":1002.286,"ALT":-1.360771,"AX":-0.328006,"AY":0.197522,"AZ":10.14064,"GX":0.018253,"GY":0.041502,"GZ":0.026779,"LAT":0,"LNG":0,"GPS_ALT":0,"SAT":0,"SPD":0,"DIR":0,"MST":23.57235,"TS":265479}
{"TMP_BMP":24.59,"TMP_AHT":36.68232,"TMP_MPU1":42.45941,"TMP_MPU2":41.75353,"PRS":1002.284,"ALT":-1.347557,"AX":-0.318429,"AY":0.177171,"AZ":10.11909,"GX":0.017187,"GY":0.037371,"GZ":0.026446,"LAT":0,"LNG":0,"GPS_ALT":0,"SAT":0,"SPD":0,"DIR":0,"MST":23.55938,"TS":265795}
{"TMP_BMP":24.58,"TMP_AHT":36.60631,"TMP_MPU1":42.41235,"TMP_MPU2":41.70647,"PRS":1002.283,"ALT":-1.33699,"AX":-0.332794,"AY":0.143652,"AZ":10.15381,"GX":0.014589,"GY":0.037105,"GZ":0.029511,"LAT":0,"LNG":0,"GPS_ALT":0,"SAT":0,"SPD":0,"DIR":0,"MST":23.54374,"TS":266078}
{"TMP_BMP":24.56,"TMP_AHT":36.56893,"TMP_MPU1":42.50647,"TMP_MPU2":41.75353,"PRS":1002.296,"ALT":-1.44268,"AX":-0.323217,"AY":0.164003,"AZ":10.11071,"GX":0.015988,"GY":0.040236,"GZ":0.027179,"LAT":0,"LNG":0,"GPS_ALT":0,"SAT":0,"SPD":0,"DIR":0,"MST":23.53306,"TS":266471}
{"TMP_BMP":24.56,"TMP_AHT":36.43112,"TMP_MPU1":42.31823,"TMP_MPU2":41.75353,"PRS":1002.307,"ALT":-1.540443,"AX":-0.302867,"AY":0.184354,"AZ":10.10832,"GX":0.018186,"GY":0.036439,"GZ":0.026247,"LAT":0,"LNG":0,"GPS_ALT":0,"SAT":0,"SPD":0,"DIR":0,"MST":23.52333,"TS":266790}
{"TMP_BMP":24.57,"TMP_AHT":36.37657,"TMP_MPU1":42.45941,"TMP_MPU2":41.80059,"PRS":1002.316,"ALT":-1.617073,"AX":-0.320823,"AY":0.159214,"AZ":10.13705,"GX":0.015188,"GY":0.043234,"GZ":0.028845,"LAT":0,"LNG":0,"GPS_ALT":0,"SAT":0,"SPD":0,"DIR":0,"MST":23.52619,"TS":267072}
{"TMP_BMP":24.56,"TMP_AHT":36.30228,"TMP_MPU1":42.22412,"TMP_MPU2":41.89471,"PRS":1002.296,"ALT":-1.447968,"AX":-0.299275,"AY":0.164003,"AZ":10.1155,"GX":0.014655,"GY":0.0437,"GZ":0.027579,"LAT":0,"LNG":0,"GPS_ALT":0,"SAT":0,"SPD":0,"DIR":0,"MST":23.53687,"TS":267467}
{"TMP_BMP":24.55,"TMP_AHT":36.20634,"TMP_MPU1":42.60059,"TMP_MPU2":41.47118,"PRS":1002.283,"ALT":-1.593292,"AX":-0.290896,"AY":0.187945,"AZ":10.0748,"GX":0.015188,"GY":0.040636,"GZ":0.029711,"LAT":0,"LNG":0,"GPS_ALT":0,"SAT":0,"SPD":0,"DIR":0,"MST":23.50197,"TS":267786}
{"TMP_BMP":24.55,"TMP_AHT":36.14244,"TMP_MPU1":42.41235,"TMP_MPU2":41.75353,"PRS":1002.313,"ALT":-1.585365,"AX":-0.33878,"AY":0.137667,"AZ":10.1155,"GX":0.016121,"GY":0.038704,"GZ":0.028911,"LAT":0,"LNG":0,"GPS_ALT":0,"SAT":0,"SPD":0,"DIR":0,"MST":23.51856,"TS":268066}
{"TMP_BMP":24.54,"TMP_AHT":36.06234,"TMP_MPU1":42.60059,"TMP_MPU2":41.89471,"PRS":1002.291,"ALT":-1.403046,"AX":-0.304064,"AY":0.187945,"AZ":10.12029,"GX":0.016188,"GY":0.040835,"GZ":0.027246,"LAT":0,"LNG":0,"GPS_ALT":0,"SAT":0,"SPD":0,"DIR":0,"MST":23.51704,"TS":268455}
{"TMP_BMP":24.54,"TMP_AHT":35.99672,"TMP_MPU1":42.31823,"TMP_MPU2":41.70647,"PRS":1002.292,"ALT":-1.408333,"AX":-0.392649,"AY":0.177171,"AZ":10.1155,"GX":0.013456,"GY":0.036972,"GZ":0.028645,"LAT":0,"LNG":0,"GPS_ALT":0,"SAT":0,"SPD":0,"DIR":0,"MST":23.51685,"TS":268788}
{"TMP_BMP":24.54,"TMP_AHT":35.92138,"TMP_MPU1":42.60059,"TMP_MPU2":41.56529,"PRS":1002.329,"ALT":-1.720123,"AX":-0.23942,"AY":0.204704,"AZ":10.04966,"GX":0.014256,"GY":0.084069,"GZ":0.038171,"LAT":0,"LNG":0,"GPS_ALT":0,"SAT":0,"SPD":0,"DIR":0,"MST":23.5054,"TS":269069}
{"TMP_BMP":24.54,"TMP_AHT":35.83994,"TMP_MPU1":42.31823,"TMP_MPU2":41.56529,"PRS":1002.32,"ALT":-1.648781,"AX":-0.371101,"AY":0.137667,"AZ":10.12987,"GX":0.014589,"GY":0.037704,"GZ":0.026113,"LAT":0,"LNG":0,"GPS_ALT":0,"SAT":0,"SPD":0,"DIR":0,"MST":23.522,"TS":269461}
{"TMP_BMP":24.54,"TMP_AHT":35.7975,"TMP_MPU1":42.31823,"TMP_MPU2":41.75353,"PRS":1002.268,"ALT":-1.210159,"AX":-0.290896,"AY":0.17358,"AZ":10.02811,"GX":0.015055,"GY":0.042834,"GZ":0.027779,"LAT":0,"LNG":0,"GPS_ALT":0,"SAT":0,"SPD":0,"DIR":0,"MST":23.53268,"TS":269780}
{"TMP_BMP":24.54,"TMP_AHT":35.73151,"TMP_MPU1":42.50647,"TMP_MPU2":41.61235,"PRS":1002.283,"ALT":-1.558945,"AX":-0.427365,"AY":0.112527,"AZ":10.09755,"GX":0.010992,"GY":0.038637,"GZ":0.02638,"LAT":0,"LNG":0,"GPS_ALT":0,"SAT":0,"SPD":0,"DIR":0,"MST":23.51761,"TS":270061}
{"TMP_BMP":24.54,"TMP_AHT":35.66275,"TMP_MPU1":42.31823,"TMP_MPU2":41.75353,"PRS":1002.294,"ALT":-1.426826,"AX":0.140061,"AY":0.143652,"AZ":9.214086,"GX":0.005529,"GY":0.129234,"GZ":0.031576,"LAT":0,"LNG":0,"GPS_ALT":0,"SAT":0,"SPD":0,"DIR":0,"MST":23.52314,"TS":270454}
{"TMP_BMP":24.54,"TMP_AHT":35.63566,"TMP_MPU1":42.45941,"TMP_MPU2":41.75353,"PRS":1002.295,"ALT":-1.437401,"AX":-0.433351,"AY":0.275333,"AZ":10.17177,"GX":0.025381,"GY":0.024714,"GZ":0.026779,"LAT":0,"LNG":0,"GPS_ALT":0,"SAT":0,"SPD":0,"DIR":0,"MST":23.52619,"TS":270780}
{"TMP_BMP":24.54,"TMP_AHT":35.59866,"TMP_MPU1":42.31823,"TMP_MPU2":41.61235,"PRS":1002.324,"ALT":-1.677841,"AX":-0.283713,"AY":0.140061,"AZ":10.11909,"GX":0.015455,"GY":0.039703,"GZ":0.025381,"LAT":0,"LNG":0,"GPS_ALT":0,"SAT":0,"SPD":0,"DIR":0,"MST":23.53115,"TS":271062}
{"TMP_BMP":24.55,"TMP_AHT":35.53591,"TMP_MPU1":42.45941,"TMP_MPU2":41.56529,"PRS":1002.294,"ALT":-1.424187,"AX":-0.29329,"AY":0.152032,"AZ":10.09395,"GX":0.017853,"GY":0.035839,"GZ":0.029511,"LAT":0,"LNG":0,"GPS_ALT":0,"SAT":0,"SPD":0,"DIR":0,"MST":23.51742,"TS":271457}
{"TMP_BMP":24.54,"TMP_AHT":35.47688,"TMP_MPU1":42.45941,"TMP_MPU2":41.61235,"PRS":1002.277,"ALT":-1.281502,"AX":-0.360327,"AY":0.171185,"AZ":10.11311,"GX":0.015055,"GY":0.036439,"GZ":0.026979,"LAT":0,"LNG":0,"GPS_ALT":0,"SAT":0,"SPD":0,"DIR":0,"MST":23.50655,"TS":271778}
{"TMP_BMP":24.55,"TMP_AHT":35.45618,"TMP_MPU1":42.31823,"TMP_MPU2":41.61235,"PRS":1002.303,"ALT":-1.503456,"AX":-0.29329,"AY":0.150835,"AZ":10.11431,"GX":0.015055,"GY":0.036905,"GZ":0.026713,"LAT":0,"LNG":0,"GPS_ALT":0,"SAT":0,"SPD":0,"DIR":0,"MST":23.522,"TS":272060}
{"TMP_BMP":24.55,"TMP_AHT":35.38351,"TMP_MPU1":42.31823,"TMP_MPU2":41.75353,"PRS":1002.297,"ALT":-1.458534,"AX":-0.336385,"AY":0.150835,"AZ":10.1155,"GX":0.015055,"GY":0.035773,"GZ":0.026247,"LAT":0,"LNG":0,"GPS_ALT":0,"SAT":0,"SPD":0,"DIR":0,"MST":23.52371,"TS":272451}
{"TMP_BMP":24.55,"TMP_AHT":35.37846,"TMP_MPU1":42.60059,"TMP_MPU2":41.61235,"PRS":1002.29,"ALT":-1.392479,"AX":-0.324414,"AY":0.158017,"AZ":10.07959,"GX":0.018119,"GY":0.039103,"GZ":0.028778,"LAT":0,"LNG":0,"GPS_ALT":0,"SAT":0,"SPD":0,"DIR":0,"MST":23.52982,"TS":272776}
{"TMP_BMP":24.56,"TMP_AHT":35.2953,"TMP_MPU1":42.41235,"TMP_MPU2":41.75353,"PRS":1002.281,"ALT":-1.321136,"AX":-0.35913,"AY":0.222661,"AZ":10.12508,"GX":0.015988,"GY":0.036439,"GZ":0.02658,"LAT":0,"LNG":0,"GPS_ALT":0,"SAT":0,"SPD":0,"DIR":0,"MST":23.52543,"TS":273056}
{"TMP_BMP":24.56,"TMP_AHT":35.25314,"TMP_MPU1":42.31823,"TMP_MPU2":41.80059,"PRS":1002.291,"ALT":-1.400406,"AX":-0.381875,"AY":0.122104,"AZ":10.07959,"GX":0.017253,"GY":0.039037,"GZ":0.029444,"LAT":0,"LNG":0,"GPS_ALT":0,"SAT":0,"SPD":0,"DIR":0,"MST":23.52982,"TS":273448}
{"TMP_BMP":24.56,"TMP_AHT":35.27079,"TMP_MPU1":42.45941,"TMP_MPU2":41.75353,"PRS":1002.311,"ALT":-1.574799,"AX":-0.331597,"AY":0.134075,"AZ":10.14902,"GX":0.019918,"GY":0.037838,"GZ":0.027779,"LAT":0,"LNG":0,"GPS_ALT":0,"SAT":0,"SPD":0,"DIR":0,"MST":23.52886,"TS":273774}
{"TMP_BMP":24.56,"TMP_AHT":35.22987,"TMP_MPU1":42.41235,"TMP_MPU2":41.75353,"PRS":1002.291,"ALT":-1.400406,"AX":-0.380678,"AY":0.171185,"AZ":10.09036,"GX":0.015455,"GY":0.037038,"GZ":0.026047,"LAT":0,"LNG":0,"GPS_ALT":0,"SAT":0,"SPD":0,"DIR":0,"MST":23.54012,"TS":274056}
{"TMP_BMP":24.57,"TMP_AHT":35.18219,"TMP_MPU1":42.45941,"TMP_MPU2":41.80059,"PRS":1002.274,"ALT":-1.263008,"AX":-0.317232,"AY":0.148441,"AZ":10.05445,"GX":0.012524,"GY":0.040036,"GZ":0.030577,"LAT":0,"LNG":0,"GPS_ALT":0,"SAT":0,"SPD":0,"DIR":0,"MST":23.54221,"TS":274451}
{"TMP_BMP":24.57,"TMP_AHT":35.32906,"TMP_MPU1":42.60059,"TMP_MPU2":41.75353,"PRS":1002.311,"ALT":-1.574799,"AX":-0.314838,"AY":0.150835,"AZ":10.12149,"GX":0.015855,"GY":0.037305,"GZ":0.026247,"LAT":0,"LNG":0,"GPS_ALT":0,"SAT":0,"SPD":0,"DIR":0,"MST":23.55518,"TS":274781}
{"TMP_BMP":24.58,"TMP_AHT":35.44149,"TMP_MPU1":42.45941,"TMP_MPU2":42.08294,"PRS":1002.297,"ALT":-1.455894,"AX":-0.326809,"AY":0.159214,"AZ":10.08677,"GX":0.018786,"GY":0.036705,"GZ":0.027312,"LAT":0,"LNG":0,"GPS_ALT":0,"SAT":0,"SPD":0,"DIR":0,"MST":23.563,"TS":275063}
{"TMP_BMP":24.58,"TMP_AHT":35.59046,"TMP_MPU1":42.45941,"TMP_MPU2":41.70647,"PRS":1002.309,"ALT":-1.553658,"AX":-0.341174,"AY":0.167594,"AZ":10.14064,"GX":0.019252,"GY":0.038704,"GZ":0.025447,"LAT":0,"LNG":0,"GPS_ALT":0,"SAT":0,"SPD":0,"DIR":0,"MST":23.56186,"TS":275458}
{"TMP_BMP":24.58,"TMP_AHT":35.82745,"TMP_MPU1":42.31823,"TMP_MPU2":41.61235,"PRS":1002.289,"ALT":-1.384552,"AX":-0.341174,"AY":0.166397,"AZ":10.12987,"GX":0.016121,"GY":0.040702,"GZ":0.027379,"LAT":0,"LNG":0,"GPS_ALT":0,"SAT":0,"SPD":0,"DIR":0,"MST":23.54755,"TS":275778}
{"TMP_BMP":24.58,"TMP_AHT":35.90498,"TMP_MPU1":42.45941,"TMP_MPU2":41.70647,"PRS":1002.291,"ALT":-1.405693,"AX":-0.365116,"AY":0.169988,"AZ":10.12867,"GX":0.015521,"GY":0.037838,"GZ":0.027579,"LAT":0,"LNG":0,"GPS_ALT":0,"SAT":0,"SPD":0,"DIR":0,"MST":23.56224,"TS":276061}
{"TMP_BMP":24.58,"TMP_AHT":36.01017,"TMP_MPU1":42.41235,"TMP_MPU2":41.75353,"PRS":1002.3,"ALT":-1.477028,"AX":-0.312443,"AY":0.164003,"AZ":10.12508,"GX":0.014322,"GY":0.033374,"GZ":0.028911,"LAT":0,"LNG":0,"GPS_ALT":0,"SAT":0,"SPD":0,"DIR":0,"MST":23.58246,"TS":276457}
{"TMP_BMP":24.58,"TMP_AHT":36.11422,"TMP_MPU1":42.45941,"TMP_MPU2":41.75353,"PRS":1002.299,"ALT":-1.469109,"AX":-0.311246,"AY":0.15682,"AZ":10.08677,"GX":0.017054,"GY":0.035106,"GZ":0.025714,"LAT":0,"LNG":0,"GPS_ALT":0,"SAT":0,"SPD":0,"DIR":0,"MST":23.55137,"TS":276774}
{"TMP_BMP":24.58,"TMP_AHT":36.09514,"TMP_MPU1":42.50647,"TMP_MPU2":41.61235,"PRS":1002.296,"ALT":-1.44268,"AX":-0.343568,"AY":0.149638,"AZ":10.10712,"GX":0.015521,"GY":0.033774,"GZ":0.023649,"LAT":0,"LNG":0,"GPS_ALT":0,"SAT":0,"SPD":0,"DIR":0,"MST":23.57502,"TS":277055}
{"TMP_BMP":24.59,"TMP_AHT":36.08971,"TMP_MPU1":42.41235,"TMP_MPU2":41.61235,"PRS":1002.277,"ALT":-1.284149,"AX":-0.33878,"AY":0.155623,"AZ":10.12987,"GX":0.01792,"GY":0.039103,"GZ":0.029111,"LAT":0,"LNG":0,"GPS_ALT":0,"SAT":0,"SPD":0,"DIR":0,"MST":23.57788,"TS":277449}
{"TMP_BMP":24.58,"TMP_AHT":36.02324,"TMP_MPU1":42.60059,"TMP_MPU2":41.75353,"PRS":1002.286,"ALT":-1.363411,"AX":-0.336385,"AY":0.1652,"AZ":10.11909,"GX":0.018186,"GY":0.03444,"GZ":0.029244,"LAT":0,"LNG":0,"GPS_ALT":0,"SAT":0,"SPD":0,"DIR":0,"MST":23.57578,"TS":277772}
{"TMP_BMP":24.58,"TMP_AHT":36.00283,"TMP_MPU1":42.45941,"TMP_MPU2":41.89471,"PRS":1002.301,"ALT":-1.484955,"AX":-0.366313,"AY":0.142455,"AZ":10.12867,"GX":0.015255,"GY":0.032309,"GZ":0.025647,"LAT":0,"LNG":0,"GPS_ALT":0,"SAT":0,"SPD":0,"DIR":0,"MST":23.58017,"TS":278050}
{"TMP_BMP":24.58,"TMP_AHT":36.02324,"TMP_MPU1":42.64764,"TMP_MPU2":41.75353,"PRS":1002.295,"ALT":-1.437401,"AX":-0.337582,"AY":0.159214,"AZ":10.0772,"GX":0.014989,"GY":0.038237,"GZ":0.027579,"LAT":0,"LNG":0,"GPS_ALT":0,"SAT":0,"SPD":0,"DIR":0,"MST":23.59352,"TS":278447}
{"TMP_BMP":24.57,"TMP_AHT":35.96249,"TMP_MPU1":42.41235,"TMP_MPU2":41.80059,"PRS":1002.288,"ALT":-1.376625,"AX":-0.349553,"AY":0.138864,"AZ":10.1179,"GX":0.015521,"GY":0.033041,"GZ":0.027179,"LAT":0,"LNG":0,"GPS_ALT":0,"SAT":0,"SPD":0,"DIR":0,"MST":23.55843,"TS":278769}
{"TMP_BMP":24.57,"TMP_AHT":35.92539,"TMP_MPU1":42.41235,"TMP_MPU2":41.75353,"PRS":1002.296,"ALT":-1.447968,"AX":-0.326809,"AY":0.116119,"AZ":10.09635,"GX":0.015921,"GY":0.037838,"GZ":0.027046,"LAT":0,"LNG":0,"GPS_ALT":0,"SAT":0,"SPD":0,"DIR":0,"MST":23.55042,"TS":279050}
{"TMP_BMP":24.57,"TMP_AHT":35.93903,"TMP_MPU1":42.50647,"TMP_MPU2":41.75353,"PRS":1002.282,"ALT":-1.329063,"AX":-0.32202,"AY":0.168791,"AZ":10.08318,"GX":0.014456,"GY":0.03544,"GZ":0.026646,"LAT":0,"LNG":0,"GPS_ALT":0,"SAT":0,"SPD":0,"DIR":0,"MST":23.5487,"TS":279446}
{"TMP_BMP":24.58,"TMP_AHT":35.90298,"TMP_MPU1":42.45941,"TMP_MPU2":41.89471,"PRS":1002.282,"ALT":-1.323776,"AX":-0.320823,"AY":0.189142,"AZ":10.1574,"GX":0.015322,"GY":0.037505,"GZ":0.03051,"LAT":0,"LNG":0,"GPS_ALT":0,"SAT":0,"SPD":0,"DIR":0,"MST":23.54679,"TS":279764}
{"TMP_BMP":24.58,"TMP_AHT":35.84089,"TMP_MPU1":42.41235,"TMP_MPU2":41.75353,"PRS":1002.319,"ALT":-1.640854,"AX":-0.329203,"AY":0.164003,"AZ":10.1155,"GX":0.01792,"GY":0.036705,"GZ":0.027979,"LAT":0,"LNG":0,"GPS_ALT":0,"SAT":0,"SPD":0,"DIR":0,"MST":23.55175,"TS":280045}
{"TMP_BMP":24.58,"TMP_AHT":35.89239,"TMP_MPU1":42.41235,"TMP_MPU2":41.75353,"PRS":1002.285,"ALT":-1.355484,"AX":-0.328006,"AY":0.171185,"AZ":10.09874,"GX":0.016321,"GY":0.03917,"GZ":0.030976,"LAT":0,"LNG":0,"GPS_ALT":0,"SAT":0,"SPD":0,"DIR":0,"MST":23.55194,"TS":280437}
{"TMP_BMP":24.58,"TMP_AHT":35.84061,"TMP_MPU1":42.41235,"TMP_MPU2":41.80059,"PRS":1002.292,"ALT":-1.41362,"AX":-0.345962,"AY":0.161609,"AZ":10.12747,"GX":0.013789,"GY":0.039903,"GZ":0.029644,"LAT":0,"LNG":0,"GPS_ALT":0,"SAT":0,"SPD":0,"DIR":0,"MST":23.56281,"TS":280765}
{"TMP_BMP":24.59,"TMP_AHT":35.79092,"TMP_MPU1":42.27118,"TMP_MPU2":41.75353,"PRS":1002.314,"ALT":-1.593292,"AX":-0.328006,"AY":0.147243,"AZ":10.12029,"GX":0.014989,"GY":0.037505,"GZ":0.025847,"LAT":0,"LNG":0,"GPS_ALT":0,"SAT":0,"SPD":0,"DIR":0,"MST":23.57445,"TS":281046}
{"TMP_BMP":24.58,"TMP_AHT":35.77633,"TMP_MPU1":42.45941,"TMP_MPU2":41.70647,"PRS":1002.328,"ALT":-1.717476,"AX":-0.3304,"AY":0.152032,"AZ":10.1574,"GX":0.015921,"GY":0.036772,"GZ":0.02638,"LAT":0,"LNG":0,"GPS_ALT":0,"SAT":0,"SPD":0,"DIR":0,"MST":23.57216,"TS":281442}
{"TMP_BMP":24.58,"TMP_AHT":35.70824,"TMP_MPU1":42.45941,"TMP_MPU2":41.75353,"PRS":1002.313,"ALT":-1.590652,"AX":-0.333991,"AY":0.169988,"AZ":10.11191,"GX":0.016454,"GY":0.03857,"GZ":0.028711,"LAT":0,"LNG":0,"GPS_ALT":0,"SAT":0,"SPD":0,"DIR":0,"MST":23.5611,"TS":281759}
{"TMP_BMP":24.57,"TMP_AHT":35.64291,"TMP_MPU1":42.50647,"TMP_MPU2":41.80059,"PRS":1002.298,"ALT":-1.461182,"AX":-0.320823,"AY":0.152032,"AZ":10.07959,"GX":0.014722,"GY":0.034507,"GZ":0.029644,"LAT":0,"LNG":0,"GPS_ALT":0,"SAT":0,"SPD":0,"DIR":0,"MST":23.58189,"TS":282039}
{"TMP_BMP":24.58,"TMP_AHT":35.60734,"TMP_MPU1":42.41235,"TMP_MPU2":41.70647,"PRS":1002.299,"ALT":-1.471748,"AX":-0.36751,"AY":0.168791,"AZ":10.13466,"GX":0.01712,"GY":0.038371,"GZ":0.027379,"LAT":0,"LNG":0,"GPS_ALT":0,"SAT":0,"SPD":0,"DIR":0,"MST":23.57197,"TS":282435}
{"TMP_BMP":24.58,"TMP_AHT":35.55059,"TMP_MPU1":42.41235,"TMP_MPU2":41.75353,"PRS":1002.317,"ALT":-1.625,"AX":-0.36751,"AY":0.147243,"AZ":10.03889,"GX":0.014789,"GY":0.035839,"GZ":0.026779,"LAT":0,"LNG":0,"GPS_ALT":0,"SAT":0,"SPD":0,"DIR":0,"MST":23.59009,"TS":282759}
{"TMP_BMP":24.58,"TMP_AHT":35.52914,"TMP_MPU1":42.64764,"TMP_MPU2":41.56529,"PRS":1002.324,"ALT":-1.677841,"AX":-0.331597,"AY":0.150835,"AZ":10.07839,"GX":0.016721,"GY":0.040236,"GZ":0.028511,"LAT":0,"LNG":0,"GPS_ALT":0,"SAT":0,"SPD":0,"DIR":0,"MST":23.5815,"TS":283037}
{"TMP_BMP":24.58,"TMP_AHT":35.44989,"TMP_MPU1":42.45941,"TMP_MPU2":41.70647,"PRS":1002.287,"ALT":-1.366058,"AX":-0.325611,"AY":0.140061,"AZ":10.1155,"GX":0.019452,"GY":0.035506,"GZ":0.02638,"LAT":0,"LNG":0,"GPS_ALT":0,"SAT":0,"SPD":0,"DIR":0,"MST":23.57559,"TS":283430}
{"TMP_BMP":24.58,"TMP_AHT":35.43234,"TMP_MPU1":42.50647,"TMP_MPU2":41.75353,"PRS":1002.313,"ALT":-1.590652,"AX":-0.351948,"AY":0.197522,"AZ":10.12149,"GX":0.014855,"GY":0.03957,"GZ":0.02598,"LAT":0,"LNG":0,"GPS_ALT":0,"SAT":0,"SPD":0,"DIR":0,"MST":23.57941,"TS":283757}
{"TMP_BMP":24.58,"TMP_AHT":35.36596,"TMP_MPU1":42.22412,"TMP_MPU2":41.80059,"PRS":1002.292,"ALT":-1.352844,"AX":-0.369904,"AY":0.13647,"AZ":10.13106,"GX":0.017387,"GY":0.036372,"GZ":0.023915,"LAT":0,"LNG":0,"GPS_ALT":0,"SAT":0,"SPD":0,"DIR":0,"MST":23.57941,"TS":284037}
{"TMP_BMP":24.58,"TMP_AHT":35.36673,"TMP_MPU1":42.50647,"TMP_MPU2":41.98882,"PRS":1002.289,"ALT":-1.384552,"AX":-0.342371,"AY":0.150835,"AZ":10.12388,"GX":0.019585,"GY":0.033441,"GZ":0.027512,"LAT":0,"LNG":0,"GPS_ALT":0,"SAT":0,"SPD":0,"DIR":0,"MST":23.5815,"TS":284432}
{"TMP_BMP":24.58,"TMP_AHT":35.29148,"TMP_MPU1":42.41235,"TMP_MPU2":41.80059,"PRS":1002.314,"ALT":-1.595932,"AX":-0.312443,"AY":0.155623,"AZ":10.12628,"GX":0.018119,"GY":0.03524,"GZ":0.027579,"LAT":0,"LNG":0,"GPS_ALT":0,"SAT":0,"SPD":0,"DIR":0,"MST":23.58646,"TS":284754}
{"TMP_BMP":24.58,"TMP_AHT":35.23264,"TMP_MPU1":42.41235,"TMP_MPU2":41.61235,"PRS":1002.311,"ALT":-1.569511,"AX":-0.290896,"AY":0.186748,"AZ":10.11311,"GX":0.013123,"GY":0.038837,"GZ":0.026779,"LAT":0,"LNG":0,"GPS_ALT":0,"SAT":0,"SPD":0,"DIR":0,"MST":23.56911,"TS":285036}
{"TMP_BMP":24.58,"TMP_AHT":35.19697,"TMP_MPU1":42.60059,"TMP_MPU2":41.70647,"PRS":1002.311,"ALT":-1.574799,"AX":-0.387861,"AY":0.155623,"AZ":10.09755,"GX":0.015122,"GY":0.037704,"GZ":0.024515,"LAT":0,"LNG":0,"GPS_ALT":0,"SAT":0,"SPD":0,"DIR":0,"MST":23.59314,"TS":285431}
{"TMP_BMP":24.58,"TMP_AHT":35.14118,"TMP_MPU1":42.41235,"TMP_MPU2":41.80059,"PRS":1002.276,"ALT":-1.273575,"AX":-0.500388,"AY":0.067038,"AZ":10.0736,"GX":0.016521,"GY":0.038104,"GZ":0.02638,"LAT":0,"LNG":0,"GPS_ALT":0,"SAT":0,"SPD":0,"DIR":0,"MST":23.58894,"TS":285754}
{"TMP_BMP":24.58,"TMP_AHT":35.13966,"TMP_MPU1":42.41235,"TMP_MPU2":41.56529,"PRS":1002.269,"ALT":-1.218086,"AX":-0.35913,"AY":0.124498,"AZ":10.16578,"GX":0.016321,"GY":0.036972,"GZ":0.028711,"LAT":0,"LNG":0,"GPS_ALT":0,"SAT":0,"SPD":0,"DIR":0,"MST":23.58532,"TS":286034}
{"TMP_BMP":24.58,"TMP_AHT":35.07824,"TMP_MPU1":42.41235,"TMP_MPU2":41.70647,"PRS":1002.28,"ALT":-1.31321,"AX":-0.329203,"AY":0.138864,"AZ":10.12268,"GX":0.01259,"GY":0.037172,"GZ":0.024315,"LAT":0,"LNG":0,"GPS_ALT":0,"SAT":0,"SPD":0,"DIR":0,"MST":23.57521,"TS":286429}
{"TMP_BMP":24.58,"TMP_AHT":35.04753,"TMP_MPU1":42.45941,"TMP_MPU2":41.56529,"PRS":1002.293,"ALT":-1.4189,"AX":-0.402226,"AY":0.12809,"AZ":10.11191,"GX":0.016387,"GY":0.038437,"GZ":0.029111,"LAT":0,"LNG":0,"GPS_ALT":0,"SAT":0,"SPD":0,"DIR":0,"MST":23.5611,"TS":286749}
{"TMP_BMP":24.58,"TMP_AHT":35.04448,"TMP_MPU1":42.50647,"TMP_MPU2":41.80059,"PRS":1002.317,"ALT":-1.617073,"AX":-0.372298,"AY":0.171185,"AZ":10.1562,"GX":0.015788,"GY":0.042501,"GZ":0.025047,"LAT":0,"LNG":0,"GPS_ALT":0,"SAT":0,"SPD":0,"DIR":0,"MST":23.5714,"TS":287027}
{"TMP_BMP":24.59,"TMP_AHT":35.02464,"TMP_MPU1":42.41235,"TMP_MPU2":41.80059,"PRS":1002.253,"ALT":-1.083336,"AX":-0.3304,"AY":0.125696,"AZ":10.15501,"GX":0.015521,"GY":0.035573,"GZ":0.026779,"LAT":0,"LNG":0,"GPS_ALT":0,"SAT":0,"SPD":0,"DIR":0,"MST":23.57903,"TS":287419}
{"TMP_BMP":24.59,"TMP_AHT":34.95884,"TMP_MPU1":42.31823,"TMP_MPU2":41.75353,"PRS":1002.256,"ALT":-1.107117,"AX":-0.292093,"AY":0.174777,"AZ":10.14423,"GX":0.01732,"GY":0.036572,"GZ":0.027379,"LAT":0,"LNG":0,"GPS_ALT":0,"SAT":0,"SPD":0,"DIR":0,"MST":23.596,"TS":287748}
{"TMP_BMP":24.59,"TMP_AHT":34.9947,"TMP_MPU1":42.60059,"TMP_MPU2":42.08294,"PRS":1002.275,"ALT":-1.268295,"AX":-0.272939,"AY":0.187945,"AZ":10.12508,"GX":0.01692,"GY":0.041102,"GZ":0.029044,"LAT":0,"LNG":0,"GPS_ALT":0,"SAT":0,"SPD":0,"DIR":0,"MST":23.5939,"TS":288026}
{"TMP_BMP":24.6,"TMP_AHT":34.9431,"TMP_MPU1":42.41235,"TMP_MPU2":41.56529,"PRS":1002.267,"ALT":-1.202232,"AX":-0.329203,"AY":0.168791,"AZ":10.12029,"GX":0.019319,"GY":0.036172,"GZ":0.028711,"LAT":0,"LNG":0,"GPS_ALT":0,"SAT":0,"SPD":0,"DIR":0,"MST":23.62309,"TS":288417}
{"TMP_BMP":24.6,"TMP_AHT":34.8876,"TMP_MPU1":42.41235,"TMP_MPU2":41.80059,"PRS":1002.245,"ALT":-1.017273,"AX":-0.345962,"AY":0.153229,"AZ":10.09515,"GX":0.016121,"GY":0.040835,"GZ":0.028178,"LAT":0,"LNG":0,"GPS_ALT":0,"SAT":0,"SPD":0,"DIR":0,"MST":23.59447,"TS":288745}
{"TMP_BMP":24.6,"TMP_AHT":34.83601,"TMP_MPU1":42.31823,"TMP_MPU2":41.70647,"PRS":1002.282,"ALT":-1.329063,"AX":-0.316035,"AY":0.083797,"AZ":10.12987,"GX":0.018253,"GY":0.035639,"GZ":0.030177,"LAT":0,"LNG":0,"GPS_ALT":0,"SAT":0,"SPD":0,"DIR":0,"MST":23.58875,"TS":289025}
{"TMP_BMP":24.6,"TMP_AHT":34.80768,"TMP_MPU1":42.31823,"TMP_MPU2":41.80059,"PRS":1002.264,"ALT":-1.173172,"AX":-0.37589,"AY":0.146046,"AZ":10.05206,"GX":0.014789,"GY":0.037105,"GZ":0.02618,"LAT":0,"LNG":0,"GPS_ALT":0,"SAT":0,"SPD":0,"DIR":0,"MST":23.60725,"TS":289419}
{"TMP_BMP":24.6,"TMP_AHT":34.76009,"TMP_MPU1":42.41235,"TMP_MPU2":41.75353,"PRS":1002.264,"ALT":-1.173172,"AX":-0.343568,"AY":0.146046,"AZ":10.16339,"GX":0.015388,"GY":0.041901,"GZ":0.027645,"LAT":0,"LNG":0,"GPS_ALT":0,"SAT":0,"SPD":0,"DIR":0,"MST":23.57502,"TS":289743}
{"TMP_BMP":24.6,"TMP_AHT":34.77526,"TMP_MPU1":42.45941,"TMP_MPU2":41.94176,"PRS":1002.282,"ALT":-1.329063,"AX":-0.336385,"AY":0.251391,"AZ":10.11071,"GX":0.017054,"GY":0.03857,"GZ":0.028312,"LAT":0,"LNG":0,"GPS_ALT":0,"SAT":0,"SPD":0,"DIR":0,"MST":23.58284,"TS":290025}
{"TMP_BMP":24.6,"TMP_AHT":34.73501,"TMP_MPU1":42.31823,"TMP_MPU2":41.75353,"PRS":1002.266,"ALT":-1.196953,"AX":-0.372298,"AY":0.13647,"AZ":10.05804,"GX":0.015855,"GY":0.038038,"GZ":0.028711,"LAT":0,"LNG":0,"GPS_ALT":0,"SAT":0,"SPD":0,"DIR":0,"MST":23.60687,"TS":290417}
{"TMP_BMP":24.61,"TMP_AHT":34.74178,"TMP_MPU1":42.41235,"TMP_MPU2":41.61235,"PRS":1002.274,"ALT":-1.263008,"AX":-0.316035,"AY":0.088585,"AZ":10.04368,"GX":0.01359,"GY":0.038304,"GZ":0.03091,"LAT":0,"LNG":0,"GPS_ALT":0,"SAT":0,"SPD":0,"DIR":0,"MST":23.60649,"TS":290759}
{"TMP_BMP":24.61,"TMP_AHT":34.72004,"TMP_MPU1":42.41235,"TMP_MPU2":41.75353,"PRS":1002.298,"ALT":-1.461182,"AX":-0.302867,"AY":0.149638,"AZ":10.10832,"GX":0.015122,"GY":0.037638,"GZ":0.030243,"LAT":0,"LNG":0,"GPS_ALT":0,"SAT":0,"SPD":0,"DIR":0,"MST":23.60725,"TS":291039}
{"TMP_BMP":24.61,"TMP_AHT":34.67331,"TMP_MPU1":42.45941,"TMP_MPU2":41.89471,"PRS":1002.271,"ALT":-1.23394,"AX":-0.329203,"AY":0.099359,"AZ":10.16817,"GX":0.014855,"GY":0.038504,"GZ":0.025714,"LAT":0,"LNG":0,"GPS_ALT":0,"SAT":0,"SPD":0,"DIR":0,"MST":23.61584,"TS":291436}
{"TMP_BMP":24.61,"TMP_AHT":34.66654,"TMP_MPU1":42.45941,"TMP_MPU2":41.61235,"PRS":1002.285,"ALT":-1.355484,"AX":-0.319626,"AY":0.216675,"AZ":10.11311,"GX":0.01732,"GY":0.034707,"GZ":0.025247,"LAT":0,"LNG":0,"GPS_ALT":0,"SAT":0,"SPD":0,"DIR":0,"MST":23.60954,"TS":291750}
{"TMP_BMP":24.61,"TMP_AHT":34.6426,"TMP_MPU1":42.27118,"TMP_MPU2":41.61235,"PRS":1002.313,"ALT":-1.588005,"AX":-0.311246,"AY":0.136469,"AZ":10.11191,"GX":0.016121,"GY":0.032042,"GZ":0.027645,"LAT":0,"LNG":0,"GPS_ALT":0,"SAT":0,"SPD":0,"DIR":0,"MST":23.61584,"TS":292032}
{"TMP_BMP":24.61,"TMP_AHT":34.67646,"TMP_MPU1":42.27118,"TMP_MPU2":41.70647,"PRS":1002.288,"ALT":-1.373985,"AX":-0.344765,"AY":0.140061,"AZ":10.12987,"GX":0.017253,"GY":0.03977,"GZ":0.02618,"LAT":0,"LNG":0,"GPS_ALT":0,"SAT":0,"SPD":0,"DIR":0,"MST":23.62747,"TS":292428}
{"TMP_BMP":24.61,"TMP_AHT":34.60159,"TMP_MPU1":42.31823,"TMP_MPU2":41.80059,"PRS":1002.289,"ALT":-1.389839,"AX":-0.378284,"AY":0.147243,"AZ":10.10473,"GX":0.016121,"GY":0.036705,"GZ":0.028312,"LAT":0,"LNG":0,"GPS_ALT":0,"SAT":0,"SPD":0,"DIR":0,"MST":23.58952,"TS":292747}
{"TMP_BMP":24.61,"TMP_AHT":34.58939,"TMP_MPU1":42.31823,"TMP_MPU2":41.80059,"PRS":1002.273,"ALT":-1.247154,"AX":-0.362722,"AY":0.159214,"AZ":10.14304,"GX":0.018253,"GY":0.037571,"GZ":0.03031,"LAT":0,"LNG":0,"GPS_ALT":0,"SAT":0,"SPD":0,"DIR":0,"MST":23.61088,"TS":293028}
{"TMP_BMP":24.61,"TMP_AHT":34.554,"TMP_MPU1":42.60059,"TMP_MPU2":41.61235,"PRS":1002.279,"ALT":-1.300003,"AX":-0.341174,"AY":0.167594,"AZ":10.08677,"GX":0.013789,"GY":0.036572,"GZ":0.027113,"LAT":0,"LNG":0,"GPS_ALT":0,"SAT":0,"SPD":0,"DIR":0,"MST":23.59638,"TS":293423}
{"TMP_BMP":24.62,"TMP_AHT":34.57584,"TMP_MPU1":42.27118,"TMP_MPU2":41.56529,"PRS":1002.31,"ALT":-1.564224,"AX":-0.32202,"AY":0.191536,"AZ":10.09515,"GX":0.016987,"GY":0.03937,"GZ":0.027246,"LAT":0,"LNG":0,"GPS_ALT":0,"SAT":0,"SPD":0,"DIR":0,"MST":23.60039,"TS":293746}
{"TMP_BMP":24.61,"TMP_AHT":34.49898,"TMP_MPU1":42.41235,"TMP_MPU2":41.80059,"PRS":1002.333,"ALT":-1.751831,"AX":-0.316035,"AY":0.184354,"AZ":10.10233,"GX":0.018386,"GY":0.039303,"GZ":0.027579,"LAT":0,"LNG":0,"GPS_ALT":0,"SAT":0,"SPD":0,"DIR":0,"MST":23.61412,"TS":294025}
{"TMP_BMP":24.61,"TMP_AHT":34.48439,"TMP_MPU1":42.31823,"TMP_MPU2":41.89471,"PRS":1002.328,"ALT":-1.709549,"AX":-0.357933,"AY":0.143652,"AZ":10.10712,"GX":0.015188,"GY":0.040302,"GZ":0.026713,"LAT":0,"LNG":0,"GPS_ALT":0,"SAT":0,"SPD":0,"DIR":0,"MST":23.63014,"TS":294421}
{"TMP_BMP":24.6,"TMP_AHT":34.48696,"TMP_MPU1":42.60059,"TMP_MPU2":41.80059,"PRS":1002.287,"ALT":-1.366058,"AX":-0.408211,"AY":0.100556,"AZ":10.04727,"GX":0.017853,"GY":0.036705,"GZ":0.027779,"LAT":0,"LNG":0,"GPS_ALT":0,"SAT":0,"SPD":0,"DIR":0,"MST":23.59486,"TS":294744}
{"TMP_BMP":24.6,"TMP_AHT":34.45091,"TMP_MPU1":42.41235,"TMP_MPU2":41.56529,"PRS":1002.284,"ALT":-1.342278,"AX":-0.311246,"AY":0.15682,"AZ":10.10353,"GX":0.014123,"GY":0.035106,"GZ":0.028245,"LAT":0,"LNG":0,"GPS_ALT":0,"SAT":0,"SPD":0,"DIR":0,"MST":23.61393,"TS":295025}
{"TMP_BMP":24.6,"TMP_AHT":34.47227,"TMP_MPU1":42.60059,"TMP_MPU2":41.61235,"PRS":1002.304,"ALT":-1.511383,"AX":-0.319626,"AY":0.15682,"AZ":10.07001,"GX":0.018386,"GY":0.036372,"GZ":0.028045,"LAT":0,"LNG":0,"GPS_ALT":0,"SAT":0,"SPD":0,"DIR":0,"MST":23.62118,"TS":295420}
{"TMP_BMP":24.61,"TMP_AHT":34.43174,"TMP_MPU1":42.31823,"TMP_MPU2":41.80059,"PRS":1002.279,"ALT":-1.300003,"AX":-0.341174,"AY":0.144849,"AZ":10.12628,"GX":0.015988,"GY":0.037971,"GZ":0.027113,"LAT":0,"LNG":0,"GPS_ALT":0,"SAT":0,"SPD":0,"DIR":0,"MST":23.60153,"TS":295739}
{"TMP_BMP":24.62,"TMP_AHT":34.4264,"TMP_MPU1":42.27118,"TMP_MPU2":41.80059,"PRS":1002.281,"ALT":-1.321136,"AX":-0.076614,"AY":0.150835,"AZ":10.20528,"GX":0.016987,"GY":0.039436,"GZ":0.025913,"LAT":0,"LNG":0,"GPS_ALT":0,"SAT":0,"SPD":0,"DIR":0,"MST":23.61507,"TS":296022}
{"TMP_BMP":24.62,"TMP_AHT":34.445,"TMP_MPU1":42.22412,"TMP_MPU2":41.80059,"PRS":1002.303,"ALT":-1.503456,"AX":-0.021548,"AY":0.154426,"AZ":10.16578,"GX":0.014056,"GY":0.032842,"GZ":0.025047,"LAT":0,"LNG":0,"GPS_ALT":0,"SAT":0,"SPD":0,"DIR":0,"MST":23.61851,"TS":296417}
{"TMP_BMP":24.61,"TMP_AHT":34.3708,"TMP_MPU1":42.31823,"TMP_MPU2":41.80059,"PRS":1002.287,"ALT":-1.368698,"AX":0.007183,"AY":0.138864,"AZ":10.14663,"GX":0.01692,"GY":0.03444,"GZ":0.025181,"LAT":0,"LNG":0,"GPS_ALT":0,"SAT":0,"SPD":0,"DIR":0,"MST":23.59848,"TS":296737}
{"TMP_BMP":24.61,"TMP_AHT":34.40828,"TMP_MPU1":42.31823,"TMP_MPU2":41.70647,"PRS":1002.287,"ALT":-1.366058,"AX":0.029928,"AY":0.129287,"AZ":10.1179,"GX":0.016254,"GY":0.0429,"GZ":0.033374,"LAT":0,"LNG":0,"GPS_ALT":0,"SAT":0,"SPD":0,"DIR":0,"MST":23.58475,"TS":297015}
{"TMP_BMP":24.61,"TMP_AHT":34.36794,"TMP_MPU1":42.27118,"TMP_MPU2":41.80059,"PRS":1002.291,"ALT":-1.403046,"AX":-0.001197,"AY":0.143652,"AZ":10.1574,"GX":0.016654,"GY":0.036572,"GZ":0.026779,"LAT":0,"LNG":0,"GPS_ALT":0,"SAT":0,"SPD":0,"DIR":0,"MST":23.61012,"TS":297406}
{"TMP_BMP":24.6,"TMP_AHT":34.36699,"TMP_MPU1":42.45941,"TMP_MPU2":41.89471,"PRS":1002.307,"ALT":-1.535164,"AX":-0.175974,"AY":0.167594,"AZ":10.00657,"GX":0.02991,"GY":0.051028,"GZ":0.025314,"LAT":0,"LNG":0,"GPS_ALT":0,"SAT":0,"SPD":0,"DIR":0,"MST":23.59638,"TS":297737}
{"TMP_BMP":24.6,"TMP_AHT":34.37433,"TMP_MPU1":42.22412,"TMP_MPU2":41.75353,"PRS":1002.291,"ALT":-1.31321,"AX":-0.014365,"AY":0.142455,"AZ":10.13944,"GX":0.01359,"GY":0.036172,"GZ":0.027179,"LAT":0,"LNG":0,"GPS_ALT":0,"SAT":0,"SPD":0,"DIR":0,"MST":23.60001,"TS":298016}
{"TMP_BMP":24.61,"TMP_AHT":34.36117,"TMP_MPU1":42.31823,"TMP_MPU2":41.61235,"PRS":1002.281,"ALT":-1.318497,"AX":-0.03711,"AY":0.140061,"AZ":10.16458,"GX":0.01359,"GY":0.026713,"GZ":0.026913,"LAT":0,"LNG":0,"GPS_ALT":0,"SAT":0,"SPD":0,"DIR":0,"MST":23.60458,"TS":298409}
{"TMP_BMP":24.6,"TMP_AHT":34.3545,"TMP_MPU1":42.45941,"TMP_MPU2":41.98882,"PRS":1002.292,"ALT":-1.41362,"AX":0.070629,"AY":0.126893,"AZ":10.05565,"GX":0.021051,"GY":0.065949,"GZ":0.030577,"LAT":0,"LNG":0,"GPS_ALT":0,"SAT":0,"SPD":0,"DIR":0,"MST":23.59009,"TS":298733}
{"TMP_BMP":24.59,"TMP_AHT":34.32894,"TMP_MPU1":42.27118,"TMP_MPU2":41.94176,"PRS":1002.323,"ALT":-1.672562,"AX":0.035913,"AY":0.337582,"AZ":10.47104,"GX":0.002332,"GY":0.057289,"GZ":0.030177,"LAT":0,"LNG":0,"GPS_ALT":0,"SAT":0,"SPD":0,"DIR":0,"MST":23.55347,"TS":299012}
{"TMP_BMP":24.59,"TMP_AHT":34.29518,"TMP_MPU1":42.31823,"TMP_MPU2":41.94176,"PRS":1002.294,"ALT":-1.429474,"AX":-0.051475,"AY":0.088585,"AZ":10.1574,"GX":0.016587,"GY":0.035573,"GZ":0.024581,"LAT":0,"LNG":0,"GPS_ALT":0,"SAT":0,"SPD":0,"DIR":0,"MST":23.58112,"TS":299407}
{"TMP_BMP":24.58,"TMP_AHT":34.30119,"TMP_MPU1":42.27118,"TMP_MPU2":41.70647,"PRS":1002.282,"ALT":-1.331703,"AX":-0.120907,"AY":0.087388,"AZ":10.18374,"GX":0.014922,"GY":0.038237,"GZ":0.027113,"LAT":0,"LNG":0,"GPS_ALT":0,"SAT":0,"SPD":0,"DIR":0,"MST":23.58284,"TS":299740}
{"TMP_BMP":24.59,"TMP_AHT":34.28488,"TMP_MPU1":42.31823,"TMP_MPU2":41.75353,"PRS":1002.277,"ALT":-1.284149,"AX":-0.025139,"AY":0.093374,"AZ":10.11909,"GX":0.015788,"GY":0.048163,"GZ":0.029044,"LAT":0,"LNG":0,"GPS_ALT":0,"SAT":0,"SPD":0,"DIR":0,"MST":23.58322,"TS":300021}
{"TMP_BMP":24.6,"TMP_AHT":34.32064,"TMP_MPU1":42.45941,"TMP_MPU2":41.75353,"PRS":1002.306,"ALT":-1.532517,"AX":-0.049081,"AY":0.122104,"AZ":10.14184,"GX":0.018253,"GY":0.040569,"GZ":0.027179,"LAT":0,"LNG":0,"GPS_ALT":0,"SAT":0,"SPD":0,"DIR":0,"MST":23.5733,"TS":300419}
{"TMP_BMP":24.6,"TMP_AHT":34.27219,"TMP_MPU1":42.45941,"TMP_MPU2":41.70647,"PRS":1002.306,"ALT":-1.527237,"AX":0.084994,"AY":0.058658,"AZ":10.06283,"GX":0.018053,"GY":0.044499,"GZ":0.026913,"LAT":0,"LNG":0,"GPS_ALT":0,"SAT":0,"SPD":0,"DIR":0,"MST":23.58055,"TS":300731}
{"TMP_BMP":24.6,"TMP_AHT":34.23252,"TMP_MPU1":42.41235,"TMP_MPU2":41.61235,"PRS":1002.283,"ALT":-1.33699,"AX":-0.081403,"AY":0.073023,"AZ":10.15381,"GX":0.016987,"GY":0.034773,"GZ":0.025514,"LAT":0,"LNG":0,"GPS_ALT":0,"SAT":0,"SPD":0,"DIR":0,"MST":23.58608,"TS":301010}
{"TMP_BMP":24.61,"TMP_AHT":34.23491,"TMP_MPU1":42.31823,"TMP_MPU2":41.80059,"PRS":1002.293,"ALT":-1.4189,"AX":-0.076614,"AY":0.068235,"AZ":10.14902,"GX":0.017253,"GY":0.038104,"GZ":0.028178,"LAT":0,"LNG":0,"GPS_ALT":0,"SAT":0,"SPD":0,"DIR":0,"MST":23.58131,"TS":301407}
{"TMP_BMP":24.6,"TMP_AHT":34.21679,"TMP_MPU1":42.45941,"TMP_MPU2":41.80059,"PRS":1002.262,"ALT":-1.159958,"AX":-0.03711,"AY":0.07422,"AZ":10.16458,"GX":0.018053,"GY":0.034374,"GZ":0.028511,"LAT":0,"LNG":0,"GPS_ALT":0,"SAT":0,"SPD":0,"DIR":0,"MST":23.59753,"TS":301718}
{"TMP_BMP":24.6,"TMP_AHT":34.23738,"TMP_MPU1":42.41235,"TMP_MPU2":41.61235,"PRS":1002.314,"ALT":-1.595932,"AX":-0.039504,"AY":0.051475,"AZ":10.22444,"GX":0.018652,"GY":0.035706,"GZ":0.025714,"LAT":0,"LNG":0,"GPS_ALT":0,"SAT":0,"SPD":0,"DIR":0,"MST":23.60153,"TS":301997}
{"TMP_BMP":24.61,"TMP_AHT":34.2206,"TMP_MPU1":42.22412,"TMP_MPU2":41.75353,"PRS":1002.292,"ALT":-1.41362,"AX":-0.055067,"AY":0.046687,"AZ":10.16219,"GX":0.016387,"GY":0.038237,"GZ":0.026846,"LAT":0,"LNG":0,"GPS_ALT":0,"SAT":0,"SPD":0,"DIR":0,"MST":23.59753,"TS":302390}
{"TMP_BMP":24.61,"TMP_AHT":34.22031,"TMP_MPU1":42.41235,"TMP_MPU2":41.80059,"PRS":1002.301,"ALT":-1.487602,"AX":-0.073023,"AY":0.075417,"AZ":10.13944,"GX":0.015521,"GY":0.038904,"GZ":0.02598,"LAT":0,"LNG":0,"GPS_ALT":0,"SAT":0,"SPD":0,"DIR":0,"MST":23.60821,"TS":302715}
{"TMP_BMP":24.6,"TMP_AHT":34.2206,"TMP_MPU1":42.31823,"TMP_MPU2":41.80059,"PRS":1002.285,"ALT":-1.352844,"AX":-0.058658,"AY":0.067038,"AZ":10.14184,"GX":0.016054,"GY":0.037838,"GZ":0.028245,"LAT":0,"LNG":0,"GPS_ALT":0,"SAT":0,"SPD":0,"DIR":0,"MST":23.59371,"TS":302997}
{"TMP_BMP":24.6,"TMP_AHT":34.26065,"TMP_MPU1":42.31823,"TMP_MPU2":41.80059,"PRS":1002.292,"ALT":-1.41362,"AX":-0.057461,"AY":0.051475,"AZ":10.14423,"GX":0.015855,"GY":0.036572,"GZ":0.026446,"LAT":0,"LNG":0,"GPS_ALT":0,"SAT":0,"SPD":0,"DIR":0,"MST":23.59486,"TS":303389}
{"TMP_BMP":24.6,"TMP_AHT":34.24749,"TMP_MPU1":42.45941,"TMP_MPU2":41.61235,"PRS":1002.28,"ALT":-1.31321,"AX":-0.056264,"AY":0.064643,"AZ":10.15261,"GX":0.016987,"GY":0.039503,"GZ":0.029377,"LAT":0,"LNG":0,"GPS_ALT":0,"SAT":0,"SPD":0,"DIR":0,"MST":23.5981,"TS":303715}
{"TMP_BMP":24.61,"TMP_AHT":34.17521,"TMP_MPU1":42.31823,"TMP_MPU2":41.94176,"PRS":1002.303,"ALT":-1.506096,"AX":-0.041899,"AY":0.064643,"AZ":10.13106,"GX":0.017187,"GY":0.035173,"GZ":0.027712,"LAT":0,"LNG":0,"GPS_ALT":0,"SAT":0,"SPD":0,"DIR":0,"MST":23.5754,"TS":303992}
{"TMP_BMP":24.61,"TMP_AHT":34.23567,"TMP_MPU1":42.31823,"TMP_MPU2":41.75353,"PRS":1002.285,"ALT":-1.350204,"AX":-0.080206,"AY":0.064643,"AZ":10.08677,"GX":0.017253,"GY":0.038904,"GZ":0.028845,"LAT":0,"LNG":0,"GPS_ALT":0,"SAT":0,"SPD":0,"DIR":0,"MST":23.60859,"TS":304387}
{"TMP_BMP":24.61,"TMP_AHT":34.16624,"TMP_MPU1":42.41235,"TMP_MPU2":41.80059,"PRS":1002.295,"ALT":-1.440041,"AX":-0.047884,"AY":0.063446,"AZ":10.1562,"GX":0.016721,"GY":0.035639,"GZ":0.026446,"LAT":0,"LNG":0,"GPS_ALT":0,"SAT":0,"SPD":0,"DIR":0,"MST":23.58761,"TS":304714}
{"TMP_BMP":24.62,"TMP_AHT":34.17292,"TMP_MPU1":42.45941,"TMP_MPU2":41.75353,"PRS":1002.294,"ALT":-1.429474,"AX":-0.095768,"AY":0.057461,"AZ":10.09874,"GX":0.018985,"GY":0.036439,"GZ":0.02578,"LAT":0,"LNG":0,"GPS_ALT":0,"SAT":0,"SPD":0,"DIR":0,"MST":23.61622,"TS":304996}
{"TMP_BMP":24.62,"TMP_AHT":34.22728,"TMP_MPU1":42.45941,"TMP_MPU2":41.75353,"PRS":1002.322,"ALT":-1.659348,"AX":-0.047884,"AY":0.063446,"AZ":10.09874,"GX":0.013989,"GY":0.039037,"GZ":0.027379,"LAT":0,"LNG":0,"GPS_ALT":0,"SAT":0,"SPD":0,"DIR":0,"MST":23.60229,"TS":305390}
{"TMP_BMP":24.62,"TMP_AHT":34.19447,"TMP_MPU1":42.27118,"TMP_MPU2":41.75353,"PRS":1002.31,"ALT":-1.564224,"AX":-0.047884,"AY":0.068235,"AZ":10.14543,"GX":0.015521,"GY":0.037904,"GZ":0.03051,"LAT":0,"LNG":0,"GPS_ALT":0,"SAT":0,"SPD":0,"DIR":0,"MST":23.60401,"TS":305712}
{"TMP_BMP":24.62,"TMP_AHT":34.235,"TMP_MPU1":42.31823,"TMP_MPU2":41.75353,"PRS":1002.305,"ALT":-1.516663,"AX":-0.031125,"AY":0.135272,"AZ":10.14304,"GX":0.016721,"GY":0.039703,"GZ":0.02638,"LAT":0,"LNG":0,"GPS_ALT":0,"SAT":0,"SPD":0,"DIR":0,"MST":23.62785,"TS":305992}
{"TMP_BMP":24.63,"TMP_AHT":34.2535,"TMP_MPU1":42.45941,"TMP_MPU2":41.75353,"PRS":1002.3,"ALT":-1.437401,"AX":-0.057461,"AY":0.056264,"AZ":10.13346,"GX":0.018253,"GY":0.039237,"GZ":0.029644,"LAT":0,"LNG":0,"GPS_ALT":0,"SAT":0,"SPD":0,"DIR":0,"MST":23.64388,"TS":306385}
{"TMP_BMP":24.62,"TMP_AHT":34.19924,"TMP_MPU1":42.31823,"TMP_MPU2":41.75353,"PRS":1002.273,"ALT":-1.249794,"AX":-0.099359,"AY":0.055067,"AZ":10.13705,"GX":0.016254,"GY":0.040569,"GZ":0.027845,"LAT":0,"LNG":0,"GPS_ALT":0,"SAT":0,"SPD":0,"DIR":0,"MST":23.63014,"TS":306754}
{"TMP_BMP":24.63,"TMP_AHT":34.21173,"TMP_MPU1":42.41235,"TMP_MPU2":41.89471,"PRS":1002.297,"ALT":-1.450607,"AX":-0.080206,"AY":0.070629,"AZ":10.09874,"GX":0.018253,"GY":0.03937,"GZ":0.028845,"LAT":0,"LNG":0,"GPS_ALT":0,"SAT":0,"SPD":0,"DIR":0,"MST":23.61012,"TS":307036}
{"TMP_BMP":24.63,"TMP_AHT":34.19762,"TMP_MPU1":42.41235,"TMP_MPU2":41.89471,"PRS":1002.289,"ALT":-1.384552,"AX":-0.043096,"AY":0.137667,"AZ":10.12747,"GX":0.014922,"GY":0.03091,"GZ":0.028112,"LAT":0,"LNG":0,"GPS_ALT":0,"SAT":0,"SPD":0,"DIR":0,"MST":23.63834,"TS":307489}
{"TMP_BMP":24.63,"TMP_AHT":34.17482,"TMP_MPU1":42.45941,"TMP_MPU2":41.75353,"PRS":1002.287,"ALT":-1.366058,"AX":-0.025139,"AY":0.070629,"AZ":10.12987,"GX":0.015388,"GY":0.038437,"GZ":0.024714,"LAT":0,"LNG":0,"GPS_ALT":0,"SAT":0,"SPD":0,"DIR":0,"MST":23.60535,"TS":307771}
{"TMP_BMP":24.63,"TMP_AHT":34.17511,"TMP_MPU1":42.22412,"TMP_MPU2":41.75353,"PRS":1002.264,"ALT":-1.173172,"AX":-0.03711,"AY":0.023942,"AZ":10.15501,"GX":0.013923,"GY":0.037438,"GZ":0.02618,"LAT":0,"LNG":0,"GPS_ALT":0,"SAT":0,"SPD":0,"DIR":0,"MST":23.63453,"TS":308054}
{"TMP_BMP":24.63,"TMP_AHT":34.17711,"TMP_MPU1":42.41235,"TMP_MPU2":41.75353,"PRS":1002.277,"ALT":-1.289429,"AX":-0.077812,"AY":0.046687,"AZ":10.13944,"GX":0.015788,"GY":0.033974,"GZ":0.03011,"LAT":0,"LNG":0,"GPS_ALT":0,"SAT":0,"SPD":0,"DIR":0,"MST":23.5981,"TS":308480}
{"TMP_BMP":24.63,"TMP_AHT":34.12981,"TMP_MPU1":42.27118,"TMP_MPU2":41.75353,"PRS":1002.252,"ALT":-1.078049,"AX":-0.137667,"AY":0.026336,"AZ":10.16458,"GX":0.017853,"GY":0.035106,"GZ":0.024848,"LAT":0,"LNG":0,"GPS_ALT":0,"SAT":0,"SPD":0,"DIR":0,"MST":23.62213,"TS":308760}
{"TMP_BMP":24.63,"TMP_AHT":34.14021,"TMP_MPU1":42.31823,"TMP_MPU2":41.89471,"PRS":1002.284,"ALT":-1.344917,"AX":-0.076614,"AY":0.061052,"AZ":10.12987,"GX":0.014789,"GY":0.043167,"GZ":0.028178,"LAT":0,"LNG":0,"GPS_ALT":0,"SAT":0,"SPD":0,"DIR":0,"MST":23.64349,"TS":309043}
{"TMP_BMP":24.62,"TMP_AHT":34.14583,"TMP_MPU1":42.45941,"TMP_MPU2":41.70647,"PRS":1002.273,"ALT":-1.255081,"AX":-0.043096,"AY":0.086191,"AZ":10.14064,"GX":0.018386,"GY":0.038038,"GZ":0.028112,"LAT":0,"LNG":0,"GPS_ALT":0,"SAT":0,"SPD":0,"DIR":0,"MST":23.60706,"TS":309478}
{"TMP_BMP":24.61,"TMP_AHT":34.13649,"TMP_MPU1":42.41235,"TMP_MPU2":41.89471,"PRS":1002.275,"ALT":-1.268295,"AX":-0.043096,"AY":0.056264,"AZ":10.09156,"GX":0.012057,"GY":0.03524,"GZ":0.027979,"LAT":0,"LNG":0,"GPS_ALT":0,"SAT":0,"SPD":0,"DIR":0,"MST":23.58227,"TS":309761}
{"TMP_BMP":24.61,"TMP_AHT":34.09386,"TMP_MPU1":42.45941,"TMP_MPU2":41.80059,"PRS":1002.268,"ALT":-1.210159,"AX":-0.348356,"AY":0.141258,"AZ":10.18493,"GX":0.01772,"GY":-0.034041,"GZ":0.022849,"LAT":0,"LNG":0,"GPS_ALT":0,"SAT":0,"SPD":0,"DIR":0,"MST":23.60516,"TS":310042}
{"TMP_BMP":24.6,"TMP_AHT":34.14135,"TMP_MPU1":42.31823,"TMP_MPU2":41.75353,"PRS":1002.305,"ALT":-1.553658,"AX":0.052672,"AY":-0.013168,"AZ":10.13106,"GX":0.019252,"GY":0.002265,"GZ":0.023515,"LAT":0,"LNG":0,"GPS_ALT":0,"SAT":0,"SPD":0,"DIR":0,"MST":23.60878,"TS":310475}
{"TMP_BMP":24.61,"TMP_AHT":34.13649,"TMP_MPU1":42.41235,"TMP_MPU2":41.89471,"PRS":1002.282,"ALT":-1.268295,"AX":0.254982,"AY":-0.12809,"AZ":9.919178,"GX":-0.013856,"GY":0.052893,"GZ":0.114046,"LAT":0,"LNG":0,"GPS_ALT":0,"SAT":0,"SPD":0,"DIR":0,"MST":23.58055,"TS":310758}
{"TMP_BMP":24.61,"TMP_AHT":34.22318,"TMP_MPU1":42.41235,"TMP_MPU2":41.70647,"PRS":1002.282,"ALT":-1.323776,"AX":0.472855,"AY":-0.191536,"AZ":9.952696,"GX":0.001399,"GY":0.073211,"GZ":-0.039836,"LAT":0,"LNG":0,"GPS_ALT":0,"SAT":0,"SPD":0,"DIR":0,"MST":23.61507,"TS":311040}
{"TMP_BMP":24.62,"TMP_AHT":34.75256,"TMP_MPU1":42.45941,"TMP_MPU2":41.70647,"PRS":1002.314,"ALT":-1.593292,"AX":-0.185551,"AY":0.052672,"AZ":10.21486,"GX":0.006662,"GY":0.022516,"GZ":0.024981,"LAT":0,"LNG":0,"GPS_ALT":0,"SAT":0,"SPD":0,"DIR":0,"MST":23.61336,"TS":311474}
{"TMP_BMP":24.61,"TMP_AHT":35.12325,"TMP_MPU1":42.50647,"TMP_MPU2":41.80059,"PRS":1002.301,"ALT":-1.487602,"AX":-0.125696,"AY":-0.131681,"AZ":9.6618,"GX":0.013257,"GY":0.137761,"GZ":0.021583,"LAT":0,"LNG":0,"GPS_ALT":0,"SAT":0,"SPD":0,"DIR":0,"MST":23.61164,"TS":311756}
{"TMP_BMP":24.62,"TMP_AHT":35.40964,"TMP_MPU1":42.41235,"TMP_MPU2":41.80059,"PRS":1002.302,"ALT":-1.495529,"AX":0.064643,"AY":0.062249,"AZ":10.09994,"GX":0.103454,"GY":-0.021917,"GZ":-0.055691,"LAT":0,"LNG":0,"GPS_ALT":0,"SAT":0,"SPD":0,"DIR":0,"MST":23.62328,"TS":312037}
{"TMP_BMP":24.62,"TMP_AHT":35.65493,"TMP_MPU1":42.41235,"TMP_MPU2":41.94176,"PRS":1002.279,"ALT":-1.376625,"AX":-0.009577,"AY":0.148441,"AZ":10.04607,"GX":0.019385,"GY":0.057756,"GZ":-0.007661,"LAT":0,"LNG":0,"GPS_ALT":0,"SAT":0,"SPD":0,"DIR":0,"MST":23.63796,"TS":312473}
{"TMP_BMP":24.62,"TMP_AHT":35.72092,"TMP_MPU1":42.41235,"TMP_MPU2":41.89471,"PRS":1002.272,"ALT":-1.244514,"AX":0.010774,"AY":0.120907,"AZ":10.1155,"GX":0.015921,"GY":0.03524,"GZ":0.027979,"LAT":0,"LNG":0,"GPS_ALT":0,"SAT":0,"SPD":0,"DIR":0,"MST":23.59867,"TS":312758}
{"TMP_BMP":24.62,"TMP_AHT":35.7233,"TMP_MPU1":42.41235,"TMP_MPU2":41.56529,"PRS":1002.328,"ALT":-1.714836,"AX":-0.039504,"AY":0.132878,"AZ":10.13346,"GX":0.015855,"GY":0.036639,"GZ":0.026513,"LAT":0,"LNG":0,"GPS_ALT":0,"SAT":0,"SPD":0,"DIR":0,"MST":23.59982,"TS":313036}
{"TMP_BMP":24.61,"TMP_AHT":35.79779,"TMP_MPU1":42.41235,"TMP_MPU2":41.70647,"PRS":1002.323,"ALT":-1.672562,"AX":0.020351,"AY":0.146046,"AZ":10.11431,"GX":0.01712,"GY":0.041035,"GZ":0.027312,"LAT":0,"LNG":0,"GPS_ALT":0,"SAT":0,"SPD":0,"DIR":0,"MST":23.59695,"TS":313468}
{"TMP_BMP":24.61,"TMP_AHT":35.81533,"TMP_MPU1":42.31823,"TMP_MPU2":41.89471,"PRS":1002.304,"ALT":-1.574799,"AX":-0.025139,"AY":0.140061,"AZ":10.09994,"GX":0.017786,"GY":0.035906,"GZ":0.028445,"LAT":0,"LNG":0,"GPS_ALT":0,"SAT":0,"SPD":0,"DIR":0,"MST":23.60401,"TS":313750}
{"TMP_BMP":24.62,"TMP_AHT":35.90879,"TMP_MPU1":42.50647,"TMP_MPU2":41.70647,"PRS":1002.275,"ALT":-1.268295,"AX":-0.031125,"AY":0.15682,"AZ":10.1562,"GX":0.014056,"GY":0.032775,"GZ":0.028045,"LAT":0,"LNG":0,"GPS_ALT":0,"SAT":0,"SPD":0,"DIR":0,"MST":23.5918,"TS":314033}
{"TMP_BMP":24.62,"TMP_AHT":35.97107,"TMP_MPU1":42.45941,"TMP_MPU2":41.75353,"PRS":1002.311,"ALT":-1.569511,"AX":-0.061052,"AY":0.112527,"AZ":10.10114,"GX":0.011458,"GY":0.041168,"GZ":0.028378,"LAT":0,"LNG":0,"GPS_ALT":0,"SAT":0,"SPD":0,"DIR":0,"MST":23.61679,"TS":314442}
{"TMP_BMP":24.62,"TMP_AHT":36.01055,"TMP_MPU1":42.31823,"TMP_MPU2":41.75353,"PRS":1002.291,"ALT":-1.366058,"AX":-0.164003,"AY":-0.251391,"AZ":10.60152,"GX":-0.617394,"GY":0.432668,"GZ":-1.174966,"LAT":0,"LNG":0,"GPS_ALT":0,"SAT":0,"SPD":0,"DIR":0,"MST":23.62385,"TS":314725}
{"TMP_BMP":24.62,"TMP_AHT":36.02505,"TMP_MPU1":42.41235,"TMP_MPU2":41.80059,"PRS":1002.265,"ALT":-1.189026,"AX":-5.477933,"AY":-2.363077,"AZ":8.839393,"GX":0.170203,"GY":0.336009,"GZ":0.079672,"LAT":0,"LNG":0,"GPS_ALT":0,"SAT":0,"SPD":0,"DIR":0,"MST":23.6311,"TS":315011}
{"TMP_BMP":24.62,"TMP_AHT":35.92434,"TMP_MPU1":42.27118,"TMP_MPU2":41.80059,"PRS":1002.257,"ALT":-1.117683,"AX":0.011971,"AY":0.065841,"AZ":10.076,"GX":0.016521,"GY":0.044966,"GZ":0.027046,"LAT":0,"LNG":0,"GPS_ALT":0,"SAT":0,"SPD":0,"DIR":0,"MST":23.61507,"TS":315436}
{"TMP_BMP":24.62,"TMP_AHT":35.81438,"TMP_MPU1":42.41235,"TMP_MPU2":41.75353,"PRS":1002.284,"ALT":-1.344917,"AX":-0.136469,"AY":0.051475,"AZ":10.09994,"GX":0.01359,"GY":0.048763,"GZ":0.025114,"LAT":0,"LNG":0,"GPS_ALT":0,"SAT":0,"SPD":0,"DIR":0,"MST":23.61832,"TS":315715}
{"TMP_BMP":24.62,"TMP_AHT":35.81171,"TMP_MPU1":42.45941,"TMP_MPU2":41.89471,"PRS":1002.29,"ALT":-1.389839,"AX":-0.116119,"AY":0.134075,"AZ":10.12029,"GX":0.013856,"GY":0.044433,"GZ":0.028711,"LAT":0,"LNG":0,"GPS_ALT":0,"SAT":0,"SPD":0,"DIR":0,"MST":23.63167,"TS":315997}
{"TMP_BMP":24.62,"TMP_AHT":35.87561,"TMP_MPU1":42.31823,"TMP_MPU2":41.80059,"PRS":1002.292,"ALT":-1.410973,"AX":-0.093374,"AY":0.043096,"AZ":10.09874,"GX":0.015388,"GY":0.044033,"GZ":0.027579,"LAT":0,"LNG":0,"GPS_ALT":0,"SAT":0,"SPD":0,"DIR":0,"MST":23.61946,"TS":316395}
{"TMP_BMP":24.62,"TMP_AHT":35.93388,"TMP_MPU1":42.60059,"TMP_MPU2":41.89471,"PRS":1002.268,"ALT":-1.20752,"AX":-0.059855,"AY":0.040701,"AZ":10.10473,"GX":0.018119,"GY":0.034041,"GZ":0.027246,"LAT":0,"LNG":0,"GPS_ALT":0,"SAT":0,"SPD":0,"DIR":0,"MST":23.60592,"TS":316736}
{"TMP_BMP":24.63,"TMP_AHT":35.93702,"TMP_MPU1":42.60059,"TMP_MPU2":41.42412,"PRS":1002.272,"ALT":-1.244514,"AX":-0.11133,"AY":0.041899,"AZ":10.11909,"GX":0.017587,"GY":0.03877,"GZ":0.027246,"LAT":0,"LNG":0,"GPS_ALT":0,"SAT":0,"SPD":0,"DIR":0,"MST":23.62843,"TS":317018}
{"TMP_BMP":24.63,"TMP_AHT":36.03487,"TMP_MPU1":42.22412,"TMP_MPU2":41.75353,"PRS":1002.286,"ALT":-1.358131,"AX":-0.047884,"AY":0.046687,"AZ":10.0772,"GX":0.016054,"GY":0.035906,"GZ":0.022982,"LAT":0,"LNG":0,"GPS_ALT":0,"SAT":0,"SPD":0,"DIR":0,"MST":23.62289,"TS":317457}
{"TMP_BMP":24.64,"TMP_AHT":36.27701,"TMP_MPU1":42.45941,"TMP_MPU2":41.80059,"PRS":1002.313,"ALT":-1.585365,"AX":-0.076614,"AY":0.062249,"AZ":10.18015,"GX":0.018786,"GY":0.033175,"GZ":0.029511,"LAT":0,"LNG":0,"GPS_ALT":0,"SAT":0,"SPD":0,"DIR":0,"MST":23.64998,"TS":317740}
{"TMP_BMP":24.64,"TMP_AHT":36.448,"TMP_MPU1":42.45941,"TMP_MPU2":41.94176,"PRS":1002.315,"ALT":-1.603859,"AX":-0.120907,"AY":0.04549,"AZ":10.18015,"GX":0.016321,"GY":0.031376,"GZ":0.027379,"LAT":0,"LNG":0,"GPS_ALT":0,"SAT":0,"SPD":0,"DIR":0,"MST":23.63186,"TS":318021}
{"TMP_BMP":24.65,"TMP_AHT":36.72943,"TMP_MPU1":42.60059,"TMP_MPU2":41.80059,"PRS":1002.3,"ALT":-1.482315,"AX":-0.068235,"AY":0.047884,"AZ":10.11909,"GX":0.016387,"GY":0.044766,"GZ":0.029377,"LAT":0,"LNG":0,"GPS_ALT":0,"SAT":0,"SPD":0,"DIR":0,"MST":23.64159,"TS":318457}
{"TMP_BMP":24.65,"TMP_AHT":36.79934,"TMP_MPU1":42.50647,"TMP_MPU2":41.89471,"PRS":1002.293,"ALT":-1.4189,"AX":-0.198719,"AY":0.011971,"AZ":10.18733,"GX":0.014589,"GY":0.034041,"GZ":0.023915,"LAT":0,"LNG":0,"GPS_ALT":0,"SAT":0,"SPD":0,"DIR":0,"MST":23.65284,"TS":318738}
{"TMP_BMP":24.65,"TMP_AHT":36.81421,"TMP_MPU1":42.60059,"TMP_MPU2":41.80059,"PRS":1002.259,"ALT":-1.138817,"AX":-0.0826,"AY":0.052672,"AZ":10.12747,"GX":0.014522,"GY":0.036172,"GZ":0.034907,"LAT":0,"LNG":0,"GPS_ALT":0,"SAT":0,"SPD":0,"DIR":0,"MST":23.66714,"TS":319017}
{"TMP_BMP":24.65,"TMP_AHT":36.7486,"TMP_MPU1":42.27118,"TMP_MPU2":41.75353,"PRS":1002.272,"ALT":-1.278862,"AX":0.191536,"AY":-0.05387,"AZ":9.710882,"GX":0.015855,"GY":0.067082,"GZ":0.021517,"LAT":0,"LNG":0,"GPS_ALT":0,"SAT":0,"SPD":0,"DIR":0,"MST":23.65284,"TS":319455}
{"TMP_BMP":24.65,"TMP_AHT":36.79514,"TMP_MPU1":42.50647,"TMP_MPU2":41.94176,"PRS":1002.286,"ALT":-1.358131,"AX":-0.077812,"AY":0.129287,"AZ":10.22564,"GX":0.015322,"GY":0.028112,"GZ":0.022583,"LAT":0,"LNG":0,"GPS_ALT":0,"SAT":0,"SPD":0,"DIR":0,"MST":23.63148,"TS":319736}
{"TMP_BMP":24.66,"TMP_AHT":37.11987,"TMP_MPU1":42.27118,"TMP_MPU2":41.89471,"PRS":1002.316,"ALT":-1.614433,"AX":-0.09098,"AY":0.07422,"AZ":10.13825,"GX":0.018453,"GY":0.042501,"GZ":0.028778,"LAT":0,"LNG":0,"GPS_ALT":0,"SAT":0,"SPD":0,"DIR":0,"MST":23.64349,"TS":320018}
{"TMP_BMP":24.66,"TMP_AHT":37.47835,"TMP_MPU1":42.22412,"TMP_MPU2":41.75353,"PRS":1002.295,"ALT":-1.434753,"AX":-0.102951,"AY":0.041899,"AZ":10.09994,"GX":0.017986,"GY":0.033974,"GZ":0.025381,"LAT":0,"LNG":0,"GPS_ALT":0,"SAT":0,"SPD":0,"DIR":0,"MST":23.6618,"TS":320459}
{"TMP_BMP":24.66,"TMP_AHT":37.76455,"TMP_MPU1":42.41235,"TMP_MPU2":41.70647,"PRS":1002.278,"ALT":-1.297356,"AX":-0.027533,"AY":0.059855,"AZ":10.13944,"GX":0.019452,"GY":0.03937,"GZ":0.028178,"LAT":0,"LNG":0,"GPS_ALT":0,"SAT":0,"SPD":0,"DIR":0,"MST":23.65398,"TS":320742}
{"TMP_BMP":24.67,"TMP_AHT":37.97112,"TMP_MPU1":42.41235,"TMP_MPU2":41.89471,"PRS":1002.3,"ALT":-1.477028,"AX":-0.093374,"AY":0.050278,"AZ":10.08558,"GX":0.016254,"GY":0.039836,"GZ":0.028645,"LAT":0,"LNG":0,"GPS_ALT":0,"SAT":0,"SPD":0,"DIR":0,"MST":23.64616,"TS":321022}
{"TMP_BMP":24.67,"TMP_AHT":38.24911,"TMP_MPU1":42.31823,"TMP_MPU2":41.75353,"PRS":1002.297,"ALT":-1.453255,"AX":-0.107739,"AY":0.040701,"AZ":10.13705,"GX":0.016254,"GY":0.037172,"GZ":0.028978,"LAT":0,"LNG":0,"GPS_ALT":0,"SAT":0,"SPD":0,"DIR":0,"MST":23.64902,"TS":321458}
{"TMP_BMP":24.67,"TMP_AHT":38.24797,"TMP_MPU1":42.45941,"TMP_MPU2":41.75353,"PRS":1002.276,"ALT":-1.278862,"AX":-0.09098,"AY":0.003591,"AZ":10.18015,"GX":0.016587,"GY":0.034773,"GZ":0.026313,"LAT":0,"LNG":0,"GPS_ALT":0,"SAT":0,"SPD":0,"DIR":0,"MST":23.65074,"TS":321741}
{"TMP_BMP":24.66,"TMP_AHT":38.22374,"TMP_MPU1":42.31823,"TMP_MPU2":41.80059,"PRS":1002.292,"ALT":-1.41626,"AX":-0.11133,"AY":0.020351,"AZ":10.15381,"GX":0.015521,"GY":0.047497,"GZ":0.031309,"LAT":0,"LNG":0,"GPS_ALT":0,"SAT":0,"SPD":0,"DIR":0,"MST":23.65627,"TS":322022}
{"TMP_BMP":24.66,"TMP_AHT":38.25569,"TMP_MPU1":42.41235,"TMP_MPU2":41.89471,"PRS":1002.299,"ALT":-1.471748,"AX":-0.17358,"AY":0.025139,"AZ":10.16817,"GX":0.014989,"GY":0.040969,"GZ":0.030044,"LAT":0,"LNG":0,"GPS_ALT":0,"SAT":0,"SPD":0,"DIR":0,"MST":23.65398,"TS":322449}
{"TMP_BMP":24.66,"TMP_AHT":38.14802,"TMP_MPU1":42.31823,"TMP_MPU2":41.80059,"PRS":1002.306,"ALT":-1.527237,"AX":-0.13647,"AY":0.076614,"AZ":10.16937,"GX":0.017653,"GY":0.032842,"GZ":0.028045,"LAT":0,"LNG":0,"GPS_ALT":0,"SAT":0,"SPD":0,"DIR":0,"MST":23.65932,"TS":322732}
{"TMP_BMP":24.66,"TMP_AHT":38.03167,"TMP_MPU1":42.27118,"TMP_MPU2":41.70647,"PRS":1002.299,"ALT":-1.471748,"AX":-0.049081,"AY":0.022745,"AZ":10.13466,"GX":0.014522,"GY":0.04723,"GZ":0.027379,"LAT":0,"LNG":0,"GPS_ALT":0,"SAT":0,"SPD":0,"DIR":0,"MST":23.63586,"TS":323012}
{"TMP_BMP":24.65,"TMP_AHT":37.96158,"TMP_MPU1":42.45941,"TMP_MPU2":41.94176,"PRS":1002.285,"ALT":-1.350204,"AX":-0.187945,"AY":0.062249,"AZ":10.21127,"GX":0.013856,"GY":0.033108,"GZ":0.028978,"LAT":0,"LNG":0,"GPS_ALT":0,"SAT":0,"SPD":0,"DIR":0,"MST":23.64006,"TS":323445}
{"TMP_BMP":24.65,"TMP_AHT":37.91294,"TMP_MPU1":42.22412,"TMP_MPU2":41.75353,"PRS":1002.254,"ALT":-1.093903,"AX":-0.086191,"AY":0.062249,"AZ":10.08917,"GX":0.016454,"GY":0.046364,"GZ":0.026047,"LAT":0,"LNG":0,"GPS_ALT":0,"SAT":0,"SPD":0,"DIR":0,"MST":23.64407,"TS":323729}
{"TMP_BMP":24.65,"TMP_AHT":37.84542,"TMP_MPU1":42.41235,"TMP_MPU2":41.70647,"PRS":1002.289,"ALT":-1.381912,"AX":-0.098162,"AY":0.051475,"AZ":10.14663,"GX":0.013123,"GY":0.039436,"GZ":0.029244,"LAT":0,"LNG":0,"GPS_ALT":0,"SAT":0,"SPD":0,"DIR":0,"MST":23.66867,"TS":324011}
{"TMP_BMP":24.66,"TMP_AHT":37.84018,"TMP_MPU1":42.45941,"TMP_MPU2":41.98882,"PRS":1002.288,"ALT":-1.392479,"AX":-0.101754,"AY":0.032322,"AZ":10.12149,"GX":0.014056,"GY":0.035173,"GZ":0.031776,"LAT":0,"LNG":0,"GPS_ALT":0,"SAT":0,"SPD":0,"DIR":0,"MST":23.63892,"TS":324453}
{"TMP_BMP":24.66,"TMP_AHT":37.69197,"TMP_MPU1":42.41235,"TMP_MPU2":41.56529,"PRS":1002.303,"ALT":-1.503456,"AX":-0.180762,"AY":0.019154,"AZ":10.18374,"GX":0.017986,"GY":0.026047,"GZ":0.026247,"LAT":0,"LNG":0,"GPS_ALT":0,"SAT":0,"SPD":0,"DIR":0,"MST":23.64674,"TS":324736}
{"TMP_BMP":24.66,"TMP_AHT":37.61854,"TMP_MPU1":42.45941,"TMP_MPU2":41.75353,"PRS":1002.27,"ALT":-1.223373,"AX":-0.162806,"AY":-0.011971,"AZ":10.43393,"GX":0.022449,"GY":0.008127,"GZ":0.02125,"LAT":0,"LNG":0,"GPS_ALT":0,"SAT":0,"SPD":0,"DIR":0,"MST":23.66238,"TS":325018}
{"TMP_BMP":24.66,"TMP_AHT":37.51354,"TMP_MPU1":42.45941,"TMP_MPU2":41.89471,"PRS":1002.266,"ALT":-1.189026,"AX":-0.126893,"AY":0.019154,"AZ":10.14782,"GX":0.012324,"GY":0.021517,"GZ":0.02558,"LAT":0,"LNG":0,"GPS_ALT":0,"SAT":0,"SPD":0,"DIR":0,"MST":23.66543,"TS":325451}
{"TMP_BMP":24.67,"TMP_AHT":37.46281,"TMP_MPU1":42.31823,"TMP_MPU2":41.80059,"PRS":1002.291,"ALT":-1.405693,"AX":-0.107739,"AY":0.026336,"AZ":10.20169,"GX":0.01692,"GY":0.032908,"GZ":0.028312,"LAT":0,"LNG":0,"GPS_ALT":0,"SAT":0,"SPD":0,"DIR":0,"MST":23.6557,"TS":325733}
{"TMP_BMP":24.67,"TMP_AHT":37.4052,"TMP_MPU1":42.41235,"TMP_MPU2":41.80059,"PRS":1002.316,"ALT":-1.617073,"AX":-0.117316,"AY":0.086191,"AZ":10.20888,"GX":0.00846,"GY":0.038637,"GZ":0.014389,"LAT":0,"LNG":0,"GPS_ALT":0,"SAT":0,"SPD":0,"DIR":0,"MST":23.65875,"TS":326012}
{"TMP_BMP":24.67,"TMP_AHT":37.27398,"TMP_MPU1":42.64764,"TMP_MPU2":41.89471,"PRS":1002.259,"ALT":-1.484955,"AX":-0.075417,"AY":0.043096,"AZ":10.14543,"GX":0.015188,"GY":0.039037,"GZ":0.025114,"LAT":0,"LNG":0,"GPS_ALT":0,"SAT":0,"SPD":0,"DIR":0,"MST":23.66467,"TS":326449}
{"TMP_BMP":24.67,"TMP_AHT":37.29448,"TMP_MPU1":42.50647,"TMP_MPU2":41.75353,"PRS":1002.269,"ALT":-1.215446,"AX":-0.098162,"AY":-0.017957,"AZ":10.04008,"GX":0.015655,"GY":0.041368,"GZ":0.027845,"LAT":0,"LNG":0,"GPS_ALT":0,"SAT":0,"SPD":0,"DIR":0,"MST":23.66638,"TS":326732}
{"TMP_BMP":24.68,"TMP_AHT":37.22467,"TMP_MPU1":42.41235,"TMP_MPU2":41.70647,"PRS":1002.275,"ALT":-1.347557,"AX":-0.11971,"AY":-0.035913,"AZ":10.1562,"GX":0.019385,"GY":0.036505,"GZ":0.026846,"LAT":0,"LNG":0,"GPS_ALT":0,"SAT":0,"SPD":0,"DIR":0,"MST":23.67916,"TS":327015}
{"TMP_BMP":24.68,"TMP_AHT":37.0904,"TMP_MPU1":42.45941,"TMP_MPU2":41.75353,"PRS":1002.321,"ALT":-1.65406,"AX":-0.099359,"AY":-0.002394,"AZ":10.15141,"GX":0.015188,"GY":0.035106,"GZ":0.027845,"LAT":0,"LNG":0,"GPS_ALT":0,"SAT":0,"SPD":0,"DIR":0,"MST":23.65799,"TS":327441}
{"TMP_BMP":24.68,"TMP_AHT":37.04443,"TMP_MPU1":42.41235,"TMP_MPU2":41.98882,"PRS":1002.297,"ALT":-1.453255,"AX":-0.105345,"AY":0.013168,"AZ":10.09755,"GX":0.018786,"GY":0.0433,"GZ":0.026779,"LAT":0,"LNG":0,"GPS_ALT":0,"SAT":0,"SPD":0,"DIR":0,"MST":23.65952,"TS":327724}
{"TMP_BMP":24.67,"TMP_AHT":36.93237,"TMP_MPU1":42.50647,"TMP_MPU2":41.70647,"PRS":1002.27,"ALT":-1.2313,"AX":-0.143652,"AY":-0.011971,"AZ":10.12268,"GX":0.015588,"GY":0.038237,"GZ":0.02558,"LAT":0,"LNG":0,"GPS_ALT":0,"SAT":0,"SPD":0,"DIR":0,"MST":23.66848,"TS":328003}
{"TMP_BMP":24.67,"TMP_AHT":36.901,"TMP_MPU1":42.31823,"TMP_MPU2":41.89471,"PRS":1002.308,"ALT":-1.545731,"AX":-0.089783,"AY":0.001197,"AZ":10.13346,"GX":0.01692,"GY":0.03937,"GZ":0.029111,"LAT":0,"LNG":0,"GPS_ALT":0,"SAT":0,"SPD":0,"DIR":0,"MST":23.65952,"TS":328435}
{"TMP_BMP":24.68,"TMP_AHT":36.88049,"TMP_MPU1":42.41235,"TMP_MPU2":41.75353,"PRS":1002.274,"ALT":-1.263008,"AX":-0.095768,"AY":0.003591,"AZ":10.10353,"GX":0.01692,"GY":0.038637,"GZ":0.026846,"LAT":0,"LNG":0,"GPS_ALT":0,"SAT":0,"SPD":0,"DIR":0,"MST":23.6681,"TS":328715}
{"TMP_BMP":24.68,"TMP_AHT":36.84845,"TMP_MPU1":42.45941,"TMP_MPU2":41.80059,"PRS":1002.286,"ALT":-1.360771,"AX":-0.11133,"AY":0.016759,"AZ":10.16458,"GX":0.015322,"GY":0.038237,"GZ":0.028378,"LAT":0,"LNG":0,"GPS_ALT":0,"SAT":0,"SPD":0,"DIR":0,"MST":23.68984,"TS":328994}
{"TMP_BMP":24.68,"TMP_AHT":36.75451,"TMP_MPU1":42.60059,"TMP_MPU2":41.80059,"PRS":1002.263,"ALT":-1.165245,"AX":-0.116119,"AY":0.021548,"AZ":10.16698,"GX":0.01712,"GY":0.037838,"GZ":0.029044,"LAT":0,"LNG":0,"GPS_ALT":0,"SAT":0,"SPD":0,"DIR":0,"MST":23.68774,"TS":329434}
{"TMP_BMP":24.69,"TMP_AHT":36.6622,"TMP_MPU1":42.60059,"TMP_MPU2":41.94176,"PRS":1002.262,"ALT":-1.157318,"AX":-0.113725,"AY":0.007183,"AZ":10.17655,"GX":0.016321,"GY":0.03877,"GZ":0.027645,"LAT":0,"LNG":0,"GPS_ALT":0,"SAT":0,"SPD":0,"DIR":0,"MST":23.67249,"TS":329716}
{"TMP_BMP":24.68,"TMP_AHT":36.57866,"TMP_MPU1":42.41235,"TMP_MPU2":41.94176,"PRS":1002.261,"ALT":-1.154671,"AX":-0.117316,"AY":0.038307,"AZ":10.16578,"GX":0.013789,"GY":0.03857,"GZ":0.027845,"LAT":0,"LNG":0,"GPS_ALT":0,"SAT":0,"SPD":0,"DIR":0,"MST":23.69652,"TS":329996}
{"TMP_BMP":24.68,"TMP_AHT":36.42092,"TMP_MPU1":42.31823,"TMP_MPU2":41.89471,"PRS":1002.263,"ALT":-1.196953,"AX":-0.105345,"AY":-0.00838,"AZ":10.14543,"GX":0.019052,"GY":0.036106,"GZ":0.027446,"LAT":0,"LNG":0,"GPS_ALT":0,"SAT":0,"SPD":0,"DIR":0,"MST":23.67191,"TS":330430}
{"TMP_BMP":24.68,"TMP_AHT":36.4213,"TMP_MPU1":42.60059,"TMP_MPU2":41.47118,"PRS":1002.28,"ALT":-1.31057,"AX":-0.125696,"AY":0.031125,"AZ":10.11909,"GX":0.020717,"GY":0.034507,"GZ":0.025714,"LAT":0,"LNG":0,"GPS_ALT":0,"SAT":0,"SPD":0,"DIR":0,"MST":23.66905,"TS":330714}
{"TMP_BMP":24.69,"TMP_AHT":36.28941,"TMP_MPU1":42.50647,"TMP_MPU2":41.98882,"PRS":1002.278,"ALT":-1.297356,"AX":-0.098162,"AY":0.020351,"AZ":10.13825,"GX":0.015521,"GY":0.03544,"GZ":0.024581,"LAT":0,"LNG":0,"GPS_ALT":0,"SAT":0,"SPD":0,"DIR":0,"MST":23.67439,"TS":330992}
{"TMP_BMP":24.69,"TMP_AHT":36.25298,"TMP_MPU1":42.50647,"TMP_MPU2":41.80059,"PRS":1002.296,"ALT":-1.44268,"AX":-0.017957,"AY":0.013168,"AZ":10.05924,"GX":0.02145,"GY":0.038504,"GZ":0.031576,"LAT":0,"LNG":0,"GPS_ALT":0,"SAT":0,"SPD":0,"DIR":0,"MST":23.68736,"TS":331427}
{"TMP_BMP":24.69,"TMP_AHT":36.17144,"TMP_MPU1":42.45941,"TMP_MPU2":41.89471,"PRS":1002.267,"ALT":-1.199593,"AX":-0.129287,"AY":0.009577,"AZ":10.13825,"GX":0.01279,"GY":0.042168,"GZ":0.026846,"LAT":0,"LNG":0,"GPS_ALT":0,"SAT":0,"SPD":0,"DIR":0,"MST":23.69461,"TS":331709}
{"TMP_BMP":24.69,"TMP_AHT":36.08255,"TMP_MPU1":42.60059,"TMP_MPU2":42.22412,"PRS":1002.288,"ALT":-1.376625,"AX":-0.100556,"AY":0.064643,"AZ":10.11909,"GX":0.015988,"GY":0.041235,"GZ":0.029311,"LAT":0,"LNG":0,"GPS_ALT":0,"SAT":0,"SPD":0,"DIR":0,"MST":23.69862,"TS":331990}
{"TMP_BMP":24.7,"TMP_AHT":36.06424,"TMP_MPU1":42.60059,"TMP_MPU2":41.80059,"PRS":1002.252,"ALT":-1.075409,"AX":-0.33878,"AY":0.04549,"AZ":10.23162,"GX":0.013723,"GY":0.0431,"GZ":0.027446,"LAT":0,"LNG":0,"GPS_ALT":0,"SAT":0,"SPD":0,"DIR":0,"MST":23.69347,"TS":332436}
{"TMP_BMP":24.7,"TMP_AHT":36.02076,"TMP_MPU1":42.60059,"TMP_MPU2":42.08294,"PRS":1002.287,"ALT":-1.371338,"AX":-0.925359,"AY":-0.09098,"AZ":11.73159,"GX":0.155348,"GY":-0.498618,"GZ":-0.459914,"LAT":0,"LNG":0,"GPS_ALT":0,"SAT":0,"SPD":0,"DIR":0,"MST":23.70892,"TS":332713}
{"TMP_BMP":24.7,"TMP_AHT":35.94332,"TMP_MPU1":42.41235,"TMP_MPU2":41.75353,"PRS":1002.263,"ALT":-1.302643,"AX":-0.149638,"AY":-0.015562,"AZ":10.07001,"GX":0.016387,"GY":0.090331,"GZ":0.027246,"LAT":0,"LNG":0,"GPS_ALT":0,"SAT":0,"SPD":0,"DIR":0,"MST":23.70548,"TS":332997}
{"TMP_BMP":24.7,"TMP_AHT":35.90641,"TMP_MPU1":42.45941,"TMP_MPU2":41.75353,"PRS":1002.297,"ALT":-1.453255,"AX":-0.755371,"AY":-0.505177,"AZ":10.64821,"GX":0.014855,"GY":-0.014056,"GZ":0.027712,"LAT":0,"LNG":0,"GPS_ALT":0,"SAT":0,"SPD":0,"DIR":0,"MST":23.7112,"TS":333434}
{"TMP_BMP":24.7,"TMP_AHT":35.81572,"TMP_MPU1":42.41235,"TMP_MPU2":41.94176,"PRS":1002.29,"ALT":-1.389839,"AX":-0.976834,"AY":-1.122881,"AZ":9.623493,"GX":-0.059821,"GY":0.240549,"GZ":-0.084868,"LAT":0,"LNG":0,"GPS_ALT":0,"SAT":0,"SPD":0,"DIR":0,"MST":23.70949,"TS":333717}
{"TMP_BMP":24.71,"TMP_AHT":35.81047,"TMP_MPU1":42.41235,"TMP_MPU2":41.89471,"PRS":1002.294,"ALT":-1.429474,"AX":-0.641646,"AY":-0.105345,"AZ":10.43872,"GX":-0.244479,"GY":0.174266,"GZ":-0.045232,"LAT":0,"LNG":0,"GPS_ALT":0,"SAT":0,"SPD":0,"DIR":0,"MST":23.71159,"TS":334001}
{"TMP_BMP":24.7,"TMP_AHT":35.77518,"TMP_MPU1":42.41235,"TMP_MPU2":41.70647,"PRS":1002.289,"ALT":-1.159958,"AX":0.084994,"AY":0.287304,"AZ":11.69927,"GX":0.488226,"GY":-0.201512,"GZ":0.003331,"LAT":0,"LNG":0,"GPS_ALT":0,"SAT":0,"SPD":0,"DIR":0,"MST":23.69595,"TS":334433}
{"TMP_BMP":24.7,"TMP_AHT":35.6904,"TMP_MPU1":42.41235,"TMP_MPU2":41.80059,"PRS":1002.248,"ALT":-1.043701,"AX":-0.222661,"AY":-0.057461,"AZ":9.690532,"GX":-0.188256,"GY":0.200047,"GZ":-0.242148,"LAT":0,"LNG":0,"GPS_ALT":0,"SAT":0,"SPD":0,"DIR":0,"MST":23.69957,"TS":334714}
{"TMP_BMP":24.7,"TMP_AHT":35.65731,"TMP_MPU1":42.50647,"TMP_MPU2":41.80059,"PRS":1002.268,"ALT":-1.212807,"AX":0.28491,"AY":-0.664391,"AZ":9.949105,"GX":0.174}	5A:24.73,"TMP_AHT":35.97612,"TMP_MPU1":42.78882,"TMP_MPU2":42.22412,"PRS":1002.274,"ALT":-1.263008,"AX":0.326809,"AY":0.531513,"AZ":10.13107,"GX":0.007394,"GY":0.061953,"GZ":0.016254,"LAT":0,"LNG":0,"GPS_ALT":0,"SAT":0,"SPD":0,"DIR":0,"MST":23.70052,"TS":349282}
{"TMP_BMP":24.73,"TMP_AHT":35.86206,"TMP_MPU1":42.93,"TMP_MPU2":41.98882,"PRS":1002.27,"ALT":-1.226013,"AX":0.289698,"AY":0.545878,"AZ":10.06044,"GX":0.040236,"GY":0.054558,"GZ":0.032908,"LAT":0,"LNG":0,"GPS_ALT":0,"SAT":0,"SPD":0,"DIR":0,"MST":23.71197,"TS":349612}
{"TMP_BMP":24.73,"TMP_AHT":35.76651,"TMP_MPU1":42.93,"TMP_MPU2":42.08294,"PRS":1002.259,"ALT":-1.136177,"AX":0.560243,"AY":0.452504,"AZ":10.07839,"GX":0.093395,"GY":0.106585,"GZ":0.037971,"LAT":0,"LNG":0,"GPS_ALT":0,"SAT":0,"SPD":0,"DIR":0,"MST":23.71578,"TS":349888}
{"TMP_BMP":24.72,"TMP_AHT":35.76174,"TMP_MPU1":42.64764,"TMP_MPU2":41.94176,"PRS":1002.249,"ALT":-1.048981,"AX":0.361524,"AY":0.574608,"AZ":10.15381,"GX":0.061553,"GY":0.084335,"GZ":0.021917,"LAT":0,"LNG":0,"GPS_ALT":0,"SAT":0,"SPD":0,"DIR":0,"MST":23.70453,"TS":350278}
{"TMP_BMP":24.72,"TMP_AHT":35.70681,"TMP_MPU1":42.97706,"TMP_MPU2":41.98882,"PRS":1002.287,"ALT":-1.373985,"AX":0.341174,"AY":0.592565,"AZ":10.02452,"GX":0.022783,"GY":0.033907,"GZ":0.069613,"LAT":0,"LNG":0,"GPS_ALT":0,"SAT":0,"SPD":0,"DIR":0,"MST":23.67229,"TS":350601}
{"TMP_BMP":24.73,"TMP_AHT":35.71205,"TMP_MPU1":42.74176,"TMP_MPU2":41.98882,"PRS":1002.246,"ALT":-1.0252,"AX":0.494403,"AY":0.428562,"AZ":10.17177,"GX":0.007328,"GY":0.115045,"GZ":0.001665,"LAT":0,"LNG":0,"GPS_ALT":0,"SAT":0,"SPD":0,"DIR":0,"MST":23.69499,"TS":350882}
{"TMP_BMP":24.74,"TMP_AHT":36.28292,"TMP_MPU1":42.93,"TMP_MPU2":42.08294,"PRS":1002.258,"ALT":-1.12561,"AX":-0.035913,"AY":0.851139,"AZ":9.574413,"GX":0.021051,"GY":0.092729,"GZ":0.011391,"LAT":0,"LNG":0,"GPS_ALT":0,"SAT":0,"SPD":0,"DIR":0,"MST":23.71464,"TS":351273}
{"TMP_BMP":24.76,"TMP_AHT":36.7836,"TMP_MPU1":42.83588,"TMP_MPU2":41.98882,"PRS":1002.265,"ALT":-1.183739,"AX":-1.186327,"AY":1.084573,"AZ":10.58477,"GX":0.021717,"GY":-0.051627,"GZ":-0.013723,"LAT":0,"LNG":0,"GPS_ALT":0,"SAT":0,"SPD":0,"DIR":0,"MST":23.74439,"TS":351596}
{"TMP_BMP":24.76,"TMP_AHT":36.82489,"TMP_MPU1":42.78882,"TMP_MPU2":42.22412,"PRS":1002.245,"ALT":-1. 