{"TMP_AVG":24.35,"PRS":1004.259,"ALT":0.029068,"AX":-0.205901,"AY":0.502782,"AZ":10.04607,"GX":0.015255,"GY":0.036838,"GZ":0.026913,"LAT":0,"LNG":0,"GPS_ALT":0,"SAT":0,"SPD":0,"DIR":0,"MST":445,"TS":222}
{"TMP_AVG":24.35,"PRS":1004.256,"ALT":0.052849,"AX":-0.221464,"AY":0.512359,"AZ":10.03769,"GX":0.016587,"GY":0.037638,"GZ":0.029178,"LAT":0,"LNG":0,"GPS_ALT":0,"SAT":0,"SPD":0,"DIR":0,"MST":445,"TS":701}
{"TMP_AVG":24.35,"PRS":1004.27,"ALT":-0.060776,"AX":-0.199916,"AY":0.527921,"AZ":10.09156,"GX":0.01279,"GY":0.036772,"GZ":0.029178,"LAT":0,"LNG":0,"GPS_ALT":0,"SAT":0,"SPD":0,"DIR":0,"MST":445,"TS":1220}
{"TMP_AVG":24.35,"PRS":772.1552,"ALT":0,"AX":-0.190339,"AY":0.519542,"AZ":9.998186,"GX":0.018119,"GY":0.037371,"GZ":0.028178,"LAT":0,"LNG":0,"GPS_ALT":0,"SAT":0,"SPD":0,"DIR":0,"MST":445,"TS":190}
{"TMP_AVG":24.35,"PRS":772.1399,"ALT":0.158447,"AX":-0.180762,"AY":0.533907,"AZ":10.07121,"GX":0.013923,"GY":0.035639,"GZ":0.028312,"LAT":0,"LNG":0,"GPS_ALT":0,"SAT":0,"SPD":0,"DIR":0,"MST":445,"TS":692}
{"TMP_AVG":24.34,"PRS":772.1407,"ALT":0.150635,"AX":-0.213084,"AY":0.502782,"AZ":10.08079,"GX":0.016188,"GY":0.038704,"GZ":0.029044,"LAT":0,"LNG":0,"GPS_ALT":0,"SAT":0,"SPD":0,"DIR":0,"MST":445,"TS":1190}
{"TMP_AVG":24.33,"PRS":772.1225,"ALT":0.34082,"AX":-0.190339,"AY":0.505177,"AZ":10.10952,"GX":0.015588,"GY":0.037904,"GZ":0.027113,"LAT":0,"LNG":0,"GPS_ALT":0,"SAT":0,"SPD":0,"DIR":0,"MST":445,"TS":1692}
{"TMP_AVG":24.33,"PRS":772.1316,"ALT":0.24585,"AX":-0.183156,"AY":0.533907,"AZ":10.08438,"GX":0.016121,"GY":0.033774,"GZ":0.027379,"LAT":0,"LNG":0,"GPS_ALT":0,"SAT":0,"SPD":0,"DIR":0,"MST":445,"TS":2191}
{"TMP_AVG":24.32,"PRS":772.1131,"ALT":0.438721,"AX":-0.184354,"AY":0.527921,"AZ":10.06882,"GX":0.01692,"GY":0.037904,"GZ":0.028711,"LAT":0,"LNG":0,"GPS_ALT":0,"SAT":0,"SPD":0,"DIR":0,"MST":445,"TS":2693}
{"TMP_AVG":24.31,"PRS":772.1122,"ALT":0.446533,"AX":-0.169988,"AY":0.507571,"AZ":10.0353,"GX":0.014855,"GY":0.036239,"GZ":0.026979,"LAT":0,"LNG":0,"GPS_ALT":0,"SAT":0,"SPD":0,"DIR":0,"MST":445,"TS":3191}
{"TMP_AVG":24.31,"PRS":772.1013,"ALT":0.560303,"AX":-0.192733,"AY":0.51595,"AZ":10.07001,"GX":0.016854,"GY":0.033641,"GZ":0.027379,"LAT":0,"LNG":0,"GPS_ALT":0,"SAT":0,"SPD":0,"DIR":0,"MST":445,"TS":3693}
{"TMP_AVG":24.3,"PRS":772.0956,"ALT":0.618408,"AX":-0.215478,"AY":0.51595,"AZ":10.08797,"GX":0.016854,"GY":0.038237,"GZ":0.02658,"LAT":0,"LNG":0,"GPS_ALT":0,"SAT":0,"SPD":0,"DIR":0,"MST":445,"TS":4213}
{"TMP_AVG":24.3,"PRS":772.0811,"ALT":0.769043,"AX":-0.183156,"AY":0.514753,"AZ":10.08318,"GX":0.016721,"GY":0.036705,"GZ":0.029377,"LAT":0,"LNG":0,"GPS_ALT":0,"SAT":0,"SPD":0,"DIR":0,"MST":445,"TS":4715}
{"TMP_AVG":24.29,"PRS":772.0801,"ALT":0.779541,"AX":-0.17358,"AY":0.550666,"AZ":10.09994,"GX":0.016121,"GY":0.037638,"GZ":0.028045,"LAT":0,"LNG":0,"GPS_ALT":0,"SAT":0,"SPD":0,"DIR":0,"MST":445,"TS":5215}
{"TMP_AVG":24.29,"PRS":772.0772,"ALT":0.811279,"AX":-0.179565,"AY":0.521936,"AZ":10.04487,"GX":0.018852,"GY":0.038038,"GZ":0.024914,"LAT":0,"LNG":0,"GPS_ALT":0,"SAT":0,"SPD":0,"DIR":0,"MST":445,"TS":5715}
{"TMP_AVG":24.29,"PRS":772.0856,"ALT":0.721436,"AX":-0.196325,"AY":0.523133,"AZ":10.04008,"GX":0.015921,"GY":0.03957,"GZ":0.026313,"LAT":0,"LNG":0,"GPS_ALT":0,"SAT":0,"SPD":0,"DIR":0,"MST":445,"TS":6214}
{"TMP_AVG":24.29,"PRS":772.0955,"ALT":0.62085,"AX":-0.185551,"AY":0.551864,"AZ":10.07719,"GX":0.01752,"GY":0.038104,"GZ":0.027379,"LAT":0,"LNG":0,"GPS_ALT":0,"SAT":0,"SPD":0,"DIR":0,"MST":445,"TS":6715}
{"TMP_AVG":24.29,"PRS":772.0747,"ALT":0.834961,"AX":-0.214281,"AY":0.53271,"AZ":10.08198,"GX":0.015788,"GY":0.033974,"GZ":0.026713,"LAT":0,"LNG":0,"GPS_ALT":0,"SAT":0,"SPD":0,"DIR":0,"MST":445,"TS":7214}
{"TMP_AVG":24.28,"PRS":772.0662,"ALT":0.924805,"AX":-0.192733,"AY":0.508768,"AZ":10.10832,"GX":0.01752,"GY":0.040103,"GZ":0.03071,"LAT":0,"LNG":0,"GPS_ALT":0,"SAT":0,"SPD":0,"DIR":0,"MST":445,"TS":7828}
{"TMP_AVG":24.27,"PRS":772.057,"ALT":1.02002,"AX":-0.195127,"AY":0.536301,"AZ":10.06882,"GX":0.016121,"GY":0.038038,"GZ":0.025514,"LAT":0,"LNG":0,"GPS_ALT":0,"SAT":0,"SPD":0,"DIR":0,"MST":445,"TS":8458}
{"TMP_AVG":24.27,"PRS":772.0557,"ALT":1.033203,"AX":-0.180762,"AY":0.502782,"AZ":10.0748,"GX":0.016987,"GY":0.036705,"GZ":0.026979,"LAT":0,"LNG":0,"GPS_ALT":0,"SAT":0,"SPD":0,"DIR":0,"MST":445,"TS":8852}
{"TMP_AVG":24.27,"PRS":772.0511,"ALT":1.080811,"AX":-0.189142,"AY":0.507571,"AZ":10.04248,"GX":0.015521,"GY":0.039503,"GZ":0.028445,"LAT":0,"LNG":0,"GPS_ALT":0,"SAT":0,"SPD":0,"DIR":0,"MST":445,"TS":9467}
{"TMP_AVG":24.27,"PRS":772.039,"ALT":1.204834,"AX":-0.199916,"AY":0.53271,"AZ":10.03649,"GX":0.016121,"GY":0.039703,"GZ":0.025714,"LAT":0,"LNG":0,"GPS_ALT":0,"SAT":0,"SPD":0,"DIR":0,"MST":445,"TS":9853}
{"TMP_AVG":24.26,"PRS":772.0328,"ALT":1.236572,"AX":-0.217872,"AY":0.526724,"AZ":10.01255,"GX":0.01772,"GY":0.038904,"GZ":0.025847,"LAT":0,"LNG":0,"GPS_ALT":0,"SAT":0,"SPD":0,"DIR":0,"MST":445,"TS":10466}
{"TMP_AVG":24.25,"PRS":772.0377,"ALT":1.220703,"AX":-0.211887,"AY":0.537498,"AZ":10.05565,"GX":0.014189,"GY":0.038504,"GZ":0.028511,"LAT":0,"LNG":0,"GPS_ALT":0,"SAT":0,"SPD":0,"DIR":0,"MST":445,"TS":10854}
{"TMP_AVG":24.24,"PRS":772.0159,"ALT":1.445313,"AX":-0.195127,"AY":0.537498,"AZ":10.0736,"GX":0.016188,"GY":0.037172,"GZ":0.024848,"LAT":0,"LNG":0,"GPS_ALT":0,"SAT":0,"SPD":0,"DIR":0,"MST":445,"TS":11464}
{"TMP_AVG":24.23,"PRS":772.0123,"ALT":1.482422,"AX":-0.174777,"AY":0.523133,"AZ":10.0736,"GX":0.015455,"GY":0.035306,"GZ":0.028245,"LAT":0,"LNG":0,"GPS_ALT":0,"SAT":0,"SPD":0,"DIR":0,"MST":445,"TS":11854}
{"TMP_AVG":24.23,"PRS":772.019,"ALT":1.413574,"AX":-0.164003,"AY":0.538695,"AZ":10.04607,"GX":0.014522,"GY":0.034707,"GZ":0.024448,"LAT":0,"LNG":0,"GPS_ALT":0,"SAT":0,"SPD":0,"DIR":0,"MST":445,"TS":12561}
{"TMP_AVG":24.23,"PRS":772.0186,"ALT":1.418945,"AX":-0.190339,"AY":0.542287,"AZ":10.06403,"GX":0.011924,"GY":0.035173,"GZ":0.027645,"LAT":0,"LNG":0,"GPS_ALT":0,"SAT":0,"SPD":0,"DIR":0,"MST":445,"TS":13060}
{"TMP_AVG":24.23,"PRS":772.017,"ALT":1.434814,"AX":-0.175974,"AY":0.535104,"AZ":10.06163,"GX":0.017387,"GY":0.040769,"GZ":0.025847,"LAT":0,"LNG":0,"GPS_ALT":0,"SAT":0,"SPD":0,"DIR":0,"MST":445,"TS":13561}
{"TMP_AVG":24.23,"PRS":772.0106,"ALT":1.500732,"AX":-0.168791,"AY":0.526724,"AZ":10.13585,"GX":0.015588,"GY":0.028045,"GZ":0.027579,"LAT":0,"LNG":0,"GPS_ALT":0,"SAT":0,"SPD":0,"DIR":0,"MST":445,"TS":14059}
{"TMP_AVG":24.23,"PRS":771.9994,"ALT":1.617188,"AX":-0.191536,"AY":0.56144,"AZ":10.11071,"GX":0.015921,"GY":0.038904,"GZ":0.027579,"LAT":0,"LNG":0,"GPS_ALT":0,"SAT":0,"SPD":0,"DIR":0,"MST":445,"TS":14562}
{"TMP_AVG":24.23,"PRS":772.004,"ALT":1.56958,"AX":-0.175974,"AY":0.530316,"AZ":10.07719,"GX":0.018386,"GY":0.040769,"GZ":0.027046,"LAT":0,"LNG":0,"GPS_ALT":0,"SAT":0,"SPD":0,"DIR":0,"MST":445,"TS":15060}
{"TMP_AVG":24.23,"PRS":771.999,"ALT":1.622314,"AX":-0.180762,"AY":0.536301,"AZ":10.08917,"GX":0.015988,"GY":0.03937,"GZ":0.029178,"LAT":0,"LNG":0,"GPS_ALT":0,"SAT":0,"SPD":0,"DIR":0,"MST":445,"TS":15561}
{"TMP_AVG":24.22,"PRS":772.0048,"ALT":1.561523,"AX":-0.186748,"AY":0.530316,"AZ":10.0353,"GX":0.017853,"GY":0.037105,"GZ":0.029844,"LAT":0,"LNG":0,"GPS_ALT":0,"SAT":0,"SPD":0,"DIR":0,"MST":445,"TS":16060}
{"TMP_AVG":24.21,"PRS":771.9936,"ALT":1.677979,"AX":-0.196325,"AY":0.517148,"AZ":10.10473,"GX":0.011991,"GY":0.03857,"GZ":0.027779,"LAT":0,"LNG":0,"GPS_ALT":0,"SAT":0,"SPD":0,"DIR":0,"MST":445,"TS":16562}
{"TMP_AVG":24.2,"PRS":771.9981,"ALT":1.630371,"AX":-0.252588,"AY":0.526724,"AZ":10.076,"GX":0.01772,"GY":0.029444,"GZ":0.027179,"LAT":0,"LNG":0,"GPS_ALT":0,"SAT":0,"SPD":0,"DIR":0,"MST":445,"TS":17060}
{"TMP_AVG":24.2,"PRS":771.9692,"ALT":2.000244,"AX":-0.226252,"AY":0.533907,"AZ":10.16937,"GX":0.018053,"GY":0.031709,"GZ":0.026313,"LAT":0,"LNG":0,"GPS_ALT":0,"SAT":0,"SPD":0,"DIR":0,"MST":445,"TS":17562}
{"TMP_AVG":24.19,"PRS":771.961,"ALT":2.016113,"AX":-0.177171,"AY":0.489614,"AZ":10.11191,"GX":0.016654,"GY":0.039436,"GZ":0.024981,"LAT":0,"LNG":0,"GPS_ALT":0,"SAT":0,"SPD":0,"DIR":0,"MST":445,"TS":18060}
{"TMP_AVG":24.18,"PRS":771.9442,"ALT":2.19043,"AX":-0.203507,"AY":0.551864,"AZ":10.02332,"GX":0.014389,"GY":0.042368,"GZ":0.027979,"LAT":0,"LNG":0,"GPS_ALT":0,"SAT":0,"SPD":0,"DIR":0,"MST":445,"TS":18563}
{"TMP_AVG":24.17,"PRS":771.9384,"ALT":2.251221,"AX":-0.208296,"AY":0.517148,"AZ":10.07121,"GX":0.015122,"GY":0.03464,"GZ":0.027912,"LAT":0,"LNG":0,"GPS_ALT":0,"SAT":0,"SPD":0,"DIR":0,"MST":445,"TS":19060}
{"TMP_AVG":24.17,"PRS":771.9324,"ALT":2.312012,"AX":-0.164003,"AY":0.514753,"AZ":10.0341,"GX":0.012457,"GY":0.039503,"GZ":0.027446,"LAT":0,"LNG":0,"GPS_ALT":0,"SAT":0,"SPD":0,"DIR":0,"MST":445,"TS":19572}
{"TMP_AVG":24.16,"PRS":771.9299,"ALT":2.338379,"AX":-0.075417,"AY":0.520739,"AZ":10.05565,"GX":0.015855,"GY":0.03937,"GZ":0.028445,"LAT":0,"LNG":0,"GPS_ALT":0,"SAT":0,"SPD":0,"DIR":0,"MST":445,"TS":20071}
{"TMP_AVG":24.16,"PRS":771.9345,"ALT":2.290772,"AX":-0.21069,"AY":0.507571,"AZ":10.09994,"GX":0.018852,"GY":0.033175,"GZ":0.028911,"LAT":0,"LNG":0,"GPS_ALT":0,"SAT":0,"SPD":0,"DIR":0,"MST":445,"TS":20590}
{"TMP_AVG":24.16,"PRS":771.9462,"ALT":2.169434,"AX":-0.15682,"AY":0.505177,"AZ":10.05445,"GX":0.01692,"GY":0.03897,"GZ":0.026913,"LAT":0,"LNG":0,"GPS_ALT":0,"SAT":0,"SPD":0,"DIR":0,"MST":445,"TS":21089}
{"TMP_AVG":24.16,"PRS":771.9246,"ALT":2.394043,"AX":-0.203507,"AY":0.496797,"AZ":10.13226,"GX":0.014989,"GY":0.034374,"GZ":0.028445,"LAT":0,"LNG":0,"GPS_ALT":0,"SAT":0,"SPD":0,"DIR":0,"MST":445,"TS":21806}
{"TMP_AVG":24.17,"PRS":771.937,"ALT":2.264404,"AX":0.092177,"AY":0.574608,"AZ":9.801862,"GX":0.011391,"GY":0.060287,"GZ":0.029644,"LAT":0,"LNG":0,"GPS_ALT":0,"SAT":0,"SPD":0,"DIR":0,"MST":445,"TS":22430}
{"TMP_AVG":24.17,"PRS":771.9041,"ALT":2.605225,"AX":-0.164003,"AY":0.514753,"AZ":10.08318,"GX":0.013989,"GY":0.034507,"GZ":0.02558,"LAT":0,"LNG":0,"GPS_ALT":0,"SAT":0,"SPD":0,"DIR":0,"MST":445,"TS":23044}
{"TMP_AVG":24.17,"PRS":771.9158,"ALT":2.481201,"AX":-0.178368,"AY":0.539893,"AZ":9.925163,"GX":0.015921,"GY":0.035773,"GZ":0.02598,"LAT":0,"LNG":0,"GPS_ALT":0,"SAT":0,"SPD":0,"DIR":0,"MST":445,"TS":23544}
{"TMP_AVG":24.17,"PRS":771.937,"ALT":2.264404,"AX":-0.19393,"AY":0.523133,"AZ":10.04008,"GX":0.016854,"GY":0.039303,"GZ":0.027312,"LAT":0,"LNG":0,"GPS_ALT":0,"SAT":0,"SPD":0,"DIR":0,"MST":445,"TS":24060}
{"TMP_AVG":24.17,"PRS":771.9462,"ALT":2.169434,"AX":-0.061052,"AY":0.519542,"AZ":10.05445,"GX":0.010459,"GY":0.046431,"GZ":0.06575,"LAT":0,"LNG":0,"GPS_ALT":0,"SAT":0,"SPD":0,"DIR":0,"MST":445,"TS":24561}
{"TMP_AVG":24.18,"PRS":771.9651,"ALT":1.971191,"AX":-0.177171,"AY":0.531513,"AZ":10.09994,"GX":0.015322,"GY":0.035639,"GZ":0.03051,"LAT":0,"LNG":0,"GPS_ALT":0,"SAT":0,"SPD":0,"DIR":0,"MST":445,"TS":25060}
{"TMP_AVG":24.19,"PRS":771.9639,"ALT":1.984375,"AX":-0.164003,"AY":0.484826,"AZ":10.02452,"GX":0.016987,"GY":0.033974,"GZ":0.031309,"LAT":0,"LNG":0,"GPS_ALT":0,"SAT":0,"SPD":0,"DIR":0,"MST":445,"TS":25563}
{"TMP_AVG":24.19,"PRS":771.9639,"ALT":1.984375,"AX":-0.240617,"AY":0.514753,"AZ":10.05924,"GX":0.015388,"GY":0.035173,"GZ":0.024515,"LAT":0,"LNG":0,"GPS_ALT":0,"SAT":0,"SPD":0,"DIR":0,"MST":445,"TS":26230}
{"TMP_AVG":24.19,"PRS":771.9576,"ALT":2.050537,"AX":-0.189142,"AY":0.490811,"AZ":10.01973,"GX":0.018119,"GY":0.036639,"GZ":0.024448,"LAT":0,"LNG":0,"GPS_ALT":0,"SAT":0,"SPD":0,"DIR":0,"MST":445,"TS":26731}
{"TMP_AVG":24.18,"PRS":771.9451,"ALT":2.179932,"AX":-0.17358,"AY":0.512359,"AZ":10.076,"GX":0.01792,"GY":0.038837,"GZ":0.025913,"LAT":0,"LNG":0,"GPS_ALT":0,"SAT":0,"SPD":0,"DIR":0,"MST":445,"TS":27230}
{"TMP_AVG":24.18,"PRS":771.9542,"ALT":2.084717,"AX":-0.191536,"AY":0.503979,"AZ":10.06163,"GX":0.016121,"GY":0.035906,"GZ":0.027712,"LAT":0,"LNG":0,"GPS_ALT":0,"SAT":0,"SPD":0,"DIR":0,"MST":445,"TS":27731}
{"TMP_AVG":24.17,"PRS":771.932,"ALT":2.317383,"AX":-0.196325,"AY":0.521936,"AZ":10.09515,"GX":0.01752,"GY":0.036239,"GZ":0.028778,"LAT":0,"LNG":0,"GPS_ALT":0,"SAT":0,"SPD":0,"DIR":0,"MST":445,"TS":28230}
{"TMP_AVG":24.16,"PRS":771.9395,"ALT":2.238037,"AX":-0.178368,"AY":0.519542,"AZ":10.0736,"GX":0.01712,"GY":0.03877,"GZ":0.026513,"LAT":0,"LNG":0,"GPS_ALT":0,"SAT":0,"SPD":0,"DIR":0,"MST":445,"TS":28732}
{"TMP_AVG":24.16,"PRS":771.9428,"ALT":2.203613,"AX":-0.166397,"AY":0.521936,"AZ":10.07719,"GX":0.015655,"GY":0.03917,"GZ":0.028778,"LAT":0,"LNG":0,"GPS_ALT":0,"SAT":0,"SPD":0,"DIR":0,"MST":445,"TS":29231}
{"TMP_AVG":24.16,"PRS":771.9266,"ALT":2.372803,"AX":-0.168791,"AY":0.484826,"AZ":10.03171,"GX":0.014389,"GY":0.036505,"GZ":0.026113,"LAT":0,"LNG":0,"GPS_ALT":0,"SAT":0,"SPD":0,"DIR":0,"MST":445,"TS":29731}
{"TMP_AVG":24.16,"PRS":771.9319,"ALT":2.317383,"AX":-0.195127,"AY":0.51595,"AZ":10.08797,"GX":0.017786,"GY":0.036106,"GZ":0.027179,"LAT":0,"LNG":0,"GPS_ALT":0,"SAT":0,"SPD":0,"DIR":0,"MST":445,"TS":30230}
{"TMP_AVG":24.16,"PRS":771.9375,"ALT":2.259277,"AX":-0.17358,"AY":0.511162,"AZ":10.12388,"GX":0.014922,"GY":0.036039,"GZ":0.025647,"LAT":0,"LNG":0,"GPS_ALT":0,"SAT":0,"SPD":0,"DIR":0,"MST":445,"TS":30732}
{"TMP_AVG":24.16,"PRS":771.9253,"ALT":2.385986,"AX":-0.159214,"AY":0.511162,"AZ":10.05086,"GX":0.017187,"GY":0.039969,"GZ":0.02578,"LAT":0,"LNG":0,"GPS_ALT":0,"SAT":0,"SPD":0,"DIR":0,"MST":445,"TS":31229}
{"TMP_AVG":24.16,"PRS":771.9283,"ALT":2.354248,"AX":-0.175974,"AY":0.499191,"AZ":10.08917,"GX":0.016321,"GY":0.03877,"GZ":0.026913,"LAT":0,"LNG":0,"GPS_ALT":0,"SAT":0,"SPD":0,"DIR":0,"MST":445,"TS":31928}
{"TMP_AVG":24.16,"PRS":771.9412,"ALT":2.222168,"AX":-0.179565,"AY":0.518345,"AZ":10.08797,"GX":0.014056,"GY":0.038038,"GZ":0.027779,"LAT":0,"LNG":0,"GPS_ALT":0,"SAT":0,"SPD":0,"DIR":0,"MST":445,"TS":32427}
{"TMP_AVG":24.17,"PRS":771.9437,"ALT":2.195801,"AX":-0.207098,"AY":0.526724,"AZ":10.04248,"GX":0.019119,"GY":0.037505,"GZ":0.034041,"LAT":0,"LNG":0,"GPS_ALT":0,"SAT":0,"SPD":0,"DIR":0,"MST":445,"TS":32925}
{"TMP_AVG":24.17,"PRS":771.9562,"ALT":2.066406,"AX":-0.162806,"AY":0.556652,"AZ":9.898827,"GX":0.016188,"GY":0.022183,"GZ":0.028778,"LAT":0,"LNG":0,"GPS_ALT":0,"SAT":0,"SPD":0,"DIR":0,"MST":445,"TS":33426}
{"TMP_AVG":24.17,"PRS":771.948,"ALT":2.119141,"AX":-0.153229,"AY":0.494403,"AZ":10.03889,"GX":0.015921,"GY":0.037838,"GZ":0.026779,"LAT":0,"LNG":0,"GPS_ALT":0,"SAT":0,"SPD":0,"DIR":0,"MST":445,"TS":33945}
{"TMP_AVG":24.17,"PRS":771.9529,"ALT":2.0979,"AX":-0.201113,"AY":0.503979,"AZ":10.12747,"GX":0.013989,"GY":0.033241,"GZ":0.027579,"LAT":0,"LNG":0,"GPS_ALT":0,"SAT":0,"SPD":0,"DIR":0,"MST":445,"TS":34447}
{"TMP_AVG":24.17,"PRS":771.9496,"ALT":2.13501,"AX":-0.178368,"AY":0.508768,"AZ":10.08079,"GX":0.016387,"GY":0.036905,"GZ":0.027113,"LAT":0,"LNG":0,"GPS_ALT":0,"SAT":0,"SPD":0,"DIR":0,"MST":445,"TS":34946}
{"TMP_AVG":24.17,"PRS":771.932,"ALT":2.317383,"AX":-0.195127,"AY":0.497994,"AZ":10.01016,"GX":0.015255,"GY":0.036572,"GZ":0.026047,"LAT":0,"LNG":0,"GPS_ALT":0,"SAT":0,"SPD":0,"DIR":0,"MST":445,"TS":35446}
{"TMP_AVG":24.17,"PRS":771.9258,"ALT":2.380615,"AX":-0.1652,"AY":0.506374,"AZ":10.06403,"GX":0.019718,"GY":0.044566,"GZ":0.027246,"LAT":0,"LNG":0,"GPS_ALT":0,"SAT":0,"SPD":0,"DIR":0,"MST":445,"TS":35983}
{"TMP_AVG":24.16,"PRS":771.9178,"ALT":2.465332,"AX":-0.183156,"AY":0.486023,"AZ":10.10473,"GX":0.014655,"GY":0.037438,"GZ":0.030044,"LAT":0,"LNG":0,"GPS_ALT":0,"SAT":0,"SPD":0,"DIR":0,"MST":445,"TS":36486}
{"TMP_AVG":24.16,"PRS":771.9232,"ALT":2.407227,"AX":-0.159214,"AY":0.505177,"AZ":10.04727,"GX":0.016387,"GY":0.033841,"GZ":0.02638,"LAT":0,"LNG":0,"GPS_ALT":0,"SAT":0,"SPD":0,"DIR":0,"MST":445,"TS":36993}
{"TMP_AVG":24.16,"PRS":771.9242,"ALT":2.396484,"AX":-0.174777,"AY":0.505177,"AZ":10.04128,"GX":0.016254,"GY":0.037305,"GZ":0.023915,"LAT":0,"LNG":0,"GPS_ALT":0,"SAT":0,"SPD":0,"DIR":0,"MST":445,"TS":37493}
{"TMP_AVG":24.16,"PRS":771.926,"ALT":2.378174,"AX":-0.184354,"AY":0.475249,"AZ":10.08558,"GX":0.014322,"GY":0.037971,"GZ":0.023848,"LAT":0,"LNG":0,"GPS_ALT":0,"SAT":0,"SPD":0,"DIR":0,"MST":445,"TS":37992}
{"TMP_AVG":24.16,"PRS":771.9383,"ALT":2.203613,"AX":-0.192733,"AY":0.521936,"AZ":10.05924,"GX":0.016054,"GY":0.037105,"GZ":0.023715,"LAT":0,"LNG":0,"GPS_ALT":0,"SAT":0,"SPD":0,"DIR":0,"MST":445,"TS":38495}
{"TMP_AVG":24.17,"PRS":771.9283,"ALT":2.354248,"AX":-0.205901,"AY":0.476446,"AZ":10.04727,"GX":0.014922,"GY":0.038704,"GZ":0.024581,"LAT":0,"LNG":0,"GPS_ALT":0,"SAT":0,"SPD":0,"DIR":0,"MST":445,"TS":39018}
{"TMP_AVG":24.18,"PRS":771.9405,"ALT":2.227539,"AX":-0.207098,"AY":0.514753,"AZ":10.06882,"GX":0.018586,"GY":0.03917,"GZ":0.030776,"LAT":0,"LNG":0,"GPS_ALT":0,"SAT":0,"SPD":0,"DIR":0,"MST":445,"TS":39519}
{"TMP_AVG":24.18,"PRS":771.9531,"ALT":2.0979,"AX":-0.141258,"AY":0.505177,"AZ":10.07121,"GX":0.01732,"GY":0.040835,"GZ":0.026979,"LAT":0,"LNG":0,"GPS_ALT":0,"SAT":0,"SPD":0,"DIR":0,"MST":445,"TS":40016}
{"TMP_AVG":24.19,"PRS":771.9594,"ALT":2.031982,"AX":-0.063446,"AY":0.511162,"AZ":10.06283,"GX":0.020651,"GY":0.051227,"GZ":0.026713,"LAT":0,"LNG":0,"GPS_ALT":0,"SAT":0,"SPD":0,"DIR":0,"MST":445,"TS":40517}
{"TMP_AVG":24.19,"PRS":771.9543,"ALT":2.084717,"AX":-0.167594,"AY":0.484826,"AZ":10.08438,"GX":0.016387,"GY":0.033508,"GZ":0.026779,"LAT":0,"LNG":0,"GPS_ALT":0,"SAT":0,"SPD":0,"DIR":0,"MST":445,"TS":41017}
{"TMP_AVG":24.19,"PRS":771.9623,"ALT":2.00293,"AX":-0.169988,"AY":0.494403,"AZ":10.076,"GX":0.014589,"GY":0.038304,"GZ":0.030044,"LAT":0,"LNG":0,"GPS_ALT":0,"SAT":0,"SPD":0,"DIR":0,"MST":445,"TS":41519}
{"TMP_AVG":24.19,"PRS":771.9523,"ALT":2.105957,"AX":-0.179565,"AY":0.489614,"AZ":10.1155,"GX":0.019252,"GY":0.035906,"GZ":0.027512,"LAT":0,"LNG":0,"GPS_ALT":0,"SAT":0,"SPD":0,"DIR":0,"MST":445,"TS":42016}
{"TMP_AVG":24.18,"PRS":771.9347,"ALT":2.28833,"AX":-0.191536,"AY":0.4956,"AZ":10.09156,"GX":0.015388,"GY":0.037638,"GZ":0.02618,"LAT":0,"LNG":0,"GPS_ALT":0,"SAT":0,"SPD":0,"DIR":0,"MST":445,"TS":42518}
{"TMP_AVG":24.18,"PRS":771.9518,"ALT":2.111328,"AX":-0.208296,"AY":0.508768,"AZ":10.12747,"GX":0.016721,"GY":0.039237,"GZ":0.025314,"LAT":0,"LNG":0,"GPS_ALT":0,"SAT":0,"SPD":0,"DIR":0,"MST":445,"TS":43017}
{"TMP_AVG":24.17,"PRS":771.938,"ALT":2.253906,"AX":-0.20231,"AY":0.503979,"AZ":10.10353,"GX":0.013856,"GY":0.034041,"GZ":0.026513,"LAT":0,"LNG":0,"GPS_ALT":0,"SAT":0,"SPD":0,"DIR":0,"MST":445,"TS":43520}
{"TMP_AVG":24.17,"PRS":771.9188,"ALT":2.45459,"AX":-0.187945,"AY":0.527921,"AZ":10.07001,"GX":0.015122,"GY":0.034307,"GZ":0.025514,"LAT":0,"LNG":0,"GPS_ALT":0,"SAT":0,"SPD":0,"DIR":0,"MST":445,"TS":44018}
{"TMP_AVG":24.17,"PRS":771.9124,"ALT":2.520752,"AX":-0.185551,"AY":0.523133,"AZ":10.10712,"GX":0.015388,"GY":0.037371,"GZ":0.026247,"LAT":0,"LNG":0,"GPS_ALT":0,"SAT":0,"SPD":0,"DIR":0,"MST":445,"TS":44521}
{"TMP_AVG":24.17,"PRS":771.9191,"ALT":2.449463,"AX":-0.17358,"AY":0.496797,"AZ":10.09276,"GX":0.015588,"GY":0.037571,"GZ":0.027979,"LAT":0,"LNG":0,"GPS_ALT":0,"SAT":0,"SPD":0,"DIR":0,"MST":445,"TS":45021}
{"TMP_AVG":24.17,"PRS":771.9158,"ALT":2.483887,"AX":-0.169988,"AY":0.502782,"AZ":10.04727,"GX":0.016454,"GY":0.038104,"GZ":0.028845,"LAT":0,"LNG":0,"GPS_ALT":0,"SAT":0,"SPD":0,"DIR":0,"MST":445,"TS":45703}
{"TMP_AVG":24.17,"PRS":771.932,"ALT":2.317383,"AX":-0.19393,"AY":0.497994,"AZ":10.06044,"GX":0.014789,"GY":0.037038,"GZ":0.027779,"LAT":0,"LNG":0,"GPS_ALT":0,"SAT":0,"SPD":0,"DIR":0,"MST":445,"TS":46200}
{"TMP_AVG":24.17,"PRS":771.9303,"ALT":2.333252,"AX":-0.189142,"AY":0.506374,"AZ":10.05445,"GX":0.016587,"GY":0.038437,"GZ":0.028445,"LAT":0,"LNG":0,"GPS_ALT":0,"SAT":0,"SPD":0,"DIR":0,"MST":445,"TS":46702}
{"TMP_AVG":24.09,"PRS":1004.267,"ALT":-0.272156,"AX":-0.186748,"AY":0.494403,"AZ":10.04368,"GX":0.015921,"GY":0.040502,"GZ":0.027712,"LAT":0,"LNG":0,"GPS_ALT":0,"SAT":0,"SPD":0,"DIR":0,"MST":445,"TS":190}
{"TMP_AVG":24.08,"PRS":1004.254,"ALT":-0.163826,"AX":-0.187945,"AY":0.502782,"AZ":10.13466,"GX":0.015255,"GY":0.037038,"GZ":0.027179,"LAT":0,"LNG":0,"GPS_ALT":0,"SAT":0,"SPD":0,"DIR":0,"MST":445,"TS":691}
{"TMP_AVG":24.08,"PRS":1004.268,"ALT":-0.282722,"AX":-0.167594,"AY":0.513556,"AZ":10.04727,"GX":0.015188,"GY":0.040103,"GZ":0.027113,"LAT":0,"LNG":0,"GPS_ALT":0,"SAT":0,"SPD":0,"DIR":0,"MST":445,"TS":1448}
{"TMP_AVG":24.07,"PRS":1004.253,"ALT":0,"AX":-0.196325,"AY":0.535104,"AZ":10.04248,"GX":0.01772,"GY":0.040036,"GZ":0.028978,"LAT":0,"LNG":0,"GPS_ALT":0,"SAT":0,"SPD":0,"DIR":0,"MST":445,"TS":190}
{"TMP_AVG":24.08,"PRS":1004.24,"ALT":0.10305,"AX":-0.192733,"AY":0.4956,"AZ":10.06283,"GX":0.013923,"GY":0.036772,"GZ":0.029178,"LAT":0,"LNG":0,"GPS_ALT":0,"SAT":0,"SPD":0,"DIR":0,"MST":445,"TS":691}
{"TMP_AVG":24.08,"PRS":1004.234,"ALT":0.153252,"AX":-0.166397,"AY":0.514753,"AZ":10.01854,"GX":0.01259,"GY":0.040369,"GZ":0.027113,"LAT":0,"LNG":0,"GPS_ALT":0,"SAT":0,"SPD":0,"DIR":0,"MST":445,"TS":1191}
{"TMP_AVG":24.08,"PRS":1004.244,"ALT":0.089836,"AX":-0.198719,"AY":0.518345,"AZ":10.08677,"GX":0.018053,"GY":0.033907,"GZ":0.028178,"LAT":0,"LNG":0,"GPS_ALT":0,"SAT":0,"SPD":0,"DIR":0,"MST":445,"TS":1690}
{"TMP_AVG":24.08,"PRS":1004.258,"ALT":-0.047562,"AX":-0.184354,"AY":0.52433,"AZ":10.05924,"GX":0.016188,"GY":0.040502,"GZ":0.027379,"LAT":0,"LNG":0,"GPS_ALT":0,"SAT":0,"SPD":0,"DIR":0,"MST":445,"TS":2192}
{"TMP_AVG":24.09,"PRS":1004.259,"ALT":-0.050201,"AX":-0.184354,"AY":0.499191,"AZ":10.05924,"GX":0.01732,"GY":0.037505,"GZ":0.024914,"LAT":0,"LNG":0,"GPS_ALT":0,"SAT":0,"SPD":0,"DIR":0,"MST":445,"TS":2691}
{"TMP_AVG":24.09,"PRS":1004.269,"ALT":-0.137398,"AX":-0.169988,"AY":0.508768,"AZ":10.09755,"GX":0.015988,"GY":0.036439,"GZ":0.030377,"LAT":0,"LNG":0,"GPS_ALT":0,"SAT":0,"SPD":0,"DIR":0,"MST":445,"TS":3357}
{"TMP_AVG":24.1,"PRS":1004.289,"ALT":-0.306503,"AX":-0.174777,"AY":0.527921,"AZ":10.0353,"GX":0.015988,"GY":0.037505,"GZ":0.026913,"LAT":0,"LNG":0,"GPS_ALT":0,"SAT":0,"SPD":0,"DIR":0,"MST":445,"TS":4144}
{"TMP_AVG":24.09,"PRS":1004.279,"ALT":-0.224594,"AX":-0.189142,"AY":0.514753,"AZ":10.05206,"GX":0.016721,"GY":0.039037,"GZ":0.028578,"LAT":0,"LNG":0,"GPS_ALT":0,"SAT":0,"SPD":0,"DIR":0,"MST":445,"TS":4514}
{"TMP_AVG":24.09,"PRS":1004.258,"ALT":-0.015854,"AX":-0.190339,"AY":0.514753,"AZ":10.07001,"GX":0.017054,"GY":0.040236,"GZ":0.027179,"LAT":0,"LNG":0,"GPS_ALT":0,"SAT":0,"SPD":0,"DIR":0,"MST":445,"TS":5141}
{"TMP_AVG":24.11,"PRS":1004.264,"ALT":-0.092476,"AX":-0.189142,"AY":0.500388,"AZ":10.06522,"GX":0.014123,"GY":0.041168,"GZ":0.028778,"LAT":0,"LNG":0,"GPS_ALT":0,"SAT":0,"SPD":0,"DIR":0,"MST":445,"TS":5808}
{"TMP_AVG":24.12,"PRS":1004.263,"ALT":-0.150612,"AX":-0.179565,"AY":0.507571,"AZ":10.06762,"GX":0.014123,"GY":0.039037,"GZ":0.028112,"LAT":0,"LNG":0,"GPS_ALT":0,"SAT":0,"SPD":0,"DIR":0,"MST":445,"TS":6305}
{"TMP_AVG":24.12,"PRS":1004.252,"ALT":0.00264,"AX":-0.161609,"AY":0.489614,"AZ":10.02332,"GX":0.015988,"GY":0.037838,"GZ":0.028645,"LAT":0,"LNG":0,"GPS_ALT":0,"SAT":0,"SPD":0,"DIR":0,"MST":445,"TS":6803}
{"TMP_AVG":24.13,"PRS":1004.265,"ALT":-0.100403,"AX":-0.160412,"AY":0.511162,"AZ":10.06762,"GX":0.016987,"GY":0.036705,"GZ":0.027113,"LAT":0,"LNG":0,"GPS_ALT":0,"SAT":0,"SPD":0,"DIR":0,"MST":445,"TS":7307}
{"TMP_AVG":24.13,"PRS":1004.256,"ALT":-0.031708,"AX":-0.185551,"AY":0.514753,"AZ":10.04248,"GX":0.015921,"GY":0.037438,"GZ":0.026047,"LAT":0,"LNG":0,"GPS_ALT":0,"SAT":0,"SPD":0,"DIR":0,"MST":445,"TS":7804}
{"TMP_AVG":24.14,"PRS":1004.257,"ALT":-0.036987,"AX":-0.195127,"AY":0.509965,"AZ":10.04966,"GX":0.015855,"GY":0.039037,"GZ":0.027712,"LAT":0,"LNG":0,"GPS_ALT":0,"SAT":0,"SPD":0,"DIR":0,"MST":445,"TS":8412}
{"TMP_AVG":24.13,"PRS":1004.266,"ALT":-0.110977,"AX":-0.221464,"AY":0.496797,"AZ":10.07001,"GX":0.016121,"GY":0.038504,"GZ":0.026913,"LAT":0,"LNG":0,"GPS_ALT":0,"SAT":0,"SPD":0,"DIR":0,"MST":445,"TS":8910}
{"TMP_AVG":24.13,"PRS":1004.258,"ALT":-0.039635,"AX":-0.180762,"AY":0.506374,"AZ":10.10233,"GX":0.018586,"GY":0.036239,"GZ":0.028511,"LAT":0,"LNG":0,"GPS_ALT":0,"SAT":0,"SPD":0,"DIR":0,"MST":445,"TS":9412}
{"TMP_AVG":24.13,"PRS":1004.273,"ALT":-0.171745,"AX":-0.185551,"AY":0.523133,"AZ":10.10233,"GX":0.014456,"GY":0.038237,"GZ":0.026313,"LAT":0,"LNG":0,"GPS_ALT":0,"SAT":0,"SPD":0,"DIR":0,"MST":445,"TS":9911}
{"TMP_AVG":24.14,"PRS":1004.258,"ALT":-0.039635,"AX":-0.169988,"AY":0.477643,"AZ":10.05924,"GX":0.017853,"GY":0.036639,"GZ":0.027512,"LAT":0,"LNG":0,"GPS_ALT":0,"SAT":0,"SPD":0,"DIR":0,"MST":445,"TS":10412}
{"TMP_AVG":24.14,"PRS":1004.262,"ALT":-0.079269,"AX":-0.20231,"AY":0.518345,"AZ":10.09276,"GX":0.015588,"GY":0.040103,"GZ":0.028911,"LAT":0,"LNG":0,"GPS_ALT":0,"SAT":0,"SPD":0,"DIR":0,"MST":445,"TS":10910}
{"TMP_AVG":24.14,"PRS":1004.278,"ALT":-0.21402,"AX":-0.204704,"AY":0.538695,"AZ":10.08677,"GX":0.017453,"GY":0.036705,"GZ":0.028578,"LAT":0,"LNG":0,"GPS_ALT":0,"SAT":0,"SPD":0,"DIR":0,"MST":445,"TS":11411}
{"TMP_AVG":24.13,"PRS":1004.253,"ALT":0.00264,"AX":-0.179565,"AY":0.490811,"AZ":10.08079,"GX":0.018586,"GY":0.037238,"GZ":0.026313,"LAT":0,"LNG":0,"GPS_ALT":0,"SAT":0,"SPD":0,"DIR":0,"MST":445,"TS":11953}
{"TMP_AVG":24.13,"PRS":1004.254,"ALT":-0.013214,"AX":-0.196325,"AY":0.492008,"AZ":10.09755,"GX":0.016721,"GY":0.036838,"GZ":0.026979,"LAT":0,"LNG":0,"GPS_ALT":0,"SAT":0,"SPD":0,"DIR":0,"MST":445,"TS":12454}
{"TMP_AVG":24.14,"PRS":1004.242,"ALT":0.087196,"AX":-0.175974,"AY":0.505177,"AZ":10.07241,"GX":0.016787,"GY":0.033108,"GZ":0.024714,"LAT":0,"LNG":0,"GPS_ALT":0,"SAT":0,"SPD":0,"DIR":0,"MST":445,"TS":12952}
{"TMP_AVG":24.15,"PRS":1004.257,"ALT":-0.036987,"AX":-0.199916,"AY":0.530316,"AZ":10.06403,"GX":0.015122,"GY":0.037172,"GZ":0.027579,"LAT":0,"LNG":0,"GPS_ALT":0,"SAT":0,"SPD":0,"DIR":0,"MST":445,"TS":13703}
{"TMP_AVG":24.15,"PRS":1004.249,"ALT":0.031708,"AX":-0.195127,"AY":0.503979,"AZ":10.06762,"GX":0.016454,"GY":0.035773,"GZ":0.027179,"LAT":0,"LNG":0,"GPS_ALT":0,"SAT":0,"SPD":0,"DIR":0,"MST":445,"TS":14202}
{"TMP_AVG":24.16,"PRS":1004.268,"ALT":-0.132111,"AX":-0.185551,"AY":0.520739,"AZ":10.076,"GX":0.019518,"GY":0.033108,"GZ":0.029111,"LAT":0,"LNG":0,"GPS_ALT":0,"SAT":0,"SPD":0,"DIR":0,"MST":445,"TS":14701}
{"TMP_AVG":24.15,"PRS":1004.238,"ALT":0.124191,"AX":-0.178368,"AY":0.53271,"AZ":10.08677,"GX":0.019385,"GY":0.035773,"GZ":0.027179,"LAT":0,"LNG":0,"GPS_ALT":0,"SAT":0,"SPD":0,"DIR":0,"MST":445,"TS":15204}
{"TMP_AVG":24.15,"PRS":1004.251,"ALT":0.015854,"AX":-0.190339,"AY":0.507571,"AZ":10.0772,"GX":0.01772,"GY":0.03897,"GZ":0.027912,"LAT":0,"LNG":0,"GPS_ALT":0,"SAT":0,"SPD":0,"DIR":0,"MST":445,"TS":15703}
{"TMP_AVG":24.14,"PRS":1004.252,"ALT":0.005287,"AX":-0.175974,"AY":0.519542,"AZ":10.0736,"GX":0.017587,"GY":0.034773,"GZ":0.025314,"LAT":0,"LNG":0,"GPS_ALT":0,"SAT":0,"SPD":0,"DIR":0,"MST":445,"TS":16334}
{"TMP_AVG":24.13,"PRS":1004.23,"ALT":0.195526,"AX":-0.181959,"AY":0.525527,"AZ":10.06882,"GX":0.015455,"GY":0.038038,"GZ":0.02618,"LAT":0,"LNG":0,"GPS_ALT":0,"SAT":0,"SPD":0,"DIR":0,"MST":445,"TS":16833}
{"TMP_AVG":24.12,"PRS":1004.245,"ALT":0.068703,"AX":-0.184354,"AY":0.511162,"AZ":10.0341,"GX":0.016787,"GY":0.037838,"GZ":0.02598,"LAT":0,"LNG":0,"GPS_ALT":0,"SAT":0,"SPD":0,"DIR":0,"MST":445,"TS":17335}
{"TMP_AVG":24.12,"PRS":1004.267,"ALT":-0.118904,"AX":-0.204704,"AY":0.536301,"AZ":10.0341,"GX":0.014922,"GY":0.03957,"GZ":0.027113,"LAT":0,"LNG":0,"GPS_ALT":0,"SAT":0,"SPD":0,"DIR":0,"MST":445,"TS":17832}
{"TMP_AVG":24.12,"PRS":1004.252,"ALT":0.007927,"AX":-0.17358,"AY":0.521936,"AZ":10.06163,"GX":0.015988,"GY":0.03071,"GZ":0.028511,"LAT":0,"LNG":0,"GPS_ALT":0,"SAT":0,"SPD":0,"DIR":0,"MST":445,"TS":18364}
{"TMP_AVG":24.11,"PRS":1004.242,"ALT":0.087196,"AX":-0.719458,"AY":0.566229,"AZ":10.57519,"GX":0.015921,"GY":-0.014589,"GZ":0.086734,"LAT":0,"LNG":0,"GPS_ALT":0,"SAT":0,"SPD":0,"DIR":0,"MST":445,"TS":18863}
{"TMP_AVG":24.11,"PRS":1004.247,"ALT":0.044922,"AX":-0.164003,"AY":0.51595,"AZ":10.06522,"GX":0.013123,"GY":0.039969,"GZ":0.030044,"LAT":0,"LNG":0,"GPS_ALT":0,"SAT":0,"SPD":0,"DIR":0,"MST":445,"TS":19373}
{"TMP_AVG":24.1,"PRS":1004.257,"ALT":-0.039635,"AX":-0.17358,"AY":0.519542,"AZ":10.01973,"GX":0.015055,"GY":0.035573,"GZ":0.027512,"LAT":0,"LNG":0,"GPS_ALT":0,"SAT":0,"SPD":0,"DIR":0,"MST":445,"TS":19871}
{"TMP_AVG":24.11,"PRS":1004.242,"ALT":0.092484,"AX":-0.141258,"AY":0.499191,"AZ":10.06403,"GX":0.01772,"GY":0.036172,"GZ":0.026113,"LAT":0,"LNG":0,"GPS_ALT":0,"SAT":0,"SPD":0,"DIR":0,"MST":445,"TS":20373}
{"TMP_AVG":24.1,"PRS":1004.269,"ALT":-0.137398,"AX":-0.197522,"AY":0.539892,"AZ":10.0748,"GX":0.013523,"GY":0.032442,"GZ":0.025114,"LAT":0,"LNG":0,"GPS_ALT":0,"SAT":0,"SPD":0,"DIR":0,"MST":445,"TS":21117}
{"TMP_AVG":24.09,"PRS":1004.258,"ALT":-0.044914,"AX":-0.168791,"AY":0.514753,"AZ":10.04727,"GX":0.014655,"GY":0.040502,"GZ":0.027912,"LAT":0,"LNG":0,"GPS_ALT":0,"SAT":0,"SPD":0,"DIR":0,"MST":445,"TS":21517}
{"TMP_AVG":24.09,"PRS":1004.258,"ALT":-0.039635,"AX":-0.187945,"AY":0.507571,"AZ":10.06163,"GX":0.015188,"GY":0.037904,"GZ":0.025247,"LAT":0,"LNG":0,"GPS_ALT":0,"SAT":0,"SPD":0,"DIR":0,"MST":445,"TS":22113}
{"TMP_AVG":24.08,"PRS":1004.25,"ALT":0.023781,"AX":-0.166397,"AY":0.505177,"AZ":10.0329,"GX":0.017853,"GY":0.034041,"GZ":0.027845,"LAT":0,"LNG":0,"GPS_ALT":0,"SAT":0,"SPD":0,"DIR":0,"MST":445,"TS":22517}
{"TMP_AVG":24.08,"PRS":1004.243,"ALT":0.015854,"AX":-0.181959,"AY":0.509965,"AZ":10.04008,"GX":0.01792,"GY":0.036705,"GZ":0.027246,"LAT":0,"LNG":0,"GPS_ALT":0,"SAT":0,"SPD":0,"DIR":0,"MST":445,"TS":23111}
{"TMP_AVG":24.1,"PRS":1004.252,"ALT":0.007927,"AX":-0.21069,"AY":0.502782,"AZ":10.13944,"GX":0.014855,"GY":0.036039,"GZ":0.027979,"LAT":0,"LNG":0,"GPS_ALT":0,"SAT":0,"SPD":0,"DIR":0,"MST":445,"TS":23984}
{"TMP_AVG":24.11,"PRS":1004.253,"ALT":-0.005287,"AX":-0.186748,"AY":0.525527,"AZ":10.05924,"GX":0.014855,"GY":0.038637,"GZ":0.023249,"LAT":0,"LNG":0,"GPS_ALT":0,"SAT":0,"SPD":0,"DIR":0,"MST":445,"TS":24435}
{"TMP_AVG":24.11,"PRS":1004.23,"ALT":0.187599,"AX":-0.183156,"AY":0.47884,"AZ":9.987412,"GX":0.01752,"GY":0.035706,"GZ":0.028845,"LAT":0,"LNG":0,"GPS_ALT":0,"SAT":0,"SPD":0,"DIR":0,"MST":445,"TS":24982}
{"TMP_AVG":24.11,"PRS":1004.251,"ALT":0.018494,"AX":-0.171185,"AY":0.4956,"AZ":10.06762,"GX":0.014056,"GY":0.037505,"GZ":0.023449,"LAT":0,"LNG":0,"GPS_ALT":0,"SAT":0,"SPD":0,"DIR":0,"MST":445,"TS":25436}
{"TMP_AVG":24.12,"PRS":1004.245,"ALT":0.068703,"AX":-0.130484,"AY":0.481235,"AZ":9.991003,"GX":0.016654,"GY":0.038837,"GZ":0.026313,"LAT":0,"LNG":0,"GPS_ALT":0,"SAT":0,"SPD":0,"DIR":0,"MST":445,"TS":25996}
{"TMP_AVG":24.13,"PRS":1004.277,"ALT":-0.203453,"AX":-0.184354,"AY":0.511162,"AZ":10.09276,"GX":0.01772,"GY":0.037038,"GZ":0.025047,"LAT":0,"LNG":0,"GPS_ALT":0,"SAT":0,"SPD":0,"DIR":0,"MST":445,"TS":26807}
{"TMP_AVG":24.13,"PRS":1004.252,"ALT":0.007927,"AX":-0.153229,"AY":0.503979,"AZ":10.06283,"GX":0.015188,"GY":0.036838,"GZ":0.025381,"LAT":0,"LNG":0,"GPS_ALT":0,"SAT":0,"SPD":0,"DIR":0,"MST":445,"TS":27646}
{"TMP_AVG":24.13,"PRS":1004.247,"ALT":0.039635,"AX":-0.195127,"AY":0.4956,"AZ":10.05565,"GX":0.014322,"GY":0.03917,"GZ":0.029977,"LAT":0,"LNG":0,"GPS_ALT":0,"SAT":0,"SPD":0,"DIR":0,"MST":445,"TS":28146}
{"TMP_AVG":24.13,"PRS":1004.232,"ALT":0.177032,"AX":-0.195127,"AY":0.514753,"AZ":10.04727,"GX":0.015188,"GY":0.038237,"GZ":0.024048,"LAT":0,"LNG":0,"GPS_ALT":0,"SAT":0,"SPD":0,"DIR":0,"MST":445,"TS":28646}
{"TMP_AVG":24.14,"PRS":1004.25,"ALT":0.021141,"AX":-0.190339,"AY":0.525527,"AZ":10.08079,"GX":0.018053,"GY":0.035773,"GZ":0.029111,"LAT":0,"LNG":0,"GPS_ALT":0,"SAT":0,"SPD":0,"DIR":0,"MST":445,"TS":29147}
{"TMP_AVG":24.14,"PRS":1004.272,"ALT":-0.158539,"AX":-0.172383,"AY":0.519542,"AZ":10.05684,"GX":0.014456,"GY":0.0433,"GZ":0.025714,"LAT":0,"LNG":0,"GPS_ALT":0,"SAT":0,"SPD":0,"DIR":0,"MST":445,"TS":29705}
{"TMP_AVG":24.14,"PRS":1004.269,"ALT":-0.134758,"AX":-0.149638,"AY":0.503979,"AZ":10.076,"GX":0.014456,"GY":0.037704,"GZ":0.028778,"LAT":0,"LNG":0,"GPS_ALT":0,"SAT":0,"SPD":0,"DIR":0,"MST":445,"TS":30206}
{"TMP_AVG":24.15,"PRS":1004.237,"ALT":0.134758,"AX":-0.160412,"AY":0.486023,"AZ":9.920375,"GX":0.019052,"GY":0.037638,"GZ":0.028911,"LAT":0,"LNG":0,"GPS_ALT":0,"SAT":0,"SPD":0,"DIR":0,"MST":445,"TS":30704}
{"TMP_AVG":24.15,"PRS":1004.256,"ALT":-0.031708,"AX":-0.214281,"AY":0.497994,"AZ":10.25556,"GX":0.01279,"GY":0.038304,"GZ":0.028245,"LAT":0,"LNG":0,"GPS_ALT":0,"SAT":0,"SPD":0,"DIR":0,"MST":445,"TS":31207}
{"TMP_AVG":24.15,"PRS":1004.277,"ALT":-0.203453,"AX":-0.143652,"AY":0.446519,"AZ":10.00417,"GX":0.016254,"GY":0.043433,"GZ":0.029244,"LAT":0,"LNG":0,"GPS_ALT":0,"SAT":0,"SPD":0,"DIR":0,"MST":445,"TS":31706}
{"TMP_AVG":24.16,"PRS":1004.293,"ALT":-0.340851,"AX":-0.13647,"AY":0.496797,"AZ":10.06044,"GX":0.01792,"GY":0.039303,"GZ":0.027712,"LAT":0,"LNG":0,"GPS_ALT":0,"SAT":0,"SPD":0,"DIR":0,"MST":445,"TS":32206}
{"TMP_AVG":24.16,"PRS":1004.271,"ALT":-0.155891,"AX":-0.233435,"AY":0.469264,"AZ":10.0748,"GX":0.017986,"GY":0.039969,"GZ":0.024981,"LAT":0,"LNG":0,"GPS_ALT":0,"SAT":0,"SPD":0,"DIR":0,"MST":445,"TS":32705}
{"TMP_AVG":24.17,"PRS":1004.275,"ALT":-0.187599,"AX":-0.185551,"AY":0.483629,"AZ":10.08558,"GX":0.016054,"GY":0.039969,"GZ":0.028312,"LAT":0,"LNG":0,"GPS_ALT":0,"SAT":0,"SPD":0,"DIR":0,"MST":445,"TS":33207}
{"TMP_AVG":24.16,"PRS":1004.271,"ALT":-0.150612,"AX":-0.191536,"AY":0.493206,"AZ":10.1155,"GX":0.011391,"GY":0.034907,"GZ":0.028845,"LAT":0,"LNG":0,"GPS_ALT":0,"SAT":0,"SPD":0,"DIR":0,"MST":445,"TS":33705}
{"TMP_AVG":24.16,"PRS":1004.248,"ALT":0.042274,"AX":-0.226252,"AY":0.492008,"AZ":10.04248,"GX":0.014056,"GY":0.036439,"GZ":0.027512,"LAT":0,"LNG":0,"GPS_ALT":0,"SAT":0,"SPD":0,"DIR":0,"MST":445,"TS":34206}
{"TMP_AVG":24.16,"PRS":1004.262,"ALT":-0.079269,"AX":-0.19393,"AY":0.484826,"AZ":10.05804,"GX":0.018253,"GY":0.037971,"GZ":0.026713,"LAT":0,"LNG":0,"GPS_ALT":0,"SAT":0,"SPD":0,"DIR":0,"MST":445,"TS":34704}
{"TMP_AVG":24.16,"PRS":1004.263,"ALT":-0.084549,"AX":-0.155623,"AY":0.509965,"AZ":10.09276,"GX":0.017587,"GY":0.037305,"GZ":0.024181,"LAT":0,"LNG":0,"GPS_ALT":0,"SAT":0,"SPD":0,"DIR":0,"MST":445,"TS":35207}
{"TMP_AVG":24.18,"PRS":1004.266,"ALT":-0.10833,"AX":-0.180762,"AY":0.508768,"AZ":10.07839,"GX":0.013656,"GY":0.03917,"GZ":0.028511,"LAT":0,"LNG":0,"GPS_ALT":0,"SAT":0,"SPD":0,"DIR":0,"MST":445,"TS":35704}
{"TMP_AVG":24.18,"PRS":1004.263,"ALT":-0.084549,"AX":-0.162806,"AY":0.521936,"AZ":10.06882,"GX":0.018519,"GY":0.034907,"GZ":0.026846,"LAT":0,"LNG":0,"GPS_ALT":0,"SAT":0,"SPD":0,"DIR":0,"MST":445,"TS":36205}
{"TMP_AVG":24.17,"PRS":1004.244,"ALT":0.071342,"AX":-0.158017,"AY":0.512359,"AZ":10.08917,"GX":0.013989,"GY":0.03857,"GZ":0.027379,"LAT":0,"LNG":0,"GPS_ALT":0,"SAT":0,"SPD":0,"DIR":0,"MST":445,"TS":36704}
{"TMP_AVG":24.17,"PRS":1004.264,"ALT":-0.095123,"AX":-0.172383,"AY":0.490811,"AZ":10.10952,"GX":0.016188,"GY":0.036572,"GZ":0.027046,"LAT":0,"LNG":0,"GPS_ALT":0,"SAT":0,"SPD":0,"DIR":0,"MST":445,"TS":37204}
{"TMP_AVG":24.17,"PRS":1004.23,"ALT":0.192886,"AX":-0.201113,"AY":0.48722,"AZ":10.10712,"GX":0.014989,"GY":0.039436,"GZ":0.027779,"LAT":0,"LNG":0,"GPS_ALT":0,"SAT":0,"SPD":0,"DIR":0,"MST":445,"TS":37702}
{"TMP_AVG":24.16,"PRS":1004.25,"ALT":0.023781,"AX":-0.191536,"AY":0.501585,"AZ":10.05086,"GX":0.012524,"GY":0.038104,"GZ":0.027446,"LAT":0,"LNG":0,"GPS_ALT":0,"SAT":0,"SPD":0,"DIR":0,"MST":445,"TS":38204}
{"TMP_AVG":24.15,"PRS":1004.244,"ALT":0.071342,"AX":-0.172383,"AY":0.511162,"AZ":10.04607,"GX":0.018253,"GY":0.036572,"GZ":0.027446,"LAT":0,"LNG":0,"GPS_ALT":0,"SAT":0,"SPD":0,"DIR":0,"MST":445,"TS":38704}
{"TMP_AVG":24.14,"PRS":1004.243,"ALT":0.081909,"AX":-0.204704,"AY":0.493206,"AZ":10.05206,"GX":0.015921,"GY":0.039303,"GZ":0.029644,"LAT":0,"LNG":0,"GPS_ALT":0,"SAT":0,"SPD":0,"DIR":0,"MST":445,"TS":39204}
{"TMP_AVG":24.14,"PRS":1004.256,"ALT":-0.031708,"AX":-0.203507,"AY":0.462081,"AZ":10.07241,"GX":0.015855,"GY":0.039969,"GZ":0.029044,"LAT":0,"LNG":0,"GPS_ALT":0,"SAT":0,"SPD":0,"DIR":0,"MST":445,"TS":39703}
{"TMP_AVG":24.14,"PRS":1004.251,"ALT":0.010567,"AX":-0.184354,"AY":0.545878,"AZ":10.05804,"GX":0.01692,"GY":0.036905,"GZ":0.028778,"LAT":0,"LNG":0,"GPS_ALT":0,"SAT":0,"SPD":0,"DIR":0,"MST":445,"TS":40205}
{"TMP_AVG":24.15,"PRS":1004.256,"ALT":-0.031708,"AX":-0.191536,"AY":0.506374,"AZ":10.0736,"GX":0.019185,"GY":0.03877,"GZ":0.027845,"LAT":0,"LNG":0,"GPS_ALT":0,"SAT":0,"SPD":0,"DIR":0,"MST":445,"TS":40702}
{"TMP_AVG":24.15,"PRS":1004.26,"ALT":-0.063416,"AX":-0.183156,"AY":0.500388,"AZ":10.04846,"GX":0.017054,"GY":0.032508,"GZ":0.026846,"LAT":0,"LNG":0,"GPS_ALT":0,"SAT":0,"SPD":0,"DIR":0,"MST":445,"TS":41203}
{"TMP_AVG":24.15,"PRS":1004.286,"ALT":-0.280083,"AX":-0.179565,"AY":0.521936,"AZ":10.03051,"GX":0.013523,"GY":0.037238,"GZ":0.02658,"LAT":0,"LNG":0,"GPS_ALT":0,"SAT":0,"SPD":0,"DIR":0,"MST":445,"TS":41702}
{"TMP_AVG":24.14,"PRS":1004.26,"ALT":-0.063416,"AX":-0.186748,"AY":0.507571,"AZ":10.0329,"GX":0.014189,"GY":0.037971,"GZ":0.026446,"LAT":0,"LNG":0,"GPS_ALT":0,"SAT":0,"SPD":0,"DIR":0,"MST":445,"TS":42322}
{"TMP_AVG":24.15,"PRS":1004.266,"ALT":-0.110977,"AX":-0.195127,"AY":0.519542,"AZ":10.10712,"GX":0.018719,"GY":0.038038,"GZ":0.025847,"LAT":0,"LNG":0,"GPS_ALT":0,"SAT":0,"SPD":0,"DIR":0,"MST":445,"TS":42821}
{"TMP_AVG":24.13,"PRS":1004.248,"ALT":0.039635,"AX":-0.189142,"AY":0.500388,"AZ":10.09874,"GX":0.01732,"GY":0.038038,"GZ":0.026047,"LAT":0,"LNG":0,"GPS_ALT":0,"SAT":0,"SPD":0,"DIR":0,"MST":445,"TS":43323}
{"TMP_AVG":24.13,"PRS":1004.243,"ALT":0.081909,"AX":-0.160412,"AY":0.509965,"AZ":10.08558,"GX":0.016321,"GY":0.034773,"GZ":0.027712,"LAT":0,"LNG":0,"GPS_ALT":0,"SAT":0,"SPD":0,"DIR":0,"MST":445,"TS":43823}
{"TMP_AVG":24.13,"PRS":1004.259,"ALT":-0.055489,"AX":-0.129287,"AY":0.531513,"AZ":10.08318,"GX":0.022116,"GY":0.045632,"GZ":0.029044,"LAT":0,"LNG":0,"GPS_ALT":0,"SAT":0,"SPD":0,"DIR":0,"MST":445,"TS":44323}
{"TMP_AVG":24.14,"PRS":1004.242,"ALT":0.089836,"AX":-0.13647,"AY":0.529119,"AZ":9.989807,"GX":0.011591,"GY":0.042567,"GZ":0.027845,"LAT":0,"LNG":0,"GPS_ALT":0,"SAT":0,"SPD":0,"DIR":0,"MST":445,"TS":44822}
{"TMP_AVG":24.14,"PRS":1004.251,"ALT":0.015854,"AX":-0.347159,"AY":1.154005,"AZ":10.84095,"GX":-0.260134,"GY":-1.038404,"GZ":-0.075675,"LAT":0,"LNG":0,"GPS_ALT":0,"SAT":0,"SPD":0,"DIR":0,"MST":445,"TS":45325}
{"TMP_AVG":24.14,"PRS":1004.263,"ALT":-0.087196,"AX":-0.837971,"AY":-0.316035,"AZ":10.05206,"GX":0.106185,"GY":0.006595,"GZ":0.056224,"LAT":0,"LNG":0,"GPS_ALT":0,"SAT":0,"SPD":0,"DIR":0,"MST":445,"TS":46076}
{"TMP_AVG":24.14,"PRS":1004.254,"ALT":-0.007927,"AX":-0.690727,"AY":-0.153229,"AZ":9.923965,"GX":-0.07814,"GY":-0.022916,"GZ":-0.745096,"LAT":0,"LNG":0,"GPS_ALT":0,"SAT":0,"SPD":0,"DIR":0,"MST":445,"TS":46467}
{"TMP_AVG":24.16,"PRS":1004.247,"ALT":0.050201,"AX":-2.859874,"AY":-3.044227,"AZ":4.572925,"GX":-1.590515,"GY":-0.606602,"GZ":-0.317623,"LAT":0,"LNG":0,"GPS_ALT":0,"SAT":0,"SPD":0,"DIR":0,"MST":445,"TS":47066}
{"TMP_AVG":24.16,"PRS":1004.254,"ALT":-0.013214,"AX":3.748123,"AY":-1.157597,"AZ":9.41041,"GX":0.785798,"GY":-0.80525,"GZ":-0.109916,"LAT":0,"LNG":0,"GPS_ALT":0,"SAT":0,"SPD":0,"DIR":0,"MST":445,"TS":47466}
{"TMP_AVG":24.15,"PRS":1004.236,"ALT":0.137398,"AX":4.691438,"AY":-4.104858,"AZ":8.60117,"GX":-0.162009,"GY":0.242081,"GZ":-0.258269,"LAT":0,"LNG":0,"GPS_ALT":0,"SAT":0,"SPD":0,"DIR":0,"MST":445,"TS":48065}
{"TMP_AVG":24.15,"PRS":1004.253,"ALT":0.00264,"AX":4.447229,"AY":-4.194641,"AZ":8.130709,"GX":-0.026513,"GY":-0.101789,"GZ":-0.118576,"LAT":0,"LNG":0,"GPS_ALT":0,"SAT":0,"SPD":0,"DIR":0,"MST":445,"TS":48673}
{"TMP_AVG":24.17,"PRS":1004.256,"ALT":-0.02906,"AX":4.515464,"AY":-4.243723,"AZ":7.979875,"GX":-0.027779,"GY":0.116044,"GZ":-0.004263,"LAT":0,"LNG":0,"GPS_ALT":0,"SAT":0,"SPD":0,"DIR":0,"MST":445,"TS":49175}
{"TMP_AVG":24.17,"PRS":1004.235,"ALT":0.150612,"AX":4.514267,"AY":-4.170699,"AZ":8.06008,"GX":0.069813,"GY":-0.040769,"GZ":0.146887,"LAT":0,"LNG":0,"GPS_ALT":0,"SAT":0,"SPD":0,"DIR":0,"MST":445,"TS":49675}
{"TMP_AVG":24.18,"PRS":1004.255,"ALT":-0.018494,"AX":4.266467,"AY":-4.264073,"AZ":8.076839,"GX":0.002598,"GY":0.186057,"GZ":0.009992,"LAT":0,"LNG":0,"GPS_ALT":0,"SAT":0,"SPD":0,"DIR":0,"MST":445,"TS":50176}
{"TMP_AVG":24.19,"PRS":1004.278,"ALT":-0.21138,"AX":3.90614,"AY":-4.211401,"AZ":8.48146,"GX":0.023049,"GY":-0.015188,"GZ":0.000866,"LAT":0,"LNG":0,"GPS_ALT":0,"SAT":0,"SPD":0,"DIR":0,"MST":445,"TS":50674}
{"TMP_AVG":24.18,"PRS":1004.269,"ALT":-0.134758,"AX":3.426103,"AY":-4.503493,"AZ":8.420407,"GX":0.020717,"GY":0.137095,"GZ":0.084802,"LAT":0,"LNG":0,"GPS_ALT":0,"SAT":0,"SPD":0,"DIR":0,"MST":445,"TS":51176}
{"TMP_AVG":24.18,"PRS":1004.276,"ALT":-0.192886,"AX":3.165135,"AY":-4.225766,"AZ":8.616732,"GX":-0.044699,"GY":0.105319,"GZ":0.033241,"LAT":0,"LNG":0,"GPS_ALT":0,"SAT":0,"SPD":0,"DIR":0,"MST":445,"TS":51675}
{"TMP_AVG":24.18,"PRS":1004.279,"ALT":-0.219307,"AX":2.978387,"AY":-4.448427,"AZ":8.640675,"GX":-0.007194,"GY":0.056823,"GZ":-0.021583,"LAT":0,"LNG":0,"GPS_ALT":0,"SAT":0,"SPD":0,"DIR":0,"MST":445,"TS":52327}
{"TMP_AVG":24.19,"PRS":1004.284,"ALT":-0.264229,"AX":3.016694,"AY":-4.41012,"AZ":8.599973,"GX":0.023715,"GY":0.043367,"GZ":0.046364,"LAT":0,"LNG":0,"GPS_ALT":0,"SAT":0,"SPD":0,"DIR":0,"MST":445,"TS":52826}
{"TMP_AVG":24.2,"PRS":1004.316,"ALT":-0.531097,"AX":3.020285,"AY":-4.180276,"AZ":8.464701,"GX":0.038104,"GY":-0.0004,"GZ":0.010459,"LAT":0,"LNG":0,"GPS_ALT":0,"SAT":0,"SPD":0,"DIR":0,"MST":445,"TS":53342}
{"TMP_AVG":24.64,"PRS":1004.277,"ALT":-0.200813,"AX":5.00867,"AY":-2.492364,"AZ":8.519767,"GX":-0.379043,"GY":-0.033774,"GZ":0.071145,"LAT":0,"LNG":0,"GPS_ALT":0,"SAT":0,"SPD":0,"DIR":0,"MST":445,"TS":77192}
{"TMP_AVG":24.64,"PRS":1004.287,"ALT":-0.290649,"AX":4.778827,"AY":-3.02268,"AZ":7.910442,"GX":-0.006728,"GY":-0.014389,"GZ":-0.096126,"LAT":0,"LNG":0,"GPS_ALT":0,"SAT":0,"SPD":0,"DIR":0,"MST":445,"TS":77690}
{"TMP_AVG":24.63,"PRS":1004.287,"ALT":-0.28801,"AX":4.97156,"AY":-3.132813,"AZ":8.324639,"GX":0.020917,"GY":0.113846,"GZ":0.039503,"LAT":0,"LNG":0,"GPS_ALT":0,"SAT":0,"SPD":0,"DIR":0,"MST":445,"TS":78191}
{"TMP_AVG":24.62,"PRS":1004.279,"ALT":-0.221947,"AX":4.882975,"AY":-3.277662,"AZ":8.265982,"GX":0.016721,"GY":0.026513,"GZ":0.081937,"LAT":0,"LNG":0,"GPS_ALT":0,"SAT":0,"SPD":0,"DIR":0,"MST":445,"TS":78690}
{"TMP_AVG":24.62,"PRS":1004.271,"ALT":-0.153252,"AX":4.574122,"AY":-3.300407,"AZ":8.377312,"GX":0.012457,"GY":0.085534,"GZ":0.031176,"LAT":0,"LNG":0,"GPS_ALT":0,"SAT":0,"SPD":0,"DIR":0,"MST":445,"TS":79193}
{"TMP_AVG":24.62,"PRS":1004.287,"ALT":-0.28801,"AX":4.456806,"AY":-3.292027,"AZ":8.56406,"GX":0.005929,"GY":0.080938,"GZ":0.068148,"LAT":0,"LNG":0,"GPS_ALT":0,"SAT":0,"SPD":0,"DIR":0,"MST":445,"TS":79690}
{"TMP_AVG":24.63,"PRS":1004.272,"ALT":-0.161179,"AX":4.155137,"AY":-3.372233,"AZ":8.717288,"GX":0.034041,"GY":0.157346,"GZ":0.0868,"LAT":0,"LNG":0,"GPS_ALT":0,"SAT":0,"SPD":0,"DIR":0,"MST":445,"TS":80329}
{"TMP_AVG":24.63,"PRS":1004.292,"ALT":-0.332924,"AX":3.414132,"AY":-3.444059,"AZ":8.913612,"GX":-0.006595,"GY":0.105652,"GZ":0.034907,"LAT":0,"LNG":0,"GPS_ALT":0,"SAT":0,"SPD":0,"DIR":0,"MST":445,"TS":80880}
{"TMP_AVG":24.63,"PRS":1004.301,"ALT":-0.406906,"AX":3.365051,"AY":-3.471592,"AZ":8.743625,"GX":-0.132099,"GY":-0.09133,"GZ":0.142757,"LAT":0,"LNG":0,"GPS_ALT":0,"SAT":0,"SPD":0,"DIR":0,"MST":445,"TS":81329}
{"TMP_AVG":24.64,"PRS":1004.279,"ALT":-0.219307,"AX":3.199851,"AY":-3.555389,"AZ":8.882488,"GX":0.137628,"GY":-0.157746,"GZ":0.043433,"LAT":0,"LNG":0,"GPS_ALT":0,"SAT":0,"SPD":0,"DIR":0,"MST":445,"TS":81901}
{"TMP_AVG":24.64,"PRS":1004.287,"ALT":-0.285362,"AX":5.530606,"AY":-2.389413,"AZ":8.48146,"GX":0.454718,"GY":0.002598,"GZ":-0.042034,"LAT":0,"LNG":0,"GPS_ALT":0,"SAT":0,"SPD":0,"DIR":0,"MST":445,"TS":82329}
{"TMP_AVG":24.64,"PRS":1004.269,"ALT":-0.134758,"AX":5.679047,"AY":-1.159991,"AZ":8.565256,"GX":0.540852,"GY":0.086933,"GZ":0.058755,"LAT":0,"LNG":0,"GPS_ALT":0,"SAT":0,"SPD":0,"DIR":0,"MST":445,"TS":82929}
{"TMP_AVG":24.66,"PRS":1004.268,"ALT":-0.132111,"AX":5.100846,"AY":-0.648829,"AZ":8.918402,"GX":-0.220165,"GY":0.024714,"GZ":0.246345,"LAT":0,"LNG":0,"GPS_ALT":0,"SAT":0,"SPD":0,"DIR":0,"MST":445,"TS":83331}
{"TMP_AVG":24.68,"PRS":1004.278,"ALT":-0.20874,"AX":4.972757,"AY":-1.644817,"AZ":8.748413,"GX":-0.008327,"GY":0.084069,"GZ":0.085068,"LAT":0,"LNG":0,"GPS_ALT":0,"SAT":0,"SPD":0,"DIR":0,"MST":445,"TS":83953}
{"TMP_AVG":24.69,"PRS":1004.295,"ALT":-0.351425,"AX":4.825514,"AY":-1.947683,"AZ":8.706514,"GX":-0.141092,"GY":0.023182,"GZ":0.044766,"LAT":0,"LNG":0,"GPS_ALT":0,"SAT":0,"SPD":0,"DIR":0,"MST":445,"TS":84329}
{"TMP_AVG":24.69,"PRS":1004.3,"ALT":-0.396339,"AX":5.191827,"AY":-2.523489,"AZ":8.304289,"GX":0.120441,"GY":-0.00806,"GZ":0.026446,"LAT":0,"LNG":0,"GPS_ALT":0,"SAT":0,"SPD":0,"DIR":0,"MST":445,"TS":85151}
{"TMP_AVG":24.68,"PRS":1004.289,"ALT":-0.303864,"AX":5.012261,"AY":-2.383428,"AZ":8.476671,"GX":0.054691,"GY":-0.085201,"GZ":0.048563,"LAT":0,"LNG":0,"GPS_ALT":0,"SAT":0,"SPD":0,"DIR":0,"MST":445,"TS":85650}
{"TMP_AVG":24.68,"PRS":1004.295,"ALT":-0.351425,"AX":5.0374,"AY":-2.347515,"AZ":8.562862,"GX":-0.005929,"GY":0.031909,"GZ":0.107651,"LAT":0,"LNG":0,"GPS_ALT":0,"SAT":0,"SPD":0,"DIR":0,"MST":445,"TS":86152}
{"TMP_AVG":24.69,"PRS":1004.275,"ALT":-0.187599,"AX":4.718972,"AY":-2.487576,"AZ":8.681376,"GX":-0.005862,"GY":0.048696,"GZ":0.001466,"LAT":0,"LNG":0,"GPS_ALT":0,"SAT":0,"SPD":0,"DIR":0,"MST":445,"TS":86650}
{"TMP_AVG":24.71,"PRS":1004.276,"ALT":-0.224594,"AX":4.539406,"AY":-3.181894,"AZ":8.771158,"GX":0.021317,"GY":0.083403,"GZ":0.033641,"LAT":0,"LNG":0,"GPS_ALT":0,"SAT":0,"SPD":0,"DIR":0,"MST":445,"TS":88685}
{"TMP_AVG":24.73,"PRS":1004.256,"ALT":-0.023781,"AX":4.696227,"AY":-2.026692,"AZ":8.981848,"GX":0.051361,"GY":-0.20471,"GZ":0.115112,"LAT":0,"LNG":{"TMP_AVG":24.99,"PRS":1004.262,"ALT":-0.079269,"AX":-0.68953,"AY":-0.553061,"AZ":10.01973,"GX":0.013523,"GY":-0.216368,"GZ":0.076475,"LAT":0,"LNG":0,"GPS_ALT":0,"SAT":0,"SPD":0,"DIR":0,"MST":445,"TS":107427}
{"TMP_AVG":24.98,"PRS":1004.272,"ALT":-0.163818,"AX":-0.19393,"AY":-0.440533,"AZ":9.969456,"GX":0.0437,"GY":-0.111315,"GZ":0.031975,"LAT":0,"LNG":0,"GPS_ALT":0,"SAT":0,"SPD":0,"DIR":0,"MST":445,"TS":109523}
{"TMP_AVG":25,"PRS":1004.292,"ALT":-0.324997,"AX":0.034716,"AY":-0.403423,"AZ":10.28908,"GX":0.091796,"GY":-0.142025,"GZ":-0.020451,"LAT":0,"LNG":0,"GPS_ALT":0,"SAT":0,"SPD":0,"DIR":0,"MST":445,"TS":110024}
{"TMP_AVG":25.02,"PRS":1004.304,"ALT":-0.428047,"AX":0.357933,"AY":-0.626084,"AZ":10.09276,"GX":-0.022649,"GY":0.011391,"GZ":0.091397,"LAT":0,"LNG":0,"GPS_ALT":0,"SAT":0,"SPD":0,"DIR":0,"MST":445,"TS":110524}
{"TMP_AVG":25.03,"PRS":1004.289,"ALT":-0.306503,"AX":-0.15682,"AY":-0.574608,"AZ":10.09755,"GX":0.014655,"GY":-0.000133,"GZ":0.034973,"LAT":0,"LNG":0,bMAJ'&kS*U$'SIՕ$LLLM_C{"TMP_AVG":25.04,"PRS":1004.3,"ALT":-0.396339,"AX":-0.258574,"AY":-0.566229,"AZ":10.08438,"GX":0.002265,"GY":0.115045,"GZ":0.001266,"LAT":0,"LNG":0,"GPS_ALT":0,"SAT":0,"SPD":0,"DIR":0,"MST":445,"TS":111522}
{"TMP_AVG":25.05,"PRS":1004.298,"ALT":-0.377846,"AX":-0.142455,"AY":-0.654814,"AZ":9.946711,"GX":0.018985,"GY":0.050694,"GZ":0.030443,"LAT":0,"LNG":0,"GPS_ALT":0,"SAT":0,"SPD":0,"DIR":0,"MST":445,"TS":112024}
{"TMP_AVG":25.05,"PRS":1004.314,"ALT":-0.515244,"AX":-0.470461,"AY":-0.609324,"AZ":10.01495,"GX":0.018985,"GY":0.16121,"GZ":0.004996,"LAT":0,"LNG":0,"GPS_ALT":0,"SAT":0,"SPD":0,"DIR":0,"MST":445,"TS":112523}
{"TMP_AVG":25.05,"PRS":1004.281,"ALT":-0.237801,"AX":-0.372298,"AY":-0.494403,"AZ":10.00297,"GX":0.012857,"GY":0.043034,"GZ":0.029844,"LAT":0,"LNG":0,"GPS_ALT":0,"SAT":0,"SPD":0,"DIR":0,"MST":445,"TS":113176}
{"TMP_AVG":25.06,"PRS":1004.302,"ALT":-0.412193,"AX":-0.383072,"AY":-0.557849,"AZ":10.04727,"GX":0.024048,"GY":-0.059155,"GZ":0.02598,"LAT":0,"LNG":0,"GPS_ALT":0,"SAT":0,"SPD":0,"DIR":0,"MST":445,"TS":113675}
{"TMP_AVG":25.07,"PRS":1004.288,"ALT":-0.298576,"AX":-0.954089,"AY":-0.630872,"AZ":10.08198,"GX":0.020851,"GY":0.229624,"GZ":-0.010925,"LAT":0,"LNG":0,"GPS_ALT":0,"SAT":0,"SPD":0,"DIR":0,"MST":445,"TS":114178}
{"TMP_AVG":25.09,"PRS":1004.286,"ALT":-0.280083,"AX":-2.288857,"AY":-0.675165,"AZ":9.807847,"GX":-0.283649,"GY":0.826367,"GZ":0.135296,"LAT":0,"LNG":0,"GPS_ALT":0,"SAT":0,"SPD":0,"DIR":0,"MST":445,"TS":114676}
{"TMP_AVG":25.09,"PRS":1004.262,"ALT":-0.079269,"AX":-3.0143,"AY":-0.830788,"AZ":9.227253,"GX":0.037438,"GY":0.135629,"GZ":0.063152,"LAT":0,"LNG":0,"GPS_ALT":0,"SAT":0,"SPD":0,"DIR":0,"MST":445,"TS":115233}
{"TMP_AVG":25.1,"PRS":1004.28,"ALT":-0.229874,"AX":-3.706224,"AY":-0.101754,"AZ":10.80982,"GX":0.021117,"GY":0.251208,"GZ":-0.000999,"LAT":0,"LNG":0,"GPS_ALT":0,"SAT":0,"SPD":0,"DIR":0,"MST":445,"TS":115731}
{"TMP_AVG":25.1,"PRS":1004.292,"ALT":-0.332924,"AX":-3.002329,"AY":-0.20231,"AZ":9.510965,"GX":0.034174,"GY":0.122373,"GZ":0.067948,"LAT":0,"LNG":0,"GPS_ALT":0,"SAT":0,"SPD":0,"DIR":0,"MST":445,"TS":116237}
{"TMP_AVG":25.11,"PRS":1004.251,"ALT":0.010567,"AX":-2.211045,"AY":-0.00838,"AZ":9.593567,"GX":0.238151,"GY":-1.147787,"GZ":-0.040902,"LAT":0,"LNG":0,"GPS_ALT":0,"SAT":0,"SPD":0,"DIR":0,"MST":445,"TS":116733}
{"TMP_AVG":25.12,"PRS":1004.279,"ALT":-0.219307,"AX":-3.230975,"AY":-0.034716,"AZ":9.145851,"GX":0.018053,"GY":-0.02165,"GZ":0.029777,"LAT":0,"LNG":0,"GPS_ALT":0,"SAT":0,"SPD":0,"DIR":0,"MST":445,"TS":117944}
{"TMP_AVG":25.13,"PRS":1004.278,"ALT":-0.21402,"AX":-3.94325,"AY":0.108936,"AZ":9.119514,"GX":0.009193,"GY":0.112114,"GZ":0.068015,"LAT":0,"LNG":0,"GPS_ALT":0,"SAT":0,"SPD":0,"DIR":0,"MST":445,"TS":118415}
{"TMP_AVG":25.14,"PRS":1004.281,"ALT":-0.240448,"AX":-4.179079,"AY":0.220267,"AZ":9.087193,"GX":-0.004663,"GY":-0.094394,"GZ":0.031109,"LAT":0,"LNG":0,"GPS_ALT":0,"SAT":0,"SPD":0,"DIR":0,"MST":445,"TS":118933}
{"TMP_AVG":25.15,"PRS":1004.31,"ALT":-0.483536,"AX":-4.11683,"AY":0.268151,"AZ":9.136274,"GX":0.087466,"GY":0.116044,"GZ":0.034707,"LAT":0,"LNG":0,"GPS_ALT":0,"SAT":0,"SPD":0,"DIR":0,"MST":445,"TS":119416}
{"TMP_AVG":25.16,"PRS":1004.301,"ALT":-0.406906,"AX":-4.13718,"AY":0.312443,"AZ":8.954314,"GX":0.004863,"GY":-0.001932,"GZ":0.024448,"LAT":0,"LNG":0,"GPS_ALT":0,"SAT":0,"SPD":0,"DIR":0,"MST":445,"TS":119931}
{"TMP_AVG":25.17,"PRS":1004.286,"ALT":-0.280083,"AX":-4.141969,"AY":0.246603,"AZ":9.023746,"GX":0.029844,"GY":0.070613,"GZ":0.028245,"LAT":0,"LNG":0,"GPS_ALT":0,"SAT":0,"SPD":0,"DIR":0,"MST":445,"TS":120417}
{"TMP_AVG":25.18,"PRS":1004.288,"ALT":-0.293289,"AX":-4.28203,"AY":0.345962,"AZ":8.763975,"GX":0.049629,"GY":0.29604,"GZ":0.061886,"LAT":0,"LNG":0,"GPS_ALT":0,"SAT":0,"SPD":0,"DIR":0,"MST":445,"TS":120929}
{"TMP_AVG":25.18,"PRS":1004.299,"ALT":-0.383125,"AX":-3.987543,"AY":0.316035,"AZ":9.093178,"GX":-0.051894,"GY":-0.240216,"GZ":0.024648,"LAT":0,"LNG":0,"GPS_ALT":0,"SAT":0,"SPD":0,"DIR":0,"MST":445,"TS":121417}
{"TMP_AVG":25.17,"PRS":1004.269,"ALT":-0.134758,"AX":-3.711013,"AY":0.222661,"AZ":9.285912,"GX":-0.027113,"GY":0.03877,"GZ":0.023116,"LAT":0,"LNG":0,"GPS_ALT":0,"SAT":0,"SPD":0,"DIR":0,"MST":445,"TS":121927}
{"TMP_AVG":25.18,"PRS":1004.283,"ALT":-0.256302,"AX":-3.792416,"AY":-0.021548,"AZ":9.17099,"GX":-0.002398,"GY":0.022583,"GZ":0.035773,"LAT":0,"LNG":0,"GPS_ALT":0,"SAT":0,"SPD":0,"DIR":0,"MST":445,"TS":122418}
{"TMP_AVG":25.18,"PRS":1004.253,"ALT":-0.00264,"AX":-3.099294,"AY":-0.051475,"AZ":9.445126,"GX":0.011325,"GY":-0.334211,"GZ":0.061353,"LAT":0,"LNG":0,"GPS_ALT":0,"SAT":0,"SPD":0,"DIR":0,"MST":445,"TS":122925}
{"TMP_AVG":25.19,"PRS":1004.294,"ALT":-0.346138,"AX":-2.06859,"AY":-0.061052,"AZ":9.613916,"GX":0.022516,"GY":-0.122773,"GZ":0.031443,"LAT":0,"LNG":0,"GPS_ALT":0,"SAT":0,"SPD":0,"DIR":0,"MST":445,"TS":123419}
{"TMP_AVG":25.2,"PRS":1004.27,"ALT":-0.145325,"AX":-2.336741,"AY":0.131681,"AZ":9.79827,"GX":0.005396,"GY":0.04823,"GZ":0.023915,"LAT":0,"LNG":0,"GPS_ALT":0,"SAT":0,"SPD":0,"DIR":0,"MST":445,"TS":123931}
{"TMP_AVG":25.21,"PRS":1004.313,"ALT":-0.509956,"AX":-2.853889,"AY":0.017957,"AZ":9.582792,"GX":-0.048096,"GY":0.479166,"GZ":0.027645,"LAT":0,"LNG":0,"GPS_ALT":0,"SAT":0,"SPD":0,"DIR":0,"MST":445,"TS":124420}
{"TMP_AVG":25.21,"PRS":1004.281,"ALT":-0.235161,"AX":-3.008315,"AY":-0.122104,"AZ":9.360131,"GX":0.028312,"GY":0.081937,"GZ":-0.003464,"LAT":0,"LNG":0,"GPS_ALT":0,"SAT":0,"SPD":0,"DIR":0,"MST":445,"TS":124930}
{"TMP_AVG":25.2,"PRS":1004.324,"ALT":-0.60244,"AX":-3.986346,"AY":0.043096,"AZ":9.03452,"GX":0.01792,"GY":0.188522,"GZ":0.037238,"LAT":0,"LNG":0,"GPS_ALT":0,"SAT":0,"SPD":0,"DIR":0,"MST":445,"TS":125420}
{"TMP_AVG":25.21,"PRS":1004.311,"ALT":-0.488823,"AX":-3.811569,"AY":-0.05387,"AZ":9.449914,"GX":0.01279,"GY":-0.026446,"GZ":0.018919,"LAT":0,"LNG":0,"GPS_ALT":0,"SAT":0,"SPD":0,"DIR":0,"MST":445,"TS":125928}
{"TMP_AVG":25.22,"PRS":1004.298,"ALT":-0.377846,"AX":-3.993529,"AY":0.095768,"AZ":8.933964,"GX":0.087466,"GY":0.085934,"GZ":-0.036039,"LAT":0,"LNG":0,"GPS_ALT":0,"SAT":0,"SPD":0,"DIR":0,"MST":445,"TS":126420}
{"TMP_AVG":25.22,"PRS":1004.291,"ALT":-0.319717,"AX":-4.031836,"AY":0.096965,"AZ":9.093178,"GX":0.01772,"GY":0.061153,"GZ":0.028178,"LAT":0,"LNG":0,"GPS_ALT":0,"SAT":0,"SPD":0,"DIR":0,"MST":445,"TS":126925}
{"TMP_AVG":25.21,"PRS":1004.278,"ALT":-0.21138,"AX":-3.991134,"AY":0.075417,"AZ":8.820239,"GX":0.033841,"GY":0.283449,"GZ":0.040636,"LAT":0,"LNG":0,"GPS_ALT":0,"SAT":0,"SPD":0,"DIR":0,"MST":445,"TS":127420}
{"TMP_AVG":25.21,"PRS":1004.289,"ALT":-0.306503,"AX":-5.300763,"AY":0.492008,"AZ":8.340201,"GX":-0.101789,"GY":0.592879,"GZ":-0.000799,"LAT":0,"LNG":0,"GPS_ALT":0,"SAT":0,"SPD":0,"DIR":0,"MST":445,"TS":127925}
{"TMP_AVG":25.22,"PRS":1004.289,"ALT":-0.306503,"AX":-5.046977,"AY":0.434548,"AZ":8.431181,"GX":-0.002798,"GY":0.102788,"GZ":0.011325,"LAT":0,"LNG":0,"GPS_ALT":0,"SAT":0,"SPD":0,"DIR":0,"MST":445,"TS":128558}
{"TMP_AVG":25.23,"PRS":1004.291,"ALT":-0.319717,"AX":-5.17387,"AY":0.324414,"AZ":8.197746,"GX":0.051827,"GY":0.027979,"GZ":0.030177,"LAT":0,"LNG":0,"GPS_ALT":0,"SAT":0,"SPD":0,"DIR":0,"MST":445,"TS":129059}
{"TMP_AVG":25.24,"PRS":1004.272,"ALT":-0.163818,"AX":-4.394557,"AY":0.422577,"AZ":8.433576,"GX":0.040502,"GY":0.447857,"GZ":0.010126,"LAT":0,"LNG":0,"GPS_ALT":0,"SAT":0,"SPD":0,"DIR":0,"MST":445,"TS":129557}
{"TMP_AVG":25.24,"PRS":1004.276,"ALT":-0.192886,"AX":-5.002685,"AY":0.237026,"AZ":8.747215,"GX":0.013856,"GY":0.042168,"GZ":0.019385,"LAT":0,"LNG":0,"GPS_ALT":0,"SAT":0,"SPD":0,"DIR":0,"MST":445,"TS":130059}
{"TMP_AVG":25.25,"PRS":1004.257,"ALT":-0.034348,"AX":-5.117606,"AY":0.29329,"AZ":8.412027,"GX":0.012324,"GY":0.041701,"GZ":0.023182,"LAT":0,"LNG":0,"GPS_ALT":0,"SAT":0,"SPD":0,"DIR":0,"MST":445,"TS":130556}
{"TMP_AVG":25.25,"PRS":1004.307,"ALT":-0.451828,"AX":-5.102044,"AY":0.287304,"AZ":8.34499,"GX":0.01259,"GY":0.029711,"GZ":0.028978,"LAT":0,"LNG":0,"GPS_ALT":0,"SAT":0,"SPD":0,"DIR":0,"MST":445,"TS":131058}
{"TMP_AVG":25.25,"PRS":1004.294,"ALT":-0.343498,"AX":-4.775235,"AY":0.201113,"AZ":8.558074,"GX":0.018119,"GY":-0.113646,"GZ":0.087733,"LAT":0,"LNG":0,"GPS_ALT":0,"SAT":0,"SPD":0,"DIR":0,"MST":445,"TS":131557}
{"TMP_AVG":25.25,"PRS":1004.296,"ALT":-0.361992,"AX":-4.776432,"AY":0.306458,"AZ":8.091205,"GX":-0.083203,"GY":-0.612864,"GZ":0.265263,"LAT":0,"LNG":0,"GPS_ALT":0,"SAT":0,"SPD":0,"DIR":0,"MST":445,"TS":132059}
{"TMP_AVG":25.24,"PRS":1004.29,"ALT":-0.31179,"AX":-4.386178,"AY":0.499191,"AZ":8.905233,"GX":0.041701,"GY":0.065017,"GZ":0.026513,"LAT":0,"LNG":0,"GPS_ALT":0,"SAT":0,"SPD":0,"DIR":0,"MST":445,"TS":132557}
{"TMP_AVG":25.25,"PRS":1004.292,"ALT":-0.330284,"AX":-4.831499,"AY":0.762553,"AZ":8.728062,"GX":0.037438,"GY":0.058822,"GZ":0.023449,"LAT":0,"LNG":0,"GPS_ALT":0,"SAT":0,"SPD":0,"DIR":0,"MST":445,"TS":133058}
{"TMP_AVG":25.24,"PRS":1004.307,"ALT":-0.451828,"AX":-4.361038,"AY":0.69791,"AZ":8.895657,"GX":-0.012524,"GY":0.009792,"GZ":0.037571,"LAT":0,"LNG":0,"GPS_ALT":0,"SAT":0,"SPD":0,"DIR":0,"MST":445,"TS":133557}
{"TMP_AVG":25.23,"PRS":1004.306,"ALT":-0.443901,"AX":-4.094085,"AY":0.632069,"AZ":9.039309,"GX":0.011325,"GY":0.030843,"GZ":0.033441,"LAT":0,"LNG":0,"GPS_ALT":0,"SAT":0,"SPD":0,"DIR":0,"MST":445,"TS":134214}
{"TMP_AVG":25.24,"PRS":1004.293,"ALT":-0.340851,"AX":-4.241328,"AY":0.663194,"AZ":8.971073,"GX":0.007328,"GY":0.046897,"GZ":0.03031,"LAT":0,"LNG":0,"GPS_ALT":0,"SAT":0,"SPD":0,"DIR":0,"MST":445,"TS":134713}
{"TMP_AVG":25.24,"PRS":1004.286,"ALT":-0.282722,"AX":-4.613627,"AY":0.732626,"AZ":8.937555,"GX":0.001865,"GY":-0.038837,"GZ":0.025381,"LAT":0,"LNG":0,"GPS_ALT":0,"SAT":0,"SPD":0,"DIR":0,"MST":445,"TS":135223}
{"TMP_AVG":25.23,"PRS":1004.294,"ALT":-0.343498,"AX":-4.229358,"AY":0.73502,"AZ":8.926781,"GX":0.010259,"GY":0.055291,"GZ":0.026979,"LAT":0,"LNG":0,"GPS_ALT":0,"SAT":0,"SPD":0,"DIR":0,"MST":445,"TS":135748}
{"TMP_AVG":25.22,"PRS":1004.303,"ALT":-0.41748,"AX":-3.888184,"AY":0.456095,"AZ":9.307459,"GX":-0.008993,"GY":-0.327682,"GZ":0.07441,"LAT":0,"LNG":0,"GPS_ALT":0,"SAT":0,"SPD":0,"DIR":0,"MST":445,"TS":136272}
{"TMP_AVG":25.22,"PRS":1004.276,"ALT":-0.071342,"AX":-3.499126,"AY":0.477643,"AZ":9.323021,"GX":0.005662,"GY":0.062685,"GZ":0.021051,"LAT":0,"LNG":0,"GPS_ALT":0,"SAT":0,"SPD":0,"DIR":0,"MST":445,"TS":136887}
{"TMP_AVG":25.22,"PRS":1004.287,"ALT":-0.290649,"AX":-3.809175,"AY":0.964863,"AZ":9.408016,"GX":-0.015721,"GY":0.268394,"GZ":0.020518,"LAT":0,"LNG":0,"GPS_ALT":0,"SAT":0,"SPD":0,"DIR":0,"MST":445,"TS":137273}
{"TMP_AVG":25.21,"PRS":1004.273,"ALT":-0.174393,"AX":-4.629189,"AY":0.596156,"AZ":8.943541,"GX":-0.019185,"GY":0.026113,"GZ":0.013789,"LAT":0,"LNG":0,"GPS_ALT":0,"SAT":0,"SPD":0,"DIR":0,"MST":445,"TS":137886}
{"TMP_AVG":25.21,"PRS":1004.281,"ALT":-0.235161,"AX":-4.054581,"AY":0.592565,"AZ":9.106346,"GX":0.015188,"GY":-0.015188,"GZ":0.046031,"LAT":0,"LNG":0,"GPS_ALT":0,"SAT":0,"SPD":0,"DIR":0,"MST":445,"TS":138273}
{"TMP_AVG":25.21,"PRS":1004.282,"ALT":-0.245728,"AX":-4.801572,"AY":0.820014,"AZ":8.771158,"GX":0.023715,"GY":0.06102,"GZ":0.019785,"LAT":0,"LNG":0,"GPS_ALT":0,"SAT":0,"SPD":0,"DIR":0,"MST":445,"TS":138885}
{"TMP_AVG":25.2,"PRS":1004.275,"ALT":-0.187599,"AX":-4.709395,"AY":0.896629,"AZ":8.556877,"GX":0.045765,"GY":0.210705,"GZ":0.017453,"LAT":0,"LNG":0,"GPS_ALT":0,"SAT":0,"SPD":0,"DIR":0,"MST":445,"TS":139274}
{"TMP_AVG":25.19,"PRS":1004.286,"ALT":-0.253654,"AX":-5.0374,"AY":0.73502,"AZ":8.864532,"GX":0.003664,"GY":-0.207041,"GZ":0.021117,"LAT":0,"LNG":0,"GPS_ALT":0,"SAT":0,"SPD":0,"DIR":0,"MST":445,"TS":139883}
{"TMP_AVG":25.19,"PRS":1004.306,"ALT":-0.446541,"AX":-4.659117,"AY":0.808043,"AZ":8.599973,"GX":0.006262,"GY":0.044766,"GZ":0.03011,"LAT":0,"LNG":0,"GPS_ALT":0,"SAT":0,"SPD":0,"DIR":0,"MST":445,"TS":140273}
{"TMP_AVG":25.18,"PRS":1004.281,"ALT":-0.232521,"AX":-4.875792,"AY":0.948104,"AZ":8.565256,"GX":0.056024,"GY":0.045565,"GZ":0.012457,"LAT":0,"LNG":0,"GPS_ALT":0,"SAT":0,"SPD":0,"DIR":0,"MST":445,"TS":140882}
{"TMP_AVG":25.18,"PRS":1004.311,"ALT":-0.486176,"AX":-4.666299,"AY":0.77213,"AZ":8.896853,"GX":-0.014655,"GY":-0.068348,"GZ":0.03091,"LAT":0,"LNG":0,"GPS_ALT":0,"SAT":0,"SPD":0,"DIR":0,"MST":445,"TS":141276}
{"TMP_AVG":25.18,"PRS":1004.3,"ALT":-0.491463,"AX":-4.425682,"AY":0.72664,"AZ":8.924387,"GX":0.055557,"GY":0.054758,"GZ":0.030776,"LAT":0,"LNG":0,"GPS_ALT":0,"SAT":0,"SPD":0,"DIR":0,"MST":445,"TS":141881}
{"TMP_AVG":25.17,"PRS":1004.312,"ALT":-0.49675,"AX":-5.124789,"AY":0.547075,"AZ":8.615535,"GX":0.090331,"GY":1.01389,"GZ":-0.005662,"LAT":0,"LNG":0,"GPS_ALT":0,"SAT":0,"SPD":0,"DIR":0,"MST":445,"TS":142276}
{"TMP_AVG":25.17,"PRS":1004.291,"ALT":-0.322357,"AX":-4.270059,"AY":0.377087,"AZ":8.561666,"GX":0.063351,"GY":0.21257,"GZ":0.016987,"LAT":0,"LNG":0,"GPS_ALT":0,"SAT":0,"SPD":0,"DIR":0,"MST":445,"TS":142886}
{"TMP_AVG":25.17,"PRS":1004.306,"ALT":-0.446541,"AX":-4.950012,"AY":0.526724,"AZ":8.588001,"GX":-0.03524,"GY":0.016987,"GZ":0.21337,"LAT":0,"LNG":0,"GPS_ALT":0,"SAT":0,"SPD":0,"DIR":0,"MST":445,"TS":143276}
{"TMP_AVG":25.18,"PRS":1004.316,"ALT":-0.533737,"AX":-4.644751,"AY":0.665588,"AZ":8.752005,"GX":-0.026446,"GY":-0.128635,"GZ":0.036372,"LAT":0,"LNG":0,"GPS_ALT":0,"SAT":0,"SPD":0,"DIR":0,"MST":445,"TS":143885}
{"TMP_AVG":25.17,"PRS":1004.288,"ALT":-0.295937,"AX":-5.485116,"AY":0.803255,"AZ":8.215703,"GX":-0.010925,"GY":0.542518,"GZ":-0.102855,"LAT":0,"LNG":0,"GPS_ALT":0,"SAT":0,"SPD":0,"DIR":0,"MST":445,"TS":144277}
{"TMP_AVG":25.16,"PRS":1004.307,"ALT":-0.261581,"AX":-2.304419,"AY":-0.508768,"AZ":10.24359,"GX":-0.143157,"GY":-1.694968,"GZ":-0.11318,"LAT":0,"LNG":0,"GPS_ALT":0,"SAT":0,"SPD":0,"DIR":0,"MST":445,"TS":144883}
{"TMP_AVG":25.17,"PRS":1004.292,"ALT":-0.327644,"AX":1.697489,"AY":0.806846,"AZ":11.10072,"GX":-0.335943,"GY":-0.083536,"GZ":0.511408,"LAT":0,"LNG":0,"GPS_ALT":0,"SAT":0,"SPD":0,"DIR":0,"MST":445,"TS":145277}
{"TMP_AVG":25.18,"PRS":1004.306,"ALU":-0.449188,"AX":-3.209427,"AY":0.289698,"AZ":{"TMP_AVG":25.18,"PRS":1004.284,"ALT":-0.261581,"AX":-3.725378,"AY":0.395043,"AZ":9.318234,"GX":0.058755,"GY":0.049895,"GZ":0.032109,"LAT":0,"LNG":0,"GPS_ALT":0,"SAT":0,"SPD":0,"DIR":0,"MST":445,"TS":146278}
{"TMP_AVG":25.16,"PRS":1004.257,"ALT":-0.034348,"AX":-1.723825,"AY":-0.126893,"AZ":9.885658,"GX":0.001665,"GY":0.024981,"GZ":0.021717,"LAT":0,"LNG":0,"GPS_ALT":0,"SAT":0,"SPD":0,"DIR":0,"MST":445,"TS":148451}
{"TMP_AVG":25.16,"PRS":1004.282,"ALT":-0.245728,"AX":-1.691504,"AY":-0.122104,"AZ":9.867703,"GX":0.029777,"GY":0.051827,"GZ":0.032442,"LAT":0,"LNG":0,"GPS_ALT":0,"SAT":0,"SPD":0,"DIR":0,"MST":445,"TS":148951}
{"TMP_AVG":25.15,"PRS":1004.277,"ALT":-0.200813,"AX":-1.80044,"AY":0.027533,"AZ":9.827002,"GX":-0.060087,"GY":0.107784,"GZ":0.432735,"LAT":0,"LNG":0,"GPS_ALT":0,"SAT":0,"SPD":0,"DIR":0,"MST":445,"TS":149449}
{"TMP_AVG":25.14,"PRS":1004.287,"ALT":-0.290649,"AX":-1.929727,"AY":-0.033519,"AZ":9.829395,"GX":0.006528,"GY":0.031576,"GZ":0.027446,"LAT":0,"LNG":0,"GPS_ALT":0,"SAT":0,"SPD":0,"DIR":0,"MST":445,"TS":149950}
{"TMP_AVG":25.13,"PRS":1004.277,"ALT":-0.206093,"AX":-1.892617,"AY":-0.089783,"AZ":9.87249,"GX":0.011791,"GY":0.022716,"GZ":0.030776,"LAT":0,"LNG":0,"GPS_ALT":0,"SAT":0,"SPD":0,"DIR":0,"MST":445,"TS":150449}
{"TMP_AVG":25.13,"PRS":1004.253,"ALT":-0.00264,"AX":-1.865083,"AY":-0.07422,"AZ":9.832987,"GX":0.013456,"GY":0.025913,"GZ":0.025913,"LAT":0,"LNG":0,"GPS_ALT":0,"SAT":0,"SPD":0,"DIR":0,"MST":445,"TS":150949}
{"TMP_AVG":25.12,"PRS":1004.298,"ALT":-0.383125,"AX":-1.832761,"AY":-0.164003,"AZ":9.88925,"GX":0.194717,"GY":0.371915,"GZ":0.109716,"LAT":0,"LNG":0,"GPS_ALT":0,"SAT":0,"SPD":0,"DIR":0,"MST":445,"TS":151491}
{"TMP_AVG":25.12,"PRS":1004.294,"ALT":-0.346138,"AX":-3.394978,"AY":1.01155,"AZ":9.419987,"GX":0.020185,"GY":-0.007994,"GZ":0.023582,"LAT":0,"LNG":0,"GPS_ALT":0,"SAT":0,"SPD":0,"DIR":0,"MST":445,"TS":151993}
{"TMP_AVG":25.09,"PRS":1004.274,"ALT":-0.177032,"AX":-3.640384,"AY":1.051054,"AZ":9.209297,"GX":0.125104,"GY":0.011458,"GZ":0.063551,"LAT":0,"LNG":0,"GPS_ALT":0,"SAT":0,"SPD":0,"DIR":0,"MST":445,"TS":152492}
{"TMP_AVG":25.08,"PRS":1004.258,"ALT":-0.039635,"AX":-4.294001,"AY":5.457582,"AZ":11.15459,"GX":-0.084202,"GY":-0.253539,"GZ":0.870067,"LAT":0,"LNG":0,"GPS_ALT":0,"SAT":0,"SPD":0,"DIR":0,"MST":445,"TS":152992}
{"TMP_AVG":25.08,"PRS":1004.276,"ALT":-0.192886,"AX":-3.214216,"AY":1.523909,"AZ":9.18775,"GX":0.103121,"GY":0.083203,"GZ":0.060154,"LAT":0,"LNG":0,"GPS_ALT":0,"SAT":0,"SPD":0,"DIR":0,"MST":445,"TS":153491}
{"TMP_AVG":25.08,"PRS":1004.271,"ALT":-0.153252,"AX":-3.183091,"AY":2.63841,"AZ":8.911219,"GX":0.378044,"GY":0.238417,"GZ":0.111115,"LAT":0,"LNG":0,"GPS_ALT":0,"SAT":0,"SPD":0,"DIR":0,"MST":445,"TS":153992}
{"TMP_AVG":25.08,"PRS":1004.296,"ALT":-0.361992,"AX":-3.864242,"AY":3.309984,"AZ":8.671799,"GX":0.10392,"GY":-0.052227,"GZ":0.073011,"LAT":0,"LNG":0,"GPS_ALT":0,"SAT":0,"SPD":0,"DIR":0,"MST":445,"TS":154490}
{"TMP_AVG":25.06,"PRS":1004.26,"ALT":-0.063416,"AX":-5.493496,"AY":3.138798,"AZ":8.25042,"GX":0.179995,"GY":0.30843,"GZ":-0.32615,"LAT":0,"LNG":0,"GPS_ALT":0,"SAT":0,"SPD":0,"DIR":0,"MST":445,"TS":154993}
{"TMP_AVG":24.93,"PRS":1004.279,"ALT":0,"AX":-0.19393,"AY":0.939724,"AZ":9.996989,"GX":0.015122,"GY":0.038371,"GZ":0.023515,"LAT":0,"LNG":0,"GPS_ALT":0,"SAT":0,"SPD":0,"DIR":0,"MST":445,"TS":190}
{"TMP_AVG":24.94,"PRS":1004.334,"ALT":-0.459755,"AX":-0.221464,"AY":0.932542,"AZ":10.01734,"GX":0.016387,"GY":0.036239,"GZ":0.024448,"LAT":0,"LNG":0,"GPS_ALT":0,"SAT":0,"SPD":0,"DIR":0,"MST":445,"TS":745}
{"TMP_AVG":24.94,"PRS":1004.304,"ALT":-0.20874,"AX":-0.209493,"AY":0.915782,"AZ":10.08558,"GX":0.017853,"GY":0.038437,"GZ":0.029377,"LAT":0,"LNG":0,"GPS_ALT":0,"SAT":0,"SPD":0,"DIR":0,"MST":445,"TS":1190}
{"TMP_AVG":24.95,"PRS":1004.307,"ALT":0,"AX":-0.191536,"AY":0.906205,"AZ":10.00896,"GX":0.015721,"GY":0.039836,"GZ":0.025381,"LAT":0,"LNG":0,"GPS_ALT":0,"SAT":0,"SPD":0,"DIR":0,"MST":445,"TS":190}
{"TMP_AVG":24.95,"PRS":1004.295,"ALT":0.095123,"AX":-0.177171,"AY":0.926556,"AZ":10.03649,"GX":0.01772,"GY":0.039436,"GZ":0.028378,"LAT":0,"LNG":0,"GPS_ALT":0,"SAT":0,"SPD":0,"DIR":0,"MST":445,"TS":691}
{"TMP_AVG":24.95,"PRS":1004.3,"ALT":0.055489,"AX":-0.180762,"AY":0.954089,"AZ":10.04846,"GX":0.017453,"GY":0.036838,"GZ":0.027779,"LAT":0,"LNG":0,"GPS_ALT":0,"SAT":0,"SPD":0,"DIR":0,"MST":445,"TS":1191}
{"TMP_AVG":24.95,"PRS":1004.315,"ALT":-0.071342,"AX":-0.207098,"AY":0.921768,"AZ":10.04128,"GX":0.014722,"GY":0.032442,"GZ":0.028312,"LAT":0,"LNG":0,"GPS_ALT":0,"SAT":0,"SPD":0,"DIR":0,"MST":445,"TS":1690}
{"TMP_AVG":24.95,"PRS":1004.328,"ALT":-0.18232,"AX":-0.166397,"AY":0.932542,"AZ":10.01973,"GX":0.016454,"GY":0.035573,"GZ":0.029111,"LAT":0,"LNG":0,"GPS_ALT":0,"SAT":0,"SPD":0,"DIR":0,"MST":445,"TS":2191}
{"TMP_AVG":24.95,"PRS":1004.299,"ALT":0.066055,"AX":-0.201113,"AY":0.934936,"AZ":10.03769,"GX":0.018852,"GY":0.038704,"GZ":0.029511,"LAT":0,"LNG":0,"GPS_ALT":0,"SAT":0,"SPD":0,"DIR":0,"MST":445,"TS":2690}
{"TMP_AVG":24.95,"PRS":1004.328,"ALT":-0.18232,"AX":-0.159214,"AY":0.932542,"AZ":10.01016,"GX":0.019785,"GY":0.037105,"GZ":0.025247,"LAT":0,"LNG":0,"GPS_ALT":0,"SAT":0,"SPD":0,"DIR":0,"MST":445,"TS":3191}
{"TMP_AVG":24.96,"PRS":1004.343,"ALT":-0.301216,"AX":-0.161609,"AY":0.930147,"AZ":10.04248,"GX":0.016521,"GY":0.03897,"GZ":0.025247,"LAT":0,"LNG":0,"GPS_ALT":0,"SAT":0,"SPD":0,"DIR":0,"MST":445,"TS":3690}
{"TMP_AVG":24.96,"PRS":1004.321,"ALT":-0.118904,"AX":-0.184354,"AY":0.933739,"AZ":10.07001,"GX":0.016521,"GY":0.038304,"GZ":0.029044,"LAT":0,"LNG":0,"GPS_ALT":0,"SAT":0,"SPD":0,"DIR":0,"MST":445,"TS":4192}
{"TMP_AVG":24.96,"PRS":1004.294,"ALT":0.10569,"AX":-0.168791,"AY":0.952892,"AZ":10.05325,"GX":0.012923,"GY":0.03444,"GZ":0.029311,"LAT":0,"LNG":0,"GPS_ALT":0,"SAT":0,"SPD":0,"DIR":0,"MST":445,"TS":4690}
{"TMP_AVG":24.95,"PRS":1004.32,"ALT":-0.10833,"AX":-0.195127,"AY":0.952892,"AZ":10.0329,"GX":0.015521,"GY":0.036905,"GZ":0.026047,"LAT":0,"LNG":0,"GPS_ALT":0,"SAT":0,"SPD":0,"DIR":0,"MST":445,"TS":5191}
{"TMP_AVG":24.95,"PRS":1004.291,"ALT":0.132111,"AX":-0.207098,"AY":0.938527,"AZ":10.03051,"GX":0.017054,"GY":0.038371,"GZ":0.027579,"LAT":0,"LNG":0,"GPS_ALT":0,"SAT":0,"SPD":0,"DIR":0,"MST":445,"TS":5690}
{"TMP_AVG":24.95,"PRS":1004.323,"ALT":-0.134758,"AX":-0.191536,"AY":0.927753,"AZ":10.01614,"GX":0.01732,"GY":0.040502,"GZ":0.02991,"LAT":0,"LNG":0,"GPS_ALT":0,"SAT":0,"SPD":0,"DIR":0,"MST":445,"TS":6193}
{"TMP_AVG":24.95,"PRS":1004.325,"ALT":-0.155891,"AX":-0.184354,"AY":0.94571,"AZ":9.992201,"GX":0.016321,"GY":0.037838,"GZ":0.029977,"LAT":0,"LNG":0,"GPS_ALT":0,"SAT":0,"SPD":0,"DIR":0,"MST":445,"TS":6690}
{"TMP_AVG":24.95,"PRS":1004.27,"ALT":0.309143,"AX":-0.205901,"AY":0.922965,"AZ":10.00297,"GX":0.016587,"GY":0.035373,"GZ":0.027312,"LAT":0,"LNG":0,"GPS_ALT":0,"SAT":0,"SPD":0,"DIR":0,"MST":445,"TS":7193}
{"TMP_AVG":24.95,"PRS":1004.308,"ALT":-0.013214,"AX":-0.184354,"AY":0.933739,"AZ":10.0353,"GX":0.018053,"GY":0.037305,"GZ":0.026446,"LAT":0,"LNG":0,"GPS_ALT":0,"SAT":0,"SPD":0,"DIR":0,"MST":445,"TS":7692}
{"TMP_AVG":24.95,"PRS":1004.323,"ALT":-0.140038,"AX":-0.195127,"AY":0.924162,"AZ":10.0329,"GX":0.017187,"GY":0.038171,"GZ":0.027246,"LAT":0,"LNG":0,"GPS_ALT":0,"SAT":0,"SPD":0,"DIR":0,"MST":445,"TS":8193}
{"TMP_AVG":24.95,"PRS":1004.302,"ALT":0.036995,"AX":-0.192733,"AY":0.94571,"AZ":10.0329,"GX":0.015055,"GY":0.038837,"GZ":0.026513,"LAT":0,"LNG":0,"GPS_ALT":0,"SAT":0,"SPD":0,"DIR":0,"MST":445,"TS":8691}
{"TMP_AVG":24.95,"PRS":1004.3,"ALT":0.055489,"AX":-0.195127,"AY":0.93733,"AZ":10.02692,"GX":0.012391,"GY":0.035706,"GZ":0.027379,"LAT":0,"LNG":0,"GPS_ALT":0,"SAT":0,"SPD":0,"DIR":0,"MST":445,"TS":9193}
{"TMP_AVG":24.95,"PRS":1004.298,"ALT":0.068703,"AX":-0.187945,"AY":0.901417,"AZ":10.076,"GX":0.017453,"GY":0.040702,"GZ":0.029844,"LAT":0,"LNG":0,"GPS_ALT":0,"SAT":0,"SPD":0,"DIR":0,"MST":445,"TS":9692}
{"TMP_AVG":24.95,"PRS":1004.307,"ALT":-0.005287,"AX":-0.150835,"AY":0.950498,"AZ":9.894038,"GX":0.011258,"GY":0.039836,"GZ":0.028978,"LAT":0,"LNG":0,"GPS_ALT":0,"SAT":0,"SPD":0,"DIR":0,"MST":445,"TS":10194}
{"TMP_AVG":24.95,"PRS":1004.299,"ALT":0.060776,"AX":-0.199916,"AY":0.955287,"AZ":10.04966,"GX":0.014722,"GY":0.032642,"GZ":0.02558,"LAT":0,"LNG":0,"GPS_ALT":0,"SAT":0,"SPD":0,"DIR":0,"MST":445,"TS":10693}
{"TMP_AVG":24.95,"PRS":1004.305,"ALT":0.013214,"AX":-0.19393,"AY":0.925359,"AZ":10.04248,"GX":0.016188,"GY":0.037838,"GZ":0.029377,"LAT":0,"LNG":0,"GPS_ALT":0,"SAT":0,"SPD":0,"DIR":0,"MST":445,"TS":11195}
{"TMP_AVG":24.95,"PRS":1004.303,"ALT":0.026421,"AX":-0.20231,"AY":0.949301,"AZ":10.03889,"GX":0.017786,"GY":0.040902,"GZ":0.02618,"LAT":0,"LNG":0,"GPS_ALT":0,"SAT":0,"SPD":0,"DIR":0,"MST":445,"TS":11694}
{"TMP_AVG":24.95,"PRS":1004.281,"ALT":0.216667,"AX":-0.181959,"AY":0.92895,"AZ":10.02572,"GX":0.017187,"GY":0.036639,"GZ":0.029111,"LAT":0,"LNG":0,"GPS_ALT":0,"SAT":0,"SPD":0,"DIR":0,"MST":445,"TS":12194}
{"TMP_AVG":24.95,"PRS":1004.299,"ALT":0.060776,"AX":-0.172383,"AY":0.92895,"AZ":10.02572,"GX":0.013057,"GY":0.037172,"GZ":0.027979,"LAT":0,"LNG":0,"GPS_ALT":0,"SAT":0,"SPD":0,"DIR":0,"MST":445,"TS":12693}
{"TMP_AVG":24.95,"PRS":1004.29,"ALT":0.140038,"AX":-0.196325,"AY":0.926556,"AZ":10.0341,"GX":0.01712,"GY":0.041102,"GZ":0.026113,"LAT":0,"LNG":0,"GPS_ALT":0,"SAT":0,"SPD":0,"DIR":0,"MST":445,"TS":13196}
{"TMP_AVG":24.94,"PRS":1004.259,"ALT":0.398987,"AX":-0.204704,"AY":0.920571,"AZ":10.05445,"GX":0.015055,"GY":0.039037,"GZ":0.028312,"LAT":0,"LNG":0,"GPS_ALT":0,"SAT":0,"SPD":0,"DIR":0,"MST":445,"TS":13694}
{"TMP_AVG":24.94,"PRS":1004.253,"ALT":0.446541,"AX":-0.187945,"AY":0.914585,"AZ":10.0329,"GX":0.014989,"GY":0.037238,"GZ":0.024848,"LAT":0,"LNG":0,"GPS_ALT":0,"SAT":0,"SPD":0,"DIR":0,"MST":445,"TS":14196}
{"TMP_AVG":24.95,"PRS":1004.29,"ALT":0.137398,"AX":-0.169988,"AY":0.915782,"AZ":10.01614,"GX":0.014855,"GY":0.038904,"GZ":0.025314,"LAT":0,"LNG":0,"GPS_ALT":0,"SAT":0,"SPD":0,"DIR":0,"MST":445,"TS":14695}
{"TMP_AVG":24.96,"PRS":1004.294,"ALT":0.10569,"AX":-0.187945,"AY":0.939724,"AZ":10.07241,"GX":0.016654,"GY":0.038837,"GZ":0.028312,"LAT":0,"LNG":0,"GPS_ALT":0,"SAT":0,"SPD":0,"DIR":0,"MST":445,"TS":15198}
{"TMP_AVG":24.96,"PRS":1004.265,"ALT":0.346138,"AX":-0.189142,"AY":0.910994,"AZ":10.04727,"GX":0.014789,"GY":0.036972,"GZ":0.028178,"LAT":0,"LNG":0,"GPS_ALT":0,"SAT":0,"SPD":0,"DIR":0,"MST":445,"TS":15696}
{"TMP_AVG":24.96,"PRS":1004.285,"ALT":0.18232,"AX":-0.201113,"AY":0.960075,"AZ":10.04966,"GX":0.016188,"GY":0.037105,"GZ":0.027712,"LAT":0,"LNG":0,"GPS_ALT":0,"SAT":0,"SPD":0,"DIR":0,"MST":445,"TS":16199}
{"TMP_AVG":24.97,"PRS":1004.326,"ALT":-0.161179,"AX":-0.197522,"AY":0.926556,"AZ":10.02811,"GX":0.017986,"GY":0.038904,"GZ":0.027979,"LAT":0,"LNG":0,"GPS_ALT":0,"SAT":0,"SPD":0,"DIR":0,"MST":445,"TS":16697}
{"TMP_AVG":24.97,"PRS":1004.282,"ALT":0.2061,"AX":-0.209493,"AY":0.938527,"AZ":10.04727,"GX":0.019252,"GY":0.041502,"GZ":0.029178,"LAT":0,"LNG":0,"GPS_ALT":0,"SAT":0,"SPD":0,"DIR":0,"MST":445,"TS":17200}
{"TMP_AVG":24.96,"PRS":1004.273,"ALT":0.285362,"AX":-0.196325,"AY":0.958878,"AZ":10.03649,"GX":0.018253,"GY":0.037838,"GZ":0.027912,"LAT":0,"LNG":0,"GPS_ALT":0,"SAT":0,"SPD":0,"DIR":0,"MST":445,"TS":17697}
{"TMP_AVG":24.95,"PRS":1004.305,"ALT":0.010567,"AX":-0.189142,"AY":0.912191,"AZ":10.04248,"GX":0.017453,"GY":0.036838,"GZ":0.02618,"LAT":0,"LNG":0,"GPS_ALT":0,"SAT":0,"SPD":0,"DIR":0,"MST":445,"TS":18199}
{"TMP_AVG":24.95,"PRS":1004.288,"ALT":0.155891,"AX":-0.19393,"AY":0.913388,"AZ":10.04487,"GX":0.017587,"GY":0.037038,"GZ":0.026047,"LAT":0,"LNG":0,"GPS_ALT":0,"SAT":0,"SPD":0,"DIR":0,"MST":445,"TS":18698}
{"TMP_AVG":24.94,"PRS":1004.298,"ALT":0.073982,"AX":-0.203507,"AY":0.936133,"AZ":10.06762,"GX":0.015921,"GY":0.036172,"GZ":0.029044,"LAT":0,"LNG":0,"GPS_ALT":0,"SAT":0,"SPD":0,"DIR":0,"MST":445,"TS":19198}
{"TMP_AVG":24.94,"PRS":1004.292,"ALT":0.126831,"AX":-0.162806,"AY":0.957681,"AZ":10.0341,"GX":0.016121,"GY":0.038237,"GZ":0.02658,"LAT":0,"LNG":0,"GPS_ALT":0,"SAT":0,"SPD":0,"DIR":0,"MST":445,"TS":19697}
{"TMP_AVG":24.94,"PRS":1004.27,"ALT":0.306503,"AX":-0.209493,"AY":0.939724,"AZ":10.04966,"GX":0.017653,"GY":0.037238,"GZ":0.029844,"LAT":0,"LNG":0,"GPS_ALT":0,"SAT":0,"SPD":0,"DIR":0,"MST":445,"TS":20199}
{"TMP_AVG":24.94,"PRS":1004.294,"ALT":0.10833,"AX":-0.153229,"AY":0.952892,"AZ":10.10832,"GX":0.015855,"GY":0.029577,"GZ":0.027379,"LAT":0,"LNG":0,"GPS_ALT":0,"SAT":0,"SPD":0,"DIR":0,"MST":445,"TS":20698}
{"TMP_AVG":24.94,"PRS":1004.299,"ALT":0.066055,"AX":-0.168791,"AY":0.927753,"AZ":10.02332,"GX":0.01359,"GY":0.034907,"GZ":0.031043,"LAT":0,"LNG":0,"GPS_ALT":0,"SAT":0,"SPD":0,"DIR":0,"MST":445,"TS":21199}
{"TMP_AVG":24.92,"PRS":1004.285,"ALT":0.184959,"AX":-0.162806,"AY":0.960075,"AZ":10.04128,"GX":0.013523,"GY":0.045765,"GZ":0.028045,"LAT":0,"LNG":0,"GPS_ALT":0,"SAT":0,"SPD":0,"DIR":0,"MST":445,"TS":21698}
{"TMP_AVG":24.91,"PRS":1004.281,"ALT":0.216667,"AX":-0.179565,"AY":0.940921,"AZ":10.02931,"GX":0.013123,"GY":0.037172,"GZ":0.02598,"LAT":0,"LNG":0,"GPS_ALT":0,"SAT":0,"SPD":0,"DIR":0,"MST":445,"TS":22200}
{"TMP_AVG":24.91,"PRS":1004.265,"ALT":0.354065,"AX":-0.258574,"AY":0.932542,"AZ":10.04368,"GX":0.016188,"GY":0.024515,"GZ":0.026513,"LAT":0,"LNG":0,"GPS_ALT":0,"SAT":0,"SPD":0,"DIR":0,"MST":445,"TS":22699}
{"TMP_AVG":24.91,"PRS":1004.274,"ALT":0.272156,"AX":-0.192733,"AY":0.918176,"AZ":10.01016,"GX":0.017453,"GY":0.030377,"GZ":0.030643,"LAT":0,"LNG":0,"GPS_ALT":0,"SAT":0,"SPD":0,"DIR":0,"MST":445,"TS":23200}
{"TMP_AVG":24.91,"PRS":1004.267,"ALT":0.330284,"AX":-0.154426,"AY":0.939724,"AZ":10.03769,"GX":0.01692,"GY":0.039103,"GZ":0.028445,"LAT":0,"LNG":0,"GPS_ALT":0,"SAT":0,"SPD":0,"DIR":0,"MST":445,"TS":23698}
{"TMP_AVG":24.9,"PRS":1004.295,"ALT":0.100403,"AX":-0.172383,"AY":0.936133,"AZ":10.06163,"GX":0.012857,"GY":0.038637,"GZ":0.03031,"LAT":0,"LNG":0,"GPS_ALT":0,"SAT":0,"SPD":0,"DIR":0,"MST":445,"TS":24201}
{"TMP_AVG":24.9,"PRS":1004.277,"ALT":0.245735,"AX":-0.17358,"AY":0.925359,"AZ":10.04727,"GX":0.015788,"GY":0.03917,"GZ":0.028378,"LAT":0,"LNG":0,"GPS_ALT":0,"SAT":0,"SPD":0,"DIR":0,"MST":445,"TS":24698}
{"TMP_AVG":24.88,"PRS":1004.304,"ALT":0.021141,"AX":-0.161609,"AY":0.931345,"AZ":10.06044,"GX":0.015655,"GY":0.036639,"GZ":0.028645,"LAT":0,"LNG":0,"GPS_ALT":0,"SAT":0,"SPD":0,"DIR":0,"MST":445,"TS":25200}
{"TMP_AVG":24.87,"PRS":1004.299,"ALT":0.068703,"AX":-0.183156,"AY":0.950498,"AZ":9.977835,"GX":0.011325,"GY":0.040902,"GZ":0.026846,"LAT":0,"LNG":0,"GPS_ALT":0,"SAT":0,"SPD":0,"DIR":0,"MST":445,"TS":25737,"MSG":"test"}
{"TMP_AVG":24.87,"PRS":1004.29,"ALT":0.142685,"AX":-0.117316,"AY":0.936133,"AZ":9.93474,"GX":0.013856,"GY":0.040036,"GZ":0.026047,"LAT":0,"LNG":0,"GPS_ALT":0,"SAT":0,"SPD":0,"DIR":0,"MST":445,"TS":26201}
{"TMP_AVG":24.86,"PRS":1004.306,"ALT":0.00264,"AX":-0.183156,"AY":0.936133,"AZ":10.08797,"GX":0.018186,"GY":0.029977,"GZ":0.025913,"LAT":0,"LNG":0,"GPS_ALT":0,"SAT":0,"SPD":0,"DIR":0,"MST":445,"TS":26754,"MSG":"test"}
{"TMP_AVG":24.85,"PRS":1004.286,"ALT":0.171745,"AX":-0.17358,"AY":0.9086,"AZ":10.0736,"GX":0.016721,"GY":0.032175,"GZ":0.026979,"LAT":0,"LNG":0,"GPS_ALT":0,"SAT":0,"SPD":0,"DIR":0,"MST":445,"TS":27200}
{"TMP_AVG":24.84,"PRS":1004.267,"ALT":0.330284,"AX":-0.114922,"AY":0.933739,"AZ":10.00178,"GX":0.015455,"GY":0.039103,"GZ":0.028445,"LAT":0,"LNG":0,"GPS_ALT":0,"SAT":0,"SPD":0,"DIR":0,"MST":445,"TS":27783,"MSG":"test"}
{"TMP_AVG":24.84,"PRS":1004.304,"ALT":0.021141,"AX":-0.178368,"AY":0.922965,"AZ":10.03649,"GX":0.014123,"GY":0.036838,"GZ":0.029111,"LAT":0,"LNG":0,"GPS_ALT":0,"SAT":0,"SPD":0,"DIR":0,"MST":445,"TS":28200}
{"TMP_AVG":24.84,"PRS":1004.27,"ALT":0.303864,"AX":-0.174777,"AY":0.943316,"AZ":10.01614,"GX":0.016321,"GY":0.037038,"GZ":0.029244,"LAT":0,"LNG":0,"GPS_ALT":0,"SAT":0,"SPD":0,"DIR":0,"MST":445,"TS":28802}
{"TMP_AVG":24.84,"PRS":1004.27,"ALT":0.303864,"AX":-0.138864,"AY":0.920571,"AZ":10.00896,"GX":0.017453,"GY":0.036838,"GZ":0.027645,"LAT":0,"LNG":0,"GPS_ALT":0,"SAT":0,"SPD":0,"DIR":0,"MST":445,"TS":29200}
{"TMP_AVG":24.84,"PRS":1004.284,"ALT":0.256302,"AX":-0.131681,"AY":0.919373,"AZ":9.993399,"GX":0.014389,"GY":0.042034,"GZ":0.027246,"LAT":0,"LNG":0,"GPS_ALT":0,"SAT":0,"SPD":0,"DIR":0,"MST":445,"TS":29831}
{"TMP_AVG":24.84,"PRS":1004.279,"ALT":0.232521,"AX":-0.171185,"AY":0.921768,"AZ":10.10233,"GX":0.015322,"GY":0.040302,"GZ":0.027312,"LAT":0,"LNG":0,"GPS_ALT":0,"SAT":0,"SPD":0,"DIR":0,"MST":445,"TS":30200}
{"TMP_AVG":24.83,"PRS":1004.283,"ALT":0.195526,"AX":-0.143652,"AY":0.92895,"AZ":10.07121,"GX":0.014123,"GY":0.036505,"GZ":0.031043,"LAT":0,"LNG":0,"GPS_ALT":0,"SAT":0,"SPD":0,"DIR":0,"MST":445,"TS":30841}
{"TMP_AVG":24.83,"PRS":1004.291,"ALT":0.129471,"AX":-0.166397,"AY":0.92895,"AZ":10.0329,"GX":0.015388,"GY":0.03917,"GZ":0.028511,"LAT":0,"LNG":0,"GPS_ALT":0,"SAT":0,"SPD":0,"DIR":0,"MST":445,"TS":31201}
{"TMP_AVG":24.83,"PRS":1004.268,"ALT":0.110977,"AX":-0.150835,"AY":0.92895,"AZ":10.01135,"GX":0.018119,"GY":0.037638,"GZ":0.027113,"LAT":0,"LNG":0,"GPS_ALT":0,"SAT":0,"SPD":0,"DIR":0,"MST":445,"TS":31843}
{"TMP_AVG":24.84,"PRS":1004.293,"ALT":0.110977,"AX":-0.143652,"AY":0.955287,"AZ":9.980229,"GX":0.016321,"GY":0.037838,"GZ":0.026913,"LAT":0,"LNG":0,"GPS_ALT":0,"SAT":0,"SPD":0,"DIR":0,"MST":445,"TS":32201}
{"TMP_AVG":24.83,"PRS":1004.283,"ALT":0.195526,"AX":-0.159214,"AY":0.926556,"AZ":10.02931,"GX":0.015521,"GY":0.034574,"GZ":0.028911,"LAT":0,"LNG":0,"GPS_ALT":0,"SAT":0,"SPD":0,"DIR":0,"MST":445,"TS":32845}
{"TMP_AVG":24.84,"PRS":1004.313,"ALT":-0.055489,"AX":-0.190339,"AY":0.920571,"AZ":10.04966,"GX":0.016854,"GY":0.037971,"GZ":0.026846,"LAT":0,"LNG":0,"GPS_ALT":0,"SAT":0,"SPD":0,"DIR":0,"MST":445,"TS":33203}
{"TMP_AVG":24.83,"PRS":1004.26,"ALT":0.443901,"AX":-0.178368,"AY":0.927753,"AZ":10.09395,"GX":0.015188,"GY":0.035906,"GZ":0.027379,"LAT":0,"LNG":0,"GPS_ALT":0,"SAT":0,"SPD":0,"DIR":0,"MST":445,"TS":33849}
{"TMP_AVG":24.84,"PRS":1004.284,"ALT":0.190247,"AX":-0.150835,"AY":0.920571,"AZ":10.05924,"GX":0.014722,"GY":0.034773,"GZ":0.02658,"LAT":0,"LNG":0,"GPS_ALT":0,"SAT":0,"SPD":0,"DIR":0,"MST":445,"TS":34202}
{"TMP_AVG":24.84,"PRS":1004.288,"ALT":0.158539,"AX":-0.147243,"AY":0.909797,"AZ":10.05086,"GX":0.014655,"GY":0.037838,"GZ":0.026713,"LAT":0,"LNG":0,"GPS_ALT":0,"SAT":0,"SPD":0,"DIR":0,"MST":445,"TS":34846,"MSG":"test"}
{"TMP_AVG":24.83,"PRS":1004.301,"ALT":0.044922,"AX":-0.150835,"AY":0.920571,"AZ":10.02692,"GX":0.014456,"GY":0.037771,"GZ":0.025647,"LAT":0,"LNG":0,"GPS_ALT":0,"SAT":0,"SPD":0,"DIR":0,"MST":445,"TS":35204}
{"TMP_AVG":24.84,"PRS":1004.322,"ALT":-0.129471,"AX":-0.148441,"AY":0.924162,"AZ":10.09276,"GX":0.015855,"GY":0.036372,"GZ":0.026779,"LAT":0,"LNG":0,"GPS_ALT":0,"SAT":0,"SPD":0,"DIR":0,"MST":445,"TS":35845}
{"TMP_AVG":24.83,"PRS":1004.279,"ALT":0.021141,"AX":-0.15682,"AY":0.907402,"AZ":10.04607,"GX":0.013257,"GY":0.040702,"GZ":0.028378,"LAT":0,"LNG":0,"GPS_ALT":0,"SAT":0,"SPD":0,"DIR":0,"MST":445,"TS":36205}
{"TMP_AVG":24.83,"PRS":1004.291,"ALT":0.132111,"AX":-0.167594,"AY":0.907402,"AZ":10.05684,"GX":0.017587,"GY":0.033441,"GZ":0.027312,"LAT":0,"LNG":0,"GPS_ALT":0,"SAT":0,"SPD":0,"DIR":0,"MST":445,"TS":36842}
{"TMP_AVG":24.82,"PRS":1004.283,"ALT":0.200813,"AX":-0.132878,"AY":0.920571,"AZ":10.04966,"GX":0.015055,"GY":0.037704,"GZ":0.025647,"LAT":0,"LNG":0,"GPS_ALT":0,"SAT":0,"SPD":0,"DIR":0,"MST":445,"TS":37207}
{"TMP_AVG":24.82,"PRS":1004.266,"ALT":0.338211,"AX":-0.126893,"AY":0.950498,"AZ":9.994595,"GX":0.016521,"GY":0.03917,"GZ":0.026779,"LAT":0,"LNG":0,"GPS_ALT":0,"SAT":0,"SPD":0,"DIR":0,"MST":445,"TS":37840,"MSG":"test"}
{"TMP_AVG":24.82,"PRS":1004.264,"ALT":0.354065,"AX":-0.138864,"AY":0.910994,"AZ":10.1155,"GX":0.015455,"GY":0.036838,"GZ":0.025913,"LAT":0,"LNG":0,"GPS_ALT":0,"SAT":0,"SPD":0,"DIR":0,"MST":445,"TS":38207}
{"TMP_AVG":24.81,"PRS":1004.26,"ALT":0.369919,"AX":-0.120907,"AY":0.944513,"AZ":10.02692,"GX":0.016254,"GY":0.036639,"GZ":0.029711,"LAT":0,"LNG":0,"GPS_ALT":0,"SAT":0,"SPD":0,"DIR":0,"MST":445,"TS":38839}
{"TMP_AVG":24.81,"PRS":1004.279,"ALT":0.232521,"AX":-0.161609,"AY":0.961272,"AZ":10.01614,"GX":0.017853,"GY":0.037305,"GZ":0.028511,"LAT":0,"LNG":0,"GPS_ALT":0,"SAT":0,"SPD":0,"DIR":0,"MST":445,"TS":39207}
{"TMP_AVG":24.81,"PRS":1004.274,"ALT":0.269516,"AX":-0.185551,"AY":0.931345,"AZ":10.04248,"GX":0.01792,"GY":0.037238,"GZ":0.02658,"LAT":0,"LNG":0,"GPS_ALT":0,"SAT":0,"SPD":0,"DIR":0,"MST":445,"TS":39838}
{"TMP_AVG":24.81,"PRS":1004.292,"ALT":0.124184,"AX":-0.149638,"AY":0.948104,"AZ":10.06283,"GX":0.016654,"GY":0.03424,"GZ":0.02991,"LAT":0,"LNG":0,"GPS_ALT":0,"SAT":0,"SPD":0,"DIR":0,"MST":445,"TS":40208}
{"TMP_AVG":24.82,"PRS":1004.287,"ALT":0.338211,"AX":-0.169988,"AY":0.918176,"AZ":10.05924,"GX":0.015322,"GY":0.032775,"GZ":0.028711,"LAT":0,"LNG":0,"GPS_ALT":0,"SAT":0,"SPD":0,"DIR":0,"MST":445,"TS":40835}
{"TMP_AVG":24.82,"PRS":1004.287,"ALT":0.163818,"AX":-0.175974,"AY":0.926556,"AZ":10.06642,"GX":0.015788,"GY":0.036172,"GZ":0.029377,"LAT":0,"LNG":0,"GPS_ALT":0,"SAT":0,"SPD":0,"DIR":0,"MST":445,"TS":41209}
{"TMP_AVG":24.83,"PRS":1004.278,"ALT":0.235161,"AX":-0.005986,"AY":0.907402,"AZ":10.08917,"GX":0.01792,"GY":0.025447,"GZ":0.025381,"LAT":0,"LNG":0,"GPS_ALT":0,"SAT":0,"SPD":0,"DIR":0,"MST":445,"TS":41840}
{"TMP_AVG":24.82,"PRS":1004.298,"ALT":0.071342,"AX":-0.019154,"AY":0.890643,"AZ":9.832987,"GX":0.011525,"GY":0.013789,"GZ":0.02658,"LAT":0,"LNG":0,"GPS_ALT":0,"SAT":0,"SPD":0,"DIR":0,"MST":445,"TS":42210}
{"TMP_AVG":24.82,"PRS":1004.291,"ALT":0.129471,"AX":-0.178368,"AY":0.808043,"AZ":9.957485,"GX":0.02165,"GY":0.036106,"GZ":0.029977,"LAT":0,"LNG":0,"GPS_ALT":0,"SAT":0,"SPD":0,"DIR":0,"MST":445,"TS":42832}
{"TMP_AVG":24.83,"PRS":1004.287,"ALT":0.166466,"AX":-0.148441,"AY":0.879869,"AZ":10.08438,"GX":0.01772,"GY":0.027979,"GZ":0.030044,"LAT":0,"LNG":0,"GPS_ALT":0,"SAT":0,"SPD":0,"DIR":0,"MST":445,"TS":43210}
{"TMP_AVG":24.83,"PRS":1004.318,"ALT":-0.026421,"AX":-0.205901,"AY":0.864307,"AZ":10.08558,"GX":0.015588,"GY":0.037771,"GZ":0.027312,"LAT":0,"LNG":0,"GPS_ALT":0,"SAT":0,"SPD":0,"DIR":0,"MST":445,"TS":43830}
{"TMP_AVG":24.81,"PRS":1004.279,"ALT":0.227234,"AX":0.02873,"AY":1.388637,"AZ":10.15022,"GX":0.045099,"GY":0.040636,"GZ":0.105652,"LAT":0,"LNG":0,"GPS_ALT":0,"SAT":0,"SPD":0,"DIR":0,"MST":445,"TS":44211}
{"TMP_AVG":24.81,"PRS":1004.29,"ALT":0.140038,"AX":-0.12809,"AY":0.841562,"AZ":10.03649,"GX":0.014989,"GY":0.042701,"GZ":0.03051,"LAT":0,"LNG":0,"GPS_ALT":0,"SAT":0,"SPD":0,"DIR":0,"MST":445,"TS":44829}
{"TMP_AVG":24.8,"PRS":1004.254,"ALT":0.443901,"AX":-0.179565,"AY":0.812831,"AZ":10.06403,"GX":0.014189,"GY":0.034507,"GZ":0.027246,"LAT":0,"LNG":0,"GPS_ALT":0,"SAT":0,"SPD":0,"DIR":0,"MST":445,"TS":45211}
{"TMP_AVG":24.81,"PRS":1004.301,"ALT":0.031708,"AX":-0.216675,"AY":0.859518,"AZ":10.07959,"GX":0.014389,"GY":0.036572,"GZ":0.028511,"LAT":0,"LNG":0,"GPS_ALT":0,"SAT":0,"SPD":0,"DIR":0,"MST":445,"TS":45827}
{"TMP_AVG":24.81,"PRS":1004.304,"ALT":0.021141,"AX":-0.189142,"AY":0.843956,"AZ":10.0353,"GX":0.016054,"GY":0.032642,"GZ":0.026513,"LAT":0,"LNG":0,"GPS_ALT":0,"SAT":0,"SPD":0,"DIR":0,"MST":445,"TS":46212}
{"TMP_AVG":24.82,"PRS":1004.283,"ALT":0.195526,"AX":-0.178368,"AY":0.836774,"AZ":10.08198,"GX":0.018119,"GY":0.038437,"GZ":0.027779,"LAT":0,"LNG":0,"GPS_ALT":0,"SAT":0,"SPD":0,"DIR":0,"MST":445,"TS":46824}
{"TMP_AVG":24.82,"PRS":1004.267,"ALT":0.332924,"AX":-0.164003,"AY":0.870292,"AZ":10.01495,"GX":0.014722,"GY":0.035972,"GZ":0.028445,"LAT":0,"LNG":0,"GPS_ALT":0,"SAT":0,"SPD":0,"DIR":0,"MST":445,"TS":47212}
{"TMP_AVG":24.81,"PRS":1004.293,"ALT":0.116257,"AX":-0.189142,"AY":0.865504,"AZ":10.05924,"GX":0.013523,"GY":0.036572,"GZ":0.031176,"LAT":0,"LNG":0,"GPS_ALT":0,"SAT":0,"SPD":0,"DIR":0,"MST":445,"TS":47822}
{"TMP_AVG":24.82,"PRS":1004.305,"ALT":0.013214,"AX":-0.174777,"AY":0.833182,"AZ":10.05924,"GX":0.016787,"GY":0.033641,"GZ":0.03011,"LAT":0,"LNG":0,"GPS_ALT":0,"SAT":0,"SPD":0,"DIR":0,"MST":445,"TS":48211}
{"TMP_AVG":24.8,"PRS":1004.307,"ALT":-0.00264,"AX":-0.178368,"AY":0.859518,"AZ":10.04727,"GX":0.015588,"GY":0.039303,"GZ":0.03011,"LAT":0,"LNG":0,"GPS_ALT":0,"SAT":0,"SPD":0,"DIR":0,"MST":445,"TS":48821}
{"TMP_AVG":24.8,"PRS":1004.278,"ALT":0.243088,"AX":-0.175974,"AY":0.81762,"AZ":10.01255,"GX":0.018652,"GY":0.036572,"GZ":0.026913,"LAT":0,"LNG":0,"GPS_ALT":0,"SAT":0,"SPD":0,"DIR":0,"MST":445,"TS":49213}
{"TMP_AVG":24.79,"PRS":1004.3,"ALT":0.058128,"AX":-0.177171,"AY":0.873884,"AZ":10.06283,"GX":0.016587,"GY":0.038637,"GZ":0.028112,"LAT":0,"LNG":0,"GPS_ALT":0,"SAT":0,"SPD":0,"DIR":0,"MST":445,"TS":49827}
{"TMP_AVG":24.78,"PRS":1004.294,"ALT":0.10305,"AX":-0.183156,"AY":0.818817,"AZ":10.02931,"GX":0.018053,"GY":0.040569,"GZ":0.028645,"LAT":0,"LNG":0,"GPS_ALT":0,"SAT":0,"SPD":0,"DIR":0,"MST":445,"TS":50213}
{"TMP_AVG":24.78,"PRS":1004.291,"ALT":0.169106,"AX":-0.166397,"AY":0.818817,"AZ":10.00178,"GX":0.016721,"GY":0.040969,"GZ":0.029577,"LAT":0,"LNG":0,"GPS_ALT":0,"SAT":0,"SPD":0,"DIR":0,"MST":445,"TS":50819}
{"TMP_AVG":24.77,"PRS":1004.258,"ALT":0.404266,"AX":-0.208296,"AY":0.84635,"AZ":10.01016,"GX":0.016321,"GY":0.038371,"GZ":0.026913,"LAT":0,"LNG":0,"GPS_ALT":0,"SAT":0,"SPD":0,"DIR":0,"MST":445,"TS":51215}
{"TMP_AVG":24.77,"PRS":1004.255,"ALT":0.433334,"AX":-0.186748,"AY":0.824803,"AZ":10.06163,"GX":0.015988,"GY":0.040302,"GZ":0.028245,"LAT":0,"LNG":0,"GPS_ALT":0,"SAT":0,"SPD":0,"DIR":0,"MST":445,"TS":51817}
{"TMP_AVG":24.77,"PRS":1004.247,"ALT":0.502029,"AX":-0.169988,"AY":0.820014,"AZ":10.01375,"GX":0.017253,"GY":0.036972,"GZ":0.028778,"LAT":0,"LNG":0,"GPS_ALT":0,"SAT":0,"SPD":0,"DIR":0,"MST":445,"TS":52216}
{"TMP_AVG":24.78,"PRS":1004.276,"ALT":0.237808,"AX":-0.179565,"AY":0.830788,"AZ":9.973047,"GX":0.019052,"GY":0.036439,"GZ":0.027845,"LAT":0,"LNG":0,"GPS_ALT":0,"SAT":0,"SPD":0,"DIR":0,"MST":445,"TS":52816}
{"TMP_AVG":24.77,"PRS":1004.269,"ALT":0.31443,"AX":-0.155623,"AY":0.839168,"AZ":10.04248,"GX":0.019052,"GY":0.037971,"GZ":0.027179,"LAT":0,"LNG":0,"GPS_ALT":0,"SAT":0,"SPD":0,"DIR":0,"MST":445,"TS":53216}
{"TMP_AVG":24.78,"PRS":1004.269,"ALT":0.31707,"AX":-0.195127,"AY":0.827197,"AZ":10.07121,"GX":0.013789,"GY":0.038637,"GZ":0.026979,"LAT":0,"LNG":0,"GPS_ALT":0,"SAT":0,"SPD":0,"DIR":0,"MST":445,"TS":53813}
{"TMP_AVG":24.78,"PRS":1004.288,"ALT":0.158539,"AX":-0.171185,"AY":0.837971,"AZ":10.08917,"GX":0.018919,"GY":0.038704,"GZ":0.026713,"LAT":0,"LNG":0,"GPS_ALT":0,"SAT":0,"SPD":0,"DIR":0,"MST":445,"TS":54215}
{"TMP_AVG":24.78,"PRS":1004.257,"ALT":0.412193,"AX":-0.183156,"AY":0.839168,"AZ":9.995792,"GX":0.014722,"GY":0.042168,"GZ":0.026113,"LAT":0,"LNG":0,"GPS_ALT":0,"SAT":0,"SPD":0,"DIR":0,"MST":445,"TS":54811}
{"TMP_AVG":24.78,"PRS":1004.285,"ALT":0.18232,"AX":-0.187945,"AY":0.816423,"AZ":10.02811,"GX":0.013523,"GY":0.037971,"GZ":0.028378,"LAT":0,"LNG":0,"GPS_ALT":0,"SAT":0,"SPD":0,"DIR":0,"MST":445,"TS":55216}
{"TMP_AVG":24.78,"PRS":1004.295,"ALT":0.261589,"AX":-0.149638,"AY":0.812832,"AZ":10.0341,"GX":0.012657,"GY":0.039903,"GZ":0.025913,"LAT":0,"LNG":0,"GPS_ALT":0,"SAT":0,"SPD":0,"DIR":0,"MST":445,"TS":55810}
{"TMP_AVG":24.77,"PRS":1004.268,"ALT":0.327644,"AX":-0.168791,"AY":0.842759,"AZ":10.03171,"GX":0.017453,"GY":0.036972,"GZ":0.028178,"LAT":0,"LNG":0,"GPS_ALT":0,"SAT":0,"SPD":0,"DIR":0,"MST":445,"TS":56216}
{"TMP_AVG":24.78,"PRS":1004.284,"ALT":0.192886,"AX":-0.186748,"AY":0.836774,"AZ":10.08079,"GX":0.014322,"GY":0.039237,"GZ":0.025047,"LAT":0,"LNG":0,"GPS_ALT":0,"SAT":0,"SPD":0,"DIR":0,"MST":445,"TS":56808}
{"TMP_AVG":24.79,"PRS":1004.264,"ALT":0.277435,"AX":-0.174777,"AY":0.843956,"AZ":10.06044,"GX":0.016987,"GY":0.039703,"GZ":0.025447,"LAT":0,"LNG":0,"GPS_ALT":0,"SAT":0,"SPD":0,"DIR":0,"MST":445,"TS":57216}
{"TMP_AVG":24.79,"PRS":1004.282,"ALT":0.2061,"AX":-0.184354,"AY":0.85473,"AZ":10.04607,"GX":0.016387,"GY":0.038237,"GZ":0.028778,"LAT":0,"LNG":0,"GPS_ALT":0,"SAT":0,"SPD":0,"DIR":0,"MST":445,"TS":57805}
{"TMP_AVG":24.79,"PRS":1004.27,"ALT":0.303864,"AX":-0.159214,"AY":0.837971,"AZ":10.05565,"GX":0.017853,"GY":0.040169,"GZ":0.025447,"LAT":0,"LNG":0,"GPS_ALT":0,"SAT":0,"SPD":0,"DIR":0,"MST":445,"TS":58215}
{"TMP_AVG":24.79,"PRS":1004.28,"ALT":0.258942,"AX":-0.196325,"AY":0.799663,"AZ":10.03769,"GX":0.014789,"GY":0.036372,"GZ":0.026513,"LAT":0,"LNG":0,"GPS_ALT":0,"SAT":0,"SPD":0,"DIR":0,"MST":445,"TS":58812}
{"TMP_AVG":24.79,"PRS":1004.237,"ALT":0.581299,"AX":-0.155623,"AY":0.835576,"AZ":10.06283,"GX":0.013989,"GY":0.036572,"GZ":0.026846,"LAT":0,"LNG":0,"GPS_ALT":0,"SAT":0,"SPD":0,"DIR":0,"MST":445,"TS":59216}
{"TMP_AVG":24.8,"PRS":1004.287,"ALT":0.161179,"AX":-0.19393,"AY":0.837971,"AZ":10.04128,"GX":0.019585,"GY":0.037238,"GZ":0.028245,"LAT":0,"LNG":0,"GPS_ALT":0,"SAT":0,"SPD":0,"DIR":0,"MST":445,"TS":59803}
{"TMP_AVG":24.8,"PRS":1004.272,"ALT":0.293289,"AX":-0.183156,"AY":0.834379,"AZ":10.06163,"GX":0.014256,"GY":0.037571,"GZ":0.025847,"LAT":0,"LNG":0,"GPS_ALT":0,"SAT":0,"SPD":0,"DIR":0,"MST":445,"TS":60217}
