{}
{}
{}
{}
{}
{}
{}
{}
{}
{}
{}
{}
{}
{}
{}
{}
{}
{}
{}
{}
{}
{}
{}
{}
{}
{}
{}
{}
{}
{}
{}
{}
{}
{}
{}
{}
{}
{}
{}
{}
{}
{}
{}
{}
{}
{}
{}
{}
{}
{}
{}
{}
{}
{}
{}
{}
{}
{}
{}
{}
{}
{}
{}
{}
{}
{}
{}
{}
{}
{}
{}
{}
{}
{}
{}
{}
{}
{}
{}
{}
{}
{}
{}
{}
{}
{}
{}
{}
{}
{}
{}
{}
{}
{}
{}
{"MSG": "test"}
{}
{}
{}
{}
{}
{}
{}
{}
{}
{}
{}
{}
{}
{}
{}
{}
{}
{}
{}
{}
{}
{}
{}
{}
{}
{}
{}
{}
{}
{}
{}
{}
{}
{}
{}
{}
{}
{}
{}
{}
{}
{}
{}
{}
{}
{}
{}
{}
{}
{}
{}
{}
{}
{}
{}
{}
{}
{}
{}
{}
{}
{}
{}
{}
{}
{}
{"TMP_AVG":25.17,"PRS":1004.23,"ALT":0.642075,"AX":0.026336,"AY":0.93733,"AZ":10.16339,"GX":0.124704,"GY":-0.359658,"GZ":-0.232688,"LAT":0,"LNG":0,"GPS_ALT":0,"SAT":0,"SPD":0,"DIR":0,"MST":445,"TS":252946}
{"TMP_AVG":25.18,"PRS":1004.253,"ALT":0.454468,"AX":0.058658,"AY":0.884658,"AZ":10.08198,"GX":-0.020851,"GY":0.049229,"GZ":0.028978,"LAT":0,"LNG":0,"GPS_ALT":0,"SAT":0,"SPD":0,"DIR":0,"MST":445,"TS":253448}
{"TMP_AVG":25.18,"PRS":1004.213,"ALT":0.787399,"AX":0.161609,"AY":0.897826,"AZ":10.01734,"GX":0.00826,"GY":0.033708,"GZ":0.025447,"LAT":0,"LNG":0,"GPS_ALT":0,"SAT":0,"SPD":0,"DIR":0,"MST":445,"TS":253945}
{"TMP_AVG":25.2,"PRS":1004.241,"ALT":0.546951,"AX":0.005986,"AY":0.839168,"AZ":10.04008,"GX":0.025047,"GY":0.022583,"GZ":0.028511,"LAT":0,"LNG":0,"GPS_ALT":0,"SAT":0,"SPD":0,"DIR":0,"MST":445,"TS":254448}
{"TMP_AVG":25.21,"PRS":1004.221,"ALT":0.716057,"AX":0.235829,"AY":0.756568,"AZ":10.91636,"GX":-0.114712,"GY":-0.097725,"GZ":0.715851,"LAT":0,"LNG":0,"GPS_ALT":0,"SAT":0,"SPD":0,"DIR":0,"MST":445,"TS":254947}
{"TMP_AVG":25.23,n^04.227,"ALT":0.663208,"AX":-0.130484,"AY":0.415394,"AZ":9.969456,"GX":0.007794,"GY":0.03917,"GZ":0.024515,"LAT":0,"LNG":0,"GPS_ALT":0,"SAT":0,"SPD":0,"DIR":0"mSWҢbTS":255449}
{"TMP_AVG":25.23,"PRS":1004.226,"ALT":0.673782,"AX":-0.715866,"AY":0.326809,"AZ":10.47224,"GX":-0.097392,"GY":0.099857,"GZ":0.240349,"LAT":0,"LNG":0,"GPS_ALT":0,"SAT":0,"SPD":0,"DIR":0,"MST":445,"TS":255946}
{"TMP_AVG":25.28,"PRS":1004.227,"ALT":0.663208,"AX":-0.590171,"AY":0.566229,"AZ":10.4866,"GX":0.036039,"GY":0.003198,"GZ":-0.207708,"LAT":0,"LNG":0,"GPS_ALT":0,"SAT":0,"SPD":0,"DIR":0,"MST":445,"TS":256449}
{"TMP_AVG":25.31,"PRS":1004.258,"ALT":0.409554,"AX":-0.183156,"AY":0.562637,"AZ":10.02931,"GX":0.015721,"GY":0.036772,"GZ":0.026247,"LAT":0,"LNG":0,"GPS_ALT":0,"SAT":0,"SPD":0,"DIR":0,"MST":445,"TS":256949}
{"TMP_AVG":25.3,"PRS":1004.244,"ALT":0.52317,"AX":-0.209493,"AY":0.548272,"AZ":10.0736,"GX":0.017587,"GY":0.039903,"GZ":0.023449,"LAT":0,"LNG":0,"GPS_ALT":0,"SAT":0,"SPD":0,"DIR":0,"MST":445,"TS":257449}
{"TMP_AVG":25.3,"PRS":1004.212,"ALT":0.792679,"AX":-0.167594,"AY":0.544681,"AZ":10.05086,"GX":0.01772,"GY":0.038904,"GZ":0.026779,"LAT":0,"LNG":0,"GPS_ALT":0,"SAT":0,"SPD":0,"DIR":0,"MST":445,"TS":257948}
{"TMP_AVG":25.3,"PRS":1004.242,"ALT":0.541664,"AX":-0.208296,"AY":0.54109,"AZ":10.04727,"GX":0.01712,"GY":0.037105,"GZ":0.024714,"LAT":0,"LNG":0,"GPS_ALT":0,"SAT":0,"SPD":0,"DIR":0,"MST":445,"TS":258450}
{"TMP_AVG":25.3,"PRS":1004.23,"ALT":0.642075,"AX":-0.178368,"AY":0.555455,"AZ":10.04368,"GX":0.01792,"GY":0.037971,"GZ":0.026247,"LAT":0,"LNG":0,"GPS_ALT":0,"SAT":0,"SPD":0,"DIR":0,"MST":445,"TS":258948}
{"TMP_AVG":25.3,"PRS":1004.237,"ALT":0.583946,"AX":-0.190339,"AY":0.543484,"AZ":10.03171,"GX":0.017187,"GY":0.037238,"GZ":0.024848,"LAT":0,"LNG":0,"GPS_ALT":0,"SAT":0,"SPD":0,"DIR":0,"MST":445,"TS":259449}
{"TMP_AVG":25.3,"PRS":1004.232,"ALT":0.626221,"AX":-0.185551,"AY":0.535104,"AZ":10.08797,"GX":0.015921,"GY":0.03917,"GZ":0.024781,"LAT":0,"LNG":0,"GPS_ALT":0,"SAT":0,"SPD":0,"DIR":0,"MST":445,"TS":259948}
{"TMP_AVG":25.3,"PRS":1004.222,"ALT":0.71077,"AX":-0.158017,"AY":0.551864,"AZ":10.06522,"GX":0.015521,"GY":0.036572,"GZ":0.028445,"LAT":0,"LNG":0,"GPS_ALT":0,"SAT":0,"SPD":0,"DIR":0,"MST":445,"TS":260450}
{"TMP_AVG":25.3,"PRS":1004.237,"ALT":0.583946,"AX":-0.15682,"AY":0.550666,"AZ":10.09395,"GX":0.019652,"GY":0.039836,"GZ":0.028045,"LAT":0,"LNG":0,"GPS_ALT":0,"SAT":0,"SPD":0,"DIR":0,"MST":445,"TS":260948}
{"TMP_AVG":25.31,"PRS":1004.21,"ALT":0.808533,"AX":-0.180762,"AY":0.574608,"AZ":10.07959,"GX":0.016454,"GY":0.040436,"GZ":0.025447,"LAT":0,"LNG":0,"GPS_ALT":0,"SAT":0,"SPD":0,"DIR":0,"MST":445,"TS":261449}
{"TMP_AVG":25.31,"PRS":1004.231,"ALT":0.6315,"AX":-0.40462,"AY":0.596156,"AZ":10.25676,"GX":0.016987,"GY":-0.036972,"GZ":0.019718,"LAT":0,"LNG":0,"GPS_ALT":0,"SAT":0,"SPD":0,"DIR":0,"MST":445,"TS":261948}
{"TMP_AVG":25.31,"PRS":1004.238,"ALT":0.573372,"AX":-0.195127,"AY":0.53271,"AZ":10.00537,"GX":0.013789,"GY":0.035972,"GZ":0.027379,"LAT":0,"LNG":0,"GPS_ALT":0,"SAT":0,"SPD":0,"DIR":0,"MST":445,"TS":262449}
{"TMP_AVG":25.31,"PRS":1004.231,"ALT":0.6315,"AX":-0.189142,"AY":0.529119,"AZ":10.07241,"GX":0.017054,"GY":0.038171,"GZ":0.024515,"LAT":0,"LNG":0,"GPS_ALT":0,"SAT":0,"SPD":0,"DIR":0,"MST":445,"TS":262947}
{"TMP_AVG":25.3,"PRS":1004.246,"ALT":0.504677,"AX":-0.169988,"AY":0.527921,"AZ":10.04008,"GX":0.017853,"GY":0.039037,"GZ":0.026513,"LAT":0,"LNG":0,"GPS_ALT":0,"SAT":0,"SPD":0,"DIR":0,"MST":445,"TS":263448}
{"TMP_AVG":25.28,"PRS":1004.227,"ALT":0.663208,"AX":-0.183156,"AY":0.556652,"AZ":10.04248,"GX":0.01752,"GY":0.034107,"GZ":0.027712,"LAT":0,"LNG":0,"GPS_ALT":0,"SAT":0,"SPD":0,"DIR":0,"MST":445,"TS":263947}
{"TMP_AVG":25.26,"PRS":1004.223,"ALT":0.702843,"AX":-0.167594,"AY":0.549469,"AZ":10.08198,"GX":0.016054,"GY":0.035773,"GZ":0.026913,"LAT":0,"LNG":0,"GPS_ALT":0,"SAT":0,"SPD":0,"DIR":0,"MST":445,"TS":264449}
{"TMP_AVG":25.25,"PRS":1004.221,"ALT":0.716057,"AX":-0.149638,"AY":0.538695,"AZ":10.05086,"GX":0.016654,"GY":0.040103,"GZ":0.026247,"LAT":0,"LNG":0,"GPS_ALT":0,"SAT":0,"SPD":0,"DIR":0,"MST":445,"TS":264947}
{"TMP_AVG":25.24,"PRS":1004.22,"ALT":0.729271,"AX":-0.147243,"AY":0.539892,"AZ":10.09874,"GX":0.019585,"GY":0.037571,"GZ":0.028645,"LAT":0,"LNG":0,"GPS_ALT":0,"SAT":0,"SPD":0,"DIR":0,"MST":445,"TS":265448}
{"TMP_AVG":25.25,"PRS":1004.233,"ALT":0.615646,"AX":-0.172383,"AY":0.513556,"AZ":10.06163,"GX":0.017187,"GY":0.034907,"GZ":0.023449,"LAT":0,"LNG":0,"GPS_ALT":0,"SAT":0,"SPD":0,"DIR":0,"MST":445,"TS":265947}
{"TMP_AVG":25.25,"PRS":1004.211,"ALT":0.805893,"AX":-0.168791,"AY":0.52433,"AZ":10.03769,"GX":0.020251,"GY":0.039103,"GZ":0.027046,"LAT":0,"LNG":0,"GPS_ALT":0,"SAT":0,"SPD":0,"DIR":0,"MST":445,"TS":266447}
{"TMP_AVG":25.25,"PRS":1004.242,"ALT":0.541664,"AX":-0.161609,"AY":0.535104,"AZ":10.06163,"GX":0.016721,"GY":0.036172,"GZ":0.026513,"LAT":0,"LNG":0,"GPS_ALT":0,"SAT":0,"SPD":0,"DIR":0,"MST":445,"TS":266945}
{"TMP_AVG":25.24,"PRS":1004.208,"ALT":0.824387,"AX":-0.175974,"AY":0.599748,"AZ":10.07121,"GX":0.015255,"GY":0.034374,"GZ":0.024981,"LAT":0,"LNG":0,"GPS_ALT":0,"SAT":0,"SPD":0,"DIR":0,"MST":445,"TS":267448,"MSG":"test"}
{"TMP_AVG":25.24,"PRS":1004.212,"ALT":0.795326,"AX":-0.179565,"AY":0.550666,"AZ":10.05086,"GX":0.016121,"GY":0.036838,"GZ":0.02991,"LAT":0,"LNG":0,"GPS_ALT":0,"SAT":0,"SPD":0,"DIR":0,"MST":445,"TS":267945}
{"TMP_AVG":25.24,"PRS":1004.23,"ALT":0.639427,"AX":-0.211887,"AY":0.556652,"AZ":10.04248,"GX":0.015655,"GY":0.037305,"GZ":0.029644,"LAT":0,"LNG":0,"GPS_ALT":0,"SAT":0,"SPD":0,"DIR":0,"MST":445,"TS":268447}
{"TMP_AVG":25.24,"PRS":1004.247,"ALT":0.49939,"AX":-0.179565,"AY":0.548272,"AZ":10.04966,"GX":0.01772,"GY":0.037704,"GZ":0.026779,"LAT":0,"LNG":0,"GPS_ALT":0,"SAT":0,"SPD":0,"DIR":0,"MST":445,"TS":268946}
{"TMP_AVG":25.23,"PRS":1004.24,"ALT":0.560165,"AX":-0.171185,"AY":0.551864,"AZ":10.09635,"GX":0.014189,"GY":0.039037,"GZ":0.029377,"LAT":0,"LNG":0,"GPS_ALT":0,"SAT":0,"SPD":0,"DIR":0,"MST":445,"TS":269448}
{"TMP_AVG":25.22,"PRS":1004.226,"ALT":0.673782,"AX":-0.174777,"AY":0.537498,"AZ":10.06163,"GX":0.013057,"GY":0.038171,"GZ":0.025114,"LAT":0,"LNG":0,"GPS_ALT":0,"SAT":0,"SPD":0,"DIR":0,"MST":445,"TS":269946}
{"TMP_AVG":25.22,"PRS":1004.211,"ALT":0.805893,"AX":-0.168791,"AY":0.537498,"AZ":10.0736,"GX":0.015588,"GY":0.038637,"GZ":0.025847,"LAT":0,"LNG":0,"GPS_ALT":0,"SAT":0,"SPD":0,"DIR":0,"MST":445,"TS":270448}
{"TMP_AVG":25.21,"PRS":1004.235,"ALT":0.60244,"AX":-0.162806,"AY":0.545878,"AZ":10.09156,"GX":0.018253,"GY":0.031909,"GZ":0.028445,"LAT":0,"LNG":0,"GPS_ALT":0,"SAT":0,"SPD":0,"DIR":0,"MST":445,"TS":270947}
{"TMP_AVG":25.2,"PRS":1004.219,"ALT":0.795326,"AX":-0.179565,"AY":0.548272,"AZ":10.09635,"GX":0.017453,"GY":0.038837,"GZ":0.025647,"LAT":0,"LNG":0,"GPS_ALT":0,"SAT":0,"SPD":0,"DIR":0,"MST":445,"TS":271449}
{"TMP_AVG":25.21,"PRS":1004.208,"ALT":0.824387,"AX":-0.172383,"AY":0.555455,"AZ":10.10593,"GX":0.017653,"GY":0.038371,"GZ":0.024581,"LAT":0,"LNG":0,"GPS_ALT":0,"SAT":0,"SPD":0,"DIR":0,"MST":445,"TS":271946}
{"TMP_AVG":25.22,"PRS":1004.247,"ALT":0.49939,"AX":-0.15682,"AY":0.543484,"AZ":10.1167,"GX":0.015988,"GY":0.039503,"GZ":0.02598,"LAT":0,"LNG":0,"GPS_ALT":0,"SAT":0,"SPD":0,"DIR":0,"MST":445,"TS":272447}
{"TMP_AVG":25.21,"PRS":1004.234,"ALT":0.531097,"AX":-0.185551,"AY":0.568623,"AZ":10.10353,"GX":0.016987,"GY":0.038104,"GZ":0.028312,"LAT":0,"LNG":0,"GPS_ALT":0,"SAT":0,"SPD":0,"DIR":0,"MST":445,"TS":272946}
{"TMP_AVG":25.21,"PRS":1004.218,"ALT":0.742477,"AX":-0.171185,"AY":0.560243,"AZ":10.08198,"GX":0.016654,"GY":0.038171,"GZ":0.028578,"LAT":0,"LNG":0,"GPS_ALT":0,"SAT":0,"SPD":0,"DIR":0,"MST":445,"TS":273447}
{"TMP_AVG":25.2,"PRS":1004.219,"ALT":0.734551,"AX":-0.207098,"AY":0.526724,"AZ":10.04727,"GX":0.014789,"GY":0.037371,"GZ":0.026913,"LAT":0,"LNG":0,"GPS_ALT":0,"SAT":0,"SPD":0,"DIR":0,"MST":445,"TS":273946}
{"TMP_AVG":25.21,"PRS":1004.222,"ALT":0.71077,"AX":-0.167594,"AY":0.547075,"AZ":10.06163,"GX":0.019252,"GY":0.039103,"GZ":0.024981,"LAT":0,"LNG":0,"GPS_ALT":0,"SAT":0,"SPD":0,"DIR":0,"MST":445,"TS":274447}
{"TMP_AVG":25.2,"PRS":1004.246,"ALT":0.512604,"AX":-0.31364,"AY":0.511162,"AZ":10.26634,"GX":0.018253,"GY":0.012724,"GZ":0.024848,"LAT":0,"LNG":0,"GPS_ALT":0,"SAT":0,"SPD":0,"DIR":0,"MST":445,"TS":274947,"MSG":"test"}
{"TMP_AVG":25.2,"PRS":1004.222,"ALT":0.70549,"AX":-0.174777,"AY":0.568623,"AZ":10.02452,"GX":0.017786,"GY":0.03484,"GZ":0.028312,"LAT":0,"LNG":0,"GPS_ALT":0,"SAT":0,"SPD":0,"DIR":0,"MST":445,"TS":275446}
{"TMP_AVG":25.21,"PRS":1004.232,"ALT":0.628861,"AX":-0.140061,"AY":0.525527,"AZ":10.08198,"GX":0.015055,"GY":0.038038,"GZ":0.027046,"LAT":0,"LNG":0,"GPS_ALT":0,"SAT":0,"SPD":0,"DIR":0,"MST":445,"TS":275946}
{"TMP_AVG":25.21,"PRS":1004.198,"ALT":0.908943,"AX":-0.158017,"AY":0.560243,"AZ":10.07241,"GX":0.019851,"GY":0.038371,"GZ":0.02638,"LAT":0,"LNG":0,"GPS_ALT":0,"SAT":0,"SPD":0,"DIR":0,"MST":445,"TS":276447}
{"TMP_AVG":25.2,"PRS":1004.206,"ALT":0.845528,"AX":-0.124498,"AY":0.547075,"AZ":10.00417,"GX":0.018786,"GY":0.056157,"GZ":0.028711,"LAT":0,"LNG":0,"GPS_ALT":0,"SAT":0,"SPD":0,"DIR":0,"MST":445,"TS":276944}
{"TMP_AVG":25.2,"PRS":1004.215,"ALT":0.768906,"AX":-0.222661,"AY":0.519542,"AZ":10.09515,"GX":0.018186,"GY":0.020451,"GZ":0.026313,"LAT":0,"LNG":0,"GPS_ALT":0,"SAT":0,"SPD":0,"DIR":0,"MST":445,"TS":277446}
{"TMP_AVG":25.2,"PRS":1004.218,"ALT":0.745125,"AX":-0.205901,"AY":0.56144,"AZ":10.1574,"GX":0.016454,"GY":0.036705,"GZ":0.028045,"LAT":0,"LNG":0,"GPS_ALT":0,"SAT":0,"SPD":0,"DIR":0,"MST":445,"TS":277945}
{"TMP_AVG":25.2,"PRS":1004.194,"ALT":0.943291,"AX":-0.192733,"AY":0.554258,"AZ":10.06283,"GX":0.017453,"GY":0.036772,"GZ":0.028845,"LAT":0,"LNG":0,"GPS_ALT":0,"SAT":0,"SPD":0,"DIR":0,"MST":445,"TS":278447}
{"TMP_AVG":25.2,"PRS":1004.205,"ALT":0.853455,"AX":-0.177171,"AY":0.556652,"AZ":10.10712,"GX":0.015255,"GY":0.036972,"GZ":0.028045,"LAT":0,"LNG":0,"GPS_ALT":0,"SAT":0,"SPD":0,"DIR":0,"MST":445,"TS":278945}
{"TMP_AVG":25.2,"PRS":1004.216,"ALT":0.758331,"AX":-0.187945,"AY":0.554258,"AZ":10.04966,"GX":0.017453,"GY":0.037238,"GZ":0.028978,"LAT":0,"LNG":0,"GPS_ALT":0,"SAT":0,"SPD":0,"DIR":0,"MST":445,"TS":279446}
{"TMP_AVG":25.2,"PRS":1004.229,"ALT":0.647354,"AX":-0.152032,"AY":0.547075,"AZ":10.10592,"GX":0.015455,"GY":0.040302,"GZ":0.029244,"LAT":0,"LNG":0,"GPS_ALT":0,"SAT":0,"SPD":0,"DIR":0,"MST":445,"TS":279945}
{"TMP_AVG":25.21,"PRS":1004.253,"ALT":0.446541,"AX":-0.195127,"AY":0.562637,"AZ":10.01973,"GX":0.016054,"GY":0.037105,"GZ":0.026779,"LAT":0,"LNG":0,"GPS_ALT":0,"SAT":0,"SPD":0,"DIR":0,"MST":445,"TS":280446}
{"TMP_AVG":25.2,"PRS":1004.212,"ALT":0.795326,"AX":-0.184354,"AY":0.557849,"AZ":10.05445,"GX":0.01692,"GY":0.037305,"GZ":0.027246,"LAT":0,"LNG":0,"GPS_ALT":0,"SAT":0,"SPD":0,"DIR":0,"MST":445,"TS":280944}
{"TMP_AVG":25.19,"PRS":1004.195,"ALT":0.932724,"AX":-0.171185,"AY":0.567426,"AZ":10.03769,"GX":0.017187,"GY":0.037038,"GZ":0.025847,"LAT":0,"LNG":0,"GPS_ALT":0,"SAT":0,"SPD":0,"DIR":0,"MST":445,"TS":281447}
{"TMP_AVG":25.19,"PRS":1004.209,"ALT":0.819107,"AX":-0.184354,"AY":0.573411,"AZ":10.10114,"GX":0.015322,"GY":0.036239,"GZ":0.027446,"LAT":0,"LNG":0,"GPS_ALT":0,"SAT":0,"SPD":0,"DIR":0,"MST":445,"TS":281946}
{"TMP_AVG":25.2,"PRS":1004.216,"ALT":0.729271,"AX":-0.185551,"AY":0.572214,"AZ":10.01255,"GX":0.018319,"GY":0.03977,"GZ":0.027246,"LAT":0,"LNG":0,"GPS_ALT":0,"SAT":0,"SPD":0,"DIR":0,"MST":445,"TS":282447}
{"TMP_AVG":25.2,"PRS":1004.213,"ALT":0.787399,"AX":-0.196325,"AY":0.571017,"AZ":10.07001,"GX":0.015255,"GY":0.036239,"GZ":0.029577,"LAT":0,"LNG":0,"GPS_ALT":0,"SAT":0,"SPD":0,"DIR":0,"MST":445,"TS":282945}
{"TMP_AVG":25.2,"PRS":1004.21,"ALT":0.808533,"AX":-0.186748,"AY":0.545878,"AZ":10.05206,"GX":0.014189,"GY":0.037971,"GZ":0.026779,"LAT":0,"LNG":0,"GPS_ALT":0,"SAT":0,"SPD":0,"DIR":0,"MST":445,"TS":283448}
{"TMP_AVG":25.2,"PRS":1004.237,"ALT":0.650002,"AX":-0.191536,"AY":0.53271,"AZ":10.12029,"GX":0.015655,"GY":0.037438,"GZ":0.028578,"LAT":0,"LNG":0,"GPS_ALT":0,"SAT":0,"SPD":0,"DIR":0,"MST":445,"TS":283945}
{"TMP_AVG":25.2,"PRS":1004.218,"ALT":0.739838,"AX":-0.140061,"AY":0.566229,"AZ":10.05325,"GX":0.014789,"GY":0.035506,"GZ":0.024448,"LAT":0,"LNG":0,"GPS_ALT":0,"SAT":0,"SPD":0,"DIR":0,"MST":445,"TS":284447}
{"TMP_AVG":25.2,"PRS":1004.207,"ALT":0.840241,"AX":-0.181959,"AY":0.527922,"AZ":10.04248,"GX":0.016321,"GY":0.03877,"GZ":0.027779,"LAT":0,"LNG":0,"GPS_ALT":0,"SAT":0,"SPD":0,"DIR":0,"MST":445,"TS":284946}
{"TMP_AVG":25.2,"PRS":1004.23,"ALT":0.644714,"AX":-0.171185,"AY":0.567426,"AZ":10.05445,"GX":0.013323,"GY":0.038637,"GZ":0.028112,"LAT":0,"LNG":0,"GPS_ALT":0,"SAT":0,"SPD":0,"DIR":0,"MST":445,"TS":285447}
{"TMP_AVG":25.2,"PRS":1004.251,"ALT":0.470322,"AX":-0.148441,"AY":0.567426,"AZ":10.09036,"GX":0.015921,"GY":0.038437,"GZ":0.026313,"LAT":0,"LNG":0,"GPS_ALT":0,"SAT":0,"SPD":0,"DIR":0,"MST":445,"TS":285944}
{"TMP_AVG":25.2,"PRS":1004.239,"ALT":0.568092,"AX":-0.167594,"AY":0.529119,"AZ":10.08797,"GX":0.017054,"GY":0.034574,"GZ":0.02558,"LAT":0,"LNG":0,"GPS_ALT":0,"SAT":0,"SPD":0,"DIR":0,"MST":445,"TS":286446}
{"TMP_AVG":25.2,"PRS":1004.245,"ALT":0.512604,"AX":-0.196325,"AY":0.566229,"AZ":10.04128,"GX":0.015988,"GY":0.039969,"GZ":0.029244,"LAT":0,"LNG":0,"GPS_ALT":0,"SAT":0,"SPD":0,"DIR":0,"MST":445,"TS":286945}
{"TMP_AVG":25.21,"PRS":1004.233,"ALT":0.615646,"AX":-0.177171,"AY":0.566229,"AZ":10.08558,"GX":0.01359,"GY":0.040236,"GZ":0.025314,"LAT":0,"LNG":0,"GPS_ALT":0,"SAT":0,"SPD":0,"DIR":0,"MST":445,"TS":287446}
{"TMP_AVG":25.2,"PRS":1004.241,"ALT":0.549591,"AX":-0.196325,"AY":0.548272,"AZ":10.0341,"GX":0.015455,"GY":0.037638,"GZ":0.027579,"LAT":0,"LNG":0,"GPS_ALT":0,"SAT":0,"SPD":0,"DIR":0,"MST":445,"TS":287944}
{"TMP_AVG":25.2,"PRS":1004.241,"ALT":0.549591,"AX":-0.161609,"AY":0.551864,"AZ":10.08558,"GX":0.015588,"GY":0.036772,"GZ":0.029244,"LAT":0,"LNG":0,"GPS_ALT":0,"SAT":0,"SPD":0,"DIR":0,"MST":445,"TS":288447}
{"TMP_AVG":25.21,"PRS":1004.245,"ALT":0.517883,"AX":-0.198719,"AY":0.560243,"AZ":10.06642,"GX":0.016987,"GY":0.038304,"GZ":0.026247,"LAT":0,"LNG":0,"GPS_ALT":0,"SAT":0,"SPD":0,"DIR":0,"MST":445,"TS":288945}
{"TMP_AVG":25.2,"PRS":1004.242,"ALT":0.539024,"AX":-0.15682,"AY":0.56144,"AZ":10.06403,"GX":0.018186,"GY":0.036106,"GZ":0.030243,"LAT":0,"LNG":0,"GPS_ALT":0,"SAT":0,"SPD":0,"DIR":0,"MST":445,"TS":289446}
{"TMP_AVG":25.2,"PRS":1004.234,"ALT":0.610367,"AX":-0.149638,"AY":0.56144,"AZ":10.0748,"GX":0.014522,"GY":0.036838,"GZ":0.02991,"LAT":0,"LNG":0,"GPS_ALT":0,"SAT":0,"SPD":0,"DIR":0,"MST":445,"TS":289945}
{"TMP_AVG":25.2,"PRS":1004.23,"ALT":0.639427,"AX":-0.195127,"AY":0.533907,"AZ":10.03889,"GX":0.015588,"GY":0.032842,"GZ":0.028711,"LAT":0,"LNG":0,"GPS_ALT":0,"SAT":0,"SPD":0,"DIR":0,"MST":445,"TS":290484}
{"TMP_AVG":25.2,"PRS":1004.226,"ALT":0.676422,"AX":-0.174777,"AY":0.566229,"AZ":10.04607,"GX":0.017587,"GY":0.038704,"GZ":0.028978,"LAT":0,"LNG":0,"GPS_ALT":0,"SAT":0,"SPD":0,"DIR":0,"MST":445,"TS":290982}
{"TMP_AVG":25.2,"PRS":1004.266,"ALT":0.338211,"AX":-0.105345,"AY":0.571017,"AZ":10.04846,"GX":0.014855,"GY":0.033574,"GZ":0.027579,"LAT":0,"LNG":0,"GPS_ALT":0,"SAT":0,"SPD":0,"DIR":0,"MST":445,"TS":291483}
{"TMP_AVG":25.2,"PRS":1004.234,"ALT":0.613007,"AX":-0.11133,"AY":0.567426,"AZ":10.04128,"GX":0.016721,"GY":0.039303,"GZ":0.028112,"LAT":0,"LNG":0,"GPS_ALT":0,"SAT":0,"SPD":0,"DIR":0,"MST":445,"TS":291983}
{"TMP_AVG":25.19,"PRS":1004.239,"ALT":0.565445,"AX":-0.197522,"AY":0.545878,"AZ":10.06882,"GX":0.015721,"GY":0.03897,"GZ":0.026846,"LAT":0,"LNG":0,"GPS_ALT":0,"SAT":0,"SPD":0,"DIR":0,"MST":445,"TS":292485}
{"TMP_AVG":25.19,"PRS":1004.209,"ALT":0.81646,"AX":-0.184354,"AY":0.542287,"AZ":9.994595,"GX":0.016054,"GY":0.037305,"GZ":0.028112,"LAT":0,"LNG":0,"GPS_ALT":0,"SAT":0,"SPD":0,"DIR":0,"MST":445,"TS":292982}
{"TMP_AVG":25.19,"PRS":1004.223,"ALT":0.697563,"AX":-0.185551,"AY":0.566229,"AZ":10.04368,"GX":0.017453,"GY":0.037238,"GZ":0.027046,"LAT":0,"LNG":0,"GPS_ALT":0,"SAT":0,"SPD":0,"DIR":0,"MST":445,"TS":293484}
{"TMP_AVG":25.19,"PRS":1004.224,"ALT":0.689636,"AX":-0.197522,"AY":0.577003,"AZ":10.04846,"GX":0.014189,"GY":0.038437,"GZ":0.024781,"LAT":0,"LNG":0,"GPS_ALT":0,"SAT":0,"SPD":0,"DIR":0,"MST":445,"TS":293982}
{"TMP_AVG":25.19,"PRS":1004.249,"ALT":0.486176,"AX":-0.17358,"AY":0.553061,"AZ":10.10114,"GX":0.013856,"GY":0.03857,"GZ":0.026846,"LAT":0,"LNG":0,"GPS_ALT":0,"SAT":0,"SPD":0,"DIR":0,"MST":445,"TS":294483}
{"TMP_AVG":25.19,"PRS":1004.208,"ALT":0.827034,"AX":-0.201113,"AY":0.573411,"AZ":10.04128,"GX":0.014522,"GY":0.036838,"GZ":0.027912,"LAT":0,"LNG":0,"GPS_ALT":0,"SAT":0,"SPD":0,"DIR":0,"MST":445,"TS":294982}
{"TMP_AVG":25.19,"PRS":1004.23,"ALT":0.642075,"AX":-0.199916,"AY":0.553061,"AZ":10.07241,"GX":0.016454,"GY":0.035906,"GZ":0.02658,"LAT":0,"LNG":0,"GPS_ALT":0,"SAT":0,"SPD":0,"DIR":0,"MST":445,"TS":295485}
{"TMP_AVG":25.19,"PRS":1004.235,"ALT":0.517883,"AX":-0.197522,"AY":0.590171,"AZ":10.05445,"GX":0.01712,"GY":0.037038,"GZ":0.028112,"LAT":0,"LNG":0,"GPS_ALT":0,"SAT":0,"SPD":0,"DIR":0,"MST":445,"TS":295984}
{"TMP_AVG":25.18,"PRS":1004.252,"ALT":0.459755,"AX":-0.167594,"AY":0.542287,"AZ":10.05565,"GX":0.016654,"GY":0.039037,"GZ":0.028112,"LAT":0,"LNG":0,"GPS_ALT":0,"SAT":0,"SPD":0,"DIR":0,"MST":445,"TS":296485}
{"TMP_AVG":25.18,"PRS":1004.184,"ALT":1.027847,"AX":-0.199916,"AY":0.554258,"AZ":10.07241,"GX":0.014655,"GY":0.033041,"GZ":0.029577,"LAT":0,"LNG":0,"GPS_ALT":0,"SAT":0,"SPD":0,"DIR":0,"MST":445,"TS":296984}
{"TMP_AVG":25.18,"PRS":1004.232,"ALT":0.623573,"AX":-0.211887,"AY":0.563835,"AZ":10.09874,"GX":0.016121,"GY":0.03877,"GZ":0.02598,"LAT":0,"LNG":0,"GPS_ALT":0,"SAT":0,"SPD":0,"DIR":0,"MST":445,"TS":297486}
{"TMP_AVG":25.19,"PRS":1004.233,"ALT":0.615646,"AX":-0.178368,"AY":0.568623,"AZ":10.02213,"GX":0.01732,"GY":0.037771,"GZ":0.028178,"LAT":0,"LNG":0,"GPS_ALT":0,"SAT":0,"SPD":0,"DIR":0,"MST":445,"TS":297985}
{"TMP_AVG":25.19,"PRS":1004.212,"ALT":0.792679,"AX":-0.204704,"AY":0.573411,"AZ":10.10473,"GX":0.016521,"GY":0.037371,"GZ":0.028245,"LAT":0,"LNG":0,"GPS_ALT":0,"SAT":0,"SPD":0,"DIR":0,"MST":445,"TS":298485}
{"TMP_AVG":25.2,"PRS":1004.255,"ALT":0.433334,"AX":-0.201113,"AY":0.574608,"AZ":10.08318,"GX":0.014989,"GY":0.040835,"GZ":0.028778,"LAT":0,"LNG":0,"GPS_ALT":0,"SAT":0,"SPD":0,"DIR":0,"MST":445,"TS":298984}
{"TMP_AVG":25.2,"PRS":1004.233,"ALT":0.618294,"AX":-0.175974,"AY":0.568623,"AZ":10.05804,"GX":0.014789,"GY":0.03857,"GZ":0.028911,"LAT":0,"LNG":0,"GPS_ALT":0,"SAT":0,"SPD":0,"DIR":0,"MST":445,"TS":299487}
{"TMP_AVG":25.21,"PRS":1004.259,"ALT":0.398987,"AX":-0.174777,"AY":0.545878,"AZ":10.0329,"GX":0.016387,"GY":0.033241,"GZ":0.029311,"LAT":0,"LNG":0,"GPS_ALT":0,"SAT":0,"SPD":0,"DIR":0,"MST":445,"TS":299985}
{"TMP_AVG":25.21,"PRS":1004.244,"ALT":0.52581,"AX":-0.184354,"AY":0.579397,"AZ":10.04368,"GX":0.019185,"GY":0.037505,"GZ":0.027912,"LAT":0,"LNG":0,"GPS_ALT":0,"SAT":0,"SPD":0,"DIR":0,"MST":445,"TS":300487}
{"TMP_AVG":25.21,"PRS":1004.233,"ALT":0.615646,"AX":-0.189142,"AY":0.557849,"AZ":10.04846,"GX":0.015988,"GY":0.037505,"GZ":0.028845,"LAT":0,"LNG":0,"GPS_ALT":0,"SAT":0,"SPD":0,"DIR":0,"MST":445,"TS":300987}
{"TMP_AVG":25.22,"PRS":1004.217,"ALT":0.753052,"AX":-0.17358,"AY":0.549469,"AZ":10.02931,"GX":0.016587,"GY":0.037172,"GZ":0.024648,"LAT":0,"LNG":0,"GPS_ALT":0,"SAT":0,"SPD":0,"DIR":0,"MST":445,"TS":301488}
{"TMP_AVG":25.22,"PRS":1004.239,"ALT":0.570732,"AX":-0.209493,"AY":0.573411,"AZ":10.07121,"GX":0.016587,"GY":0.040369,"GZ":0.03031,"LAT":0,"LNG":0,"GPS_ALT":0,"SAT":0,"SPD":0,"DIR":0,"MST":445,"TS":301986}
{"TMP_AVG":25.21,"PRS":1004.232,"ALT":0.628861,"AX":-0.196325,"AY":0.5782,"AZ":10.10712,"GX":0.014989,"GY":0.03464,"GZ":0.026313,"LAT":0,"LNG":0,"GPS_ALT":0,"SAT":0,"SPD":0,"DIR":0,"MST":445,"TS":302488}
{"TMP_AVG":25.2,"PRS":1004.204,"ALT":0.861382,"AX":-0.167594,"AY":0.549469,"AZ":10.06522,"GX":0.016387,"GY":0.036039,"GZ":0.026979,"LAT":0,"LNG":0,"GPS_ALT":0,"SAT":0,"SPD":0,"DIR":0,"MST":445,"TS":302987}
{"TMP_AVG":25.2,"PRS":1004.17,"ALT":1.149391,"AX":-0.159214,"AY":0.560243,"AZ":10.10832,"GX":0.015122,"GY":0.036239,"GZ":0.029644,"LAT":0,"LNG":0,"GPS_ALT":0,"SAT":0,"SPD":0,"DIR":0,"MST":445,"TS":303488}
{"TMP_AVG":25.21,"PRS":1004.219,"ALT":0.739838,"AX":-0.195127,"AY":0.554258,"AZ":10.08677,"GX":0.015322,"GY":0.038038,"GZ":0.026779,"LAT":0,"LNG":0,"GPS_ALT":0,"SAT":0,"SPD":0,"DIR":0,"MST":445,"TS":303986}
{"TMP_AVG":25.21,"PRS":1004.213,"ALT":0.784752,"AX":-0.185551,"AY":0.559046,"AZ":10.05445,"GX":0.014522,"GY":0.038371,"GZ":0.024581,"LAT":0,"LNG":0,"GPS_ALT":0,"SAT":0,"SPD":0,"DIR":0,"MST":445,"TS":304488}
{"TMP_AVG":25.2,"PRS":1004.211,"ALT":0.803253,"AX":-0.171185,"AY":0.544681,"AZ":10.09874,"GX":0.01712,"GY":0.037105,"GZ":0.027379,"LAT":0,"LNG":0,"GPS_ALT":0,"SAT":0,"SPD":0,"DIR":0,"MST":445,"TS":304987}
{"TMP_AVG":25.2,"PRS":1004.197,"ALT":0.91687,"AX":-0.159214,"AY":0.56144,"AZ":10.08198,"GX":0.015921,"GY":0.035106,"GZ":0.029511,"LAT":0,"LNG":0,"GPS_ALT":0,"SAT":0,"SPD":0,"DIR":0,"MST":445,"TS":305488}
{"TMP_AVG":25.21,"PRS":1004.211,"ALT":0.800606,"AX":-0.215478,"AY":0.547075,"AZ":10.09395,"GX":0.014855,"GY":0.034973,"GZ":0.027246,"LAT":0,"LNG":0,"GPS_ALT":0,"SAT":0,"SPD":0,"DIR":0,"MST":445,"TS":305987}
{"TMP_AVG":25.22,"PRS":1004.222,"ALT":0.70549,"AX":-0.185551,"AY":0.550666,"AZ":10.0748,"GX":0.016054,"GY":0.034773,"GZ":0.024315,"LAT":0,"LNG":0,"GPS_ALT":0,"SAT":0,"SPD":0,"DIR":0,"MST":445,"TS":306490}
{"TMP_AVG":25.22,"PRS":1004.203,"ALT":0.871948,"AX":-0.160412,"AY":0.555455,"AZ":10.02811,"GX":0.013856,"GY":0.036372,"GZ":0.026779,"LAT":0,"LNG":0,"GPS_ALT":0,"SAT":0,"SPD":0,"DIR":0,"MST":445,"TS":306989}
{"TMP_AVG":25.22,"PRS":1004.218,"ALT":0.745125,"AX":-0.189142,"AY":0.557849,"AZ":10.10353,"GX":0.016054,"GY":0.03917,"GZ":0.02558,"LAT":0,"LNG":0,"GPS_ALT":0,"SAT":0,"SPD":0,"DIR":0,"MST":445,"TS":307489}
{"TMP_AVG":25.22,"PRS":1004.227,"ALT":0.668495,"AX":-0.187945,"AY":0.551864,"AZ":10.05684,"GX":0.017453,"GY":0.037838,"GZ":0.028245,"LAT":0,"LNG":0,"GPS_ALT":0,"SAT":0,"SPD":0,"DIR":0,"MST":445,"TS":307988}
{"TMP_AVG":25.22,"PRS":1004.237,"ALT":0.583946,"AX":-0.201113,"AY":0.571017,"AZ":10.01973,"GX":0.016654,"GY":0.035173,"GZ":0.028778,"LAT":0,"LNG":0,"GPS_ALT":0,"SAT":0,"SPD":0,"DIR":0,"MST":445,"TS":308490}
{"TMP_AVG":25.22,"PRS":1004.236,"ALT":0.589226,"AX":-0.172383,"AY":0.549469,"AZ":10.05565,"GX":0.01712,"GY":0.036905,"GZ":0.029244,"LAT":0,"LNG":0,"GPS_ALT":0,"SAT":0,"SPD":0,"DIR":0,"MST":445,"TS":308987}
{"TMP_AVG":25.22,"PRS":1004.24,"ALT":0.560165,"AX":-0.195127,"AY":0.559046,"AZ":10.05804,"GX":0.016587,"GY":0.036439,"GZ":0.028112,"LAT":0,"LNG":0,"GPS_ALT":0,"SAT":0,"SPD":0,"DIR":0,"MST":445,"TS":309490}
{"TMP_AVG":25.23,"PRS":1004.209,"ALT":0.819107,"AX":-0.191536,"AY":0.527921,"AZ":10.07121,"GX":0.017653,"GY":0.037238,"GZ":0.027379,"LAT":0,"LNG":0,"GPS_ALT":0,"SAT":0,"SPD":0,"DIR":0,"MST":445,"TS":309989}
